This is pdfTeX, Version 3.14159265-2.6-1.40.18 (TeX Live 2017/Arch Linux) (preloaded format=pdflatex 2018.3.5)  16 MAY 2018 13:28
entering extended mode
 restricted \write18 enabled.
 file:line:error style messages enabled.
 %&-line parsing enabled.
**\input watch.tex
(./watch.tex (/usr/share/texmf-dist/tex/latex/base/article.cls
Document Class: article 2014/09/29 v1.4h Standard LaTeX document class
(/usr/share/texmf-dist/tex/latex/base/size12.clo
File: size12.clo 2014/09/29 v1.4h Standard LaTeX file (size option)
)
\c@part=\count79
\c@section=\count80
\c@subsection=\count81
\c@subsubsection=\count82
\c@paragraph=\count83
\c@subparagraph=\count84
\c@figure=\count85
\c@table=\count86
\abovecaptionskip=\skip41
\belowcaptionskip=\skip42
\bibindent=\dimen102
)
(/usr/share/texmf-dist/tex/latex/geometry/geometry.sty
Package: geometry 2010/09/12 v5.6 Page Geometry

(/usr/share/texmf-dist/tex/latex/graphics/keyval.sty
Package: keyval 2014/10/28 v1.15 key=value parser (DPC)
\KV@toks@=\toks14
)
(/usr/share/texmf-dist/tex/generic/oberdiek/ifpdf.sty
Package: ifpdf 2017/03/15 v3.2 Provides the ifpdf switch
)
(/usr/share/texmf-dist/tex/generic/oberdiek/ifvtex.sty
Package: ifvtex 2016/05/16 v1.6 Detect VTeX and its facilities (HO)
Package ifvtex Info: VTeX not detected.
)
(/usr/share/texmf-dist/tex/generic/ifxetex/ifxetex.sty
Package: ifxetex 2010/09/12 v0.6 Provides ifxetex conditional
)
\Gm@cnth=\count87
\Gm@cntv=\count88
\c@Gm@tempcnt=\count89
\Gm@bindingoffset=\dimen103
\Gm@wd@mp=\dimen104
\Gm@odd@mp=\dimen105
\Gm@even@mp=\dimen106
\Gm@layoutwidth=\dimen107
\Gm@layoutheight=\dimen108
\Gm@layouthoffset=\dimen109
\Gm@layoutvoffset=\dimen110
\Gm@dimlist=\toks15
)
(/usr/share/texmf-dist/tex/latex/amsmath/amsmath.sty
Package: amsmath 2017/09/02 v2.17a AMS math features
\@mathmargin=\skip43

For additional information on amsmath, use the `?' option.
(/usr/share/texmf-dist/tex/latex/amsmath/amstext.sty
Package: amstext 2000/06/29 v2.01 AMS text

(/usr/share/texmf-dist/tex/latex/amsmath/amsgen.sty
File: amsgen.sty 1999/11/30 v2.0 generic functions
\@emptytoks=\toks16
\ex@=\dimen111
))
(/usr/share/texmf-dist/tex/latex/amsmath/amsbsy.sty
Package: amsbsy 1999/11/29 v1.2d Bold Symbols
\pmbraise@=\dimen112
)
(/usr/share/texmf-dist/tex/latex/amsmath/amsopn.sty
Package: amsopn 2016/03/08 v2.02 operator names
)
\inf@bad=\count90
LaTeX Info: Redefining \frac on input line 213.
\uproot@=\count91
\leftroot@=\count92
LaTeX Info: Redefining \overline on input line 375.
\classnum@=\count93
\DOTSCASE@=\count94
LaTeX Info: Redefining \ldots on input line 472.
LaTeX Info: Redefining \dots on input line 475.
LaTeX Info: Redefining \cdots on input line 596.
\Mathstrutbox@=\box26
\strutbox@=\box27
\big@size=\dimen113
LaTeX Font Info:    Redeclaring font encoding OML on input line 712.
LaTeX Font Info:    Redeclaring font encoding OMS on input line 713.
\macc@depth=\count95
\c@MaxMatrixCols=\count96
\dotsspace@=\muskip10
\c@parentequation=\count97
\dspbrk@lvl=\count98
\tag@help=\toks17
\row@=\count99
\column@=\count100
\maxfields@=\count101
\andhelp@=\toks18
\eqnshift@=\dimen114
\alignsep@=\dimen115
\tagshift@=\dimen116
\tagwidth@=\dimen117
\totwidth@=\dimen118
\lineht@=\dimen119
\@envbody=\toks19
\multlinegap=\skip44
\multlinetaggap=\skip45
\mathdisplay@stack=\toks20
LaTeX Info: Redefining \[ on input line 2817.
LaTeX Info: Redefining \] on input line 2818.
)
(/usr/share/texmf-dist/tex/latex/amsfonts/amsfonts.sty
Package: amsfonts 2013/01/14 v3.01 Basic AMSFonts support
\symAMSa=\mathgroup4
\symAMSb=\mathgroup5
LaTeX Font Info:    Overwriting math alphabet `\mathfrak' in version `bold'
(Font)                  U/euf/m/n --> U/euf/b/n on input line 106.
)
(/usr/share/texmf-dist/tex/latex/graphics/graphicx.sty
Package: graphicx 2017/06/01 v1.1a Enhanced LaTeX Graphics (DPC,SPQR)

(/usr/share/texmf-dist/tex/latex/graphics/graphics.sty
Package: graphics 2017/06/25 v1.2c Standard LaTeX Graphics (DPC,SPQR)

(/usr/share/texmf-dist/tex/latex/graphics/trig.sty
Package: trig 2016/01/03 v1.10 sin cos tan (DPC)
)
(/usr/share/texmf-dist/tex/latex/graphics-cfg/graphics.cfg
File: graphics.cfg 2016/06/04 v1.11 sample graphics configuration
)
Package graphics Info: Driver file: pdftex.def on input line 99.

(/usr/share/texmf-dist/tex/latex/graphics-def/pdftex.def
File: pdftex.def 2018/01/08 v1.0l Graphics/color driver for pdftex
))
\Gin@req@height=\dimen120
\Gin@req@width=\dimen121
)
(/usr/share/texmf-dist/tex/generic/systeme/systeme.sty
(/usr/share/texmf-dist/tex/generic/xstring/xstring.sty
(/usr/share/texmf-dist/tex/generic/xstring/xstring.tex
\@xs@message=\write3
\integerpart=\count102
\decimalpart=\count103
)
Package: xstring 2013/10/13  v1.7c  String manipulations (C Tellechea)
)
(/usr/share/texmf-dist/tex/generic/systeme/systeme.tex
\SYS@systemecode=\toks21
\SYS@systempreamble=\toks22
\SYSeqnum=\count104
)
Package: systeme 2018/01/01 v0.31 Mise en forme de systemes d'equations (CT)
)
(/usr/share/texmf-dist/tex/latex/booktabs/booktabs.sty
Package: booktabs 2016/04/27 v1.618033 publication quality tables
\heavyrulewidth=\dimen122
\lightrulewidth=\dimen123
\cmidrulewidth=\dimen124
\belowrulesep=\dimen125
\belowbottomsep=\dimen126
\aboverulesep=\dimen127
\abovetopsep=\dimen128
\cmidrulesep=\dimen129
\cmidrulekern=\dimen130
\defaultaddspace=\dimen131
\@cmidla=\count105
\@cmidlb=\count106
\@aboverulesep=\dimen132
\@belowrulesep=\dimen133
\@thisruleclass=\count107
\@lastruleclass=\count108
\@thisrulewidth=\dimen134
)
(/usr/share/texmf-dist/tex/latex/graphics/lscape.sty
Package: lscape 2000/10/22 v3.01 Landscape Pages (DPC)
)
(/usr/share/texmf-dist/tex/latex/xcolor/xcolor.sty
Package: xcolor 2016/05/11 v2.12 LaTeX color extensions (UK)

(/usr/share/texmf-dist/tex/latex/graphics-cfg/color.cfg
File: color.cfg 2016/01/02 v1.6 sample color configuration
)
Package xcolor Info: Driver file: pdftex.def on input line 225.

(/usr/share/texmf-dist/tex/latex/colortbl/colortbl.sty
Package: colortbl 2012/02/13 v1.0a Color table columns (DPC)

(/usr/share/texmf-dist/tex/latex/tools/array.sty
Package: array 2016/10/06 v2.4d Tabular extension package (FMi)
\col@sep=\dimen135
\extrarowheight=\dimen136
\NC@list=\toks23
\extratabsurround=\skip46
\backup@length=\skip47
)
\everycr=\toks24
\minrowclearance=\skip48
)
\rownum=\count109
Package xcolor Info: Model `cmy' substituted by `cmy0' on input line 1348.
Package xcolor Info: Model `hsb' substituted by `rgb' on input line 1352.
Package xcolor Info: Model `RGB' extended on input line 1364.
Package xcolor Info: Model `HTML' substituted by `rgb' on input line 1366.
Package xcolor Info: Model `Hsb' substituted by `hsb' on input line 1367.
Package xcolor Info: Model `tHsb' substituted by `hsb' on input line 1368.
Package xcolor Info: Model `HSB' substituted by `hsb' on input line 1369.
Package xcolor Info: Model `Gray' substituted by `gray' on input line 1370.
Package xcolor Info: Model `wave' substituted by `hsb' on input line 1371.
)
(/usr/share/texmf-dist/tex/latex/float/float.sty
Package: float 2001/11/08 v1.3d Float enhancements (AL)
\c@float@type=\count110
\float@exts=\toks25
\float@box=\box28
\@float@everytoks=\toks26
\@floatcapt=\box29
)
(/usr/share/texmf-dist/tex/latex/natbib/natbib.sty
Package: natbib 2010/09/13 8.31b (PWD, AO)
\bibhang=\skip49
\bibsep=\skip50
LaTeX Info: Redefining \cite on input line 694.
\c@NAT@ctr=\count111
)
(/usr/share/texmf-dist/tex/latex/pgf/frontendlayer/tikz.sty
(/usr/share/texmf-dist/tex/latex/pgf/basiclayer/pgf.sty
(/usr/share/texmf-dist/tex/latex/pgf/utilities/pgfrcs.sty
(/usr/share/texmf-dist/tex/generic/pgf/utilities/pgfutil-common.tex
\pgfutil@everybye=\toks27
\pgfutil@tempdima=\dimen137
\pgfutil@tempdimb=\dimen138

(/usr/share/texmf-dist/tex/generic/pgf/utilities/pgfutil-common-lists.tex))
(/usr/share/texmf-dist/tex/generic/pgf/utilities/pgfutil-latex.def
\pgfutil@abb=\box30

(/usr/share/texmf-dist/tex/latex/ms/everyshi.sty
Package: everyshi 2001/05/15 v3.00 EveryShipout Package (MS)
))
(/usr/share/texmf-dist/tex/generic/pgf/utilities/pgfrcs.code.tex
Package: pgfrcs 2015/08/07 v3.0.1a (rcs-revision 1.31)
))
Package: pgf 2015/08/07 v3.0.1a (rcs-revision 1.15)

(/usr/share/texmf-dist/tex/latex/pgf/basiclayer/pgfcore.sty
(/usr/share/texmf-dist/tex/latex/pgf/systemlayer/pgfsys.sty
(/usr/share/texmf-dist/tex/generic/pgf/systemlayer/pgfsys.code.tex
Package: pgfsys 2014/07/09 v3.0.1a (rcs-revision 1.48)

(/usr/share/texmf-dist/tex/generic/pgf/utilities/pgfkeys.code.tex
\pgfkeys@pathtoks=\toks28
\pgfkeys@temptoks=\toks29

(/usr/share/texmf-dist/tex/generic/pgf/utilities/pgfkeysfiltered.code.tex
\pgfkeys@tmptoks=\toks30
))
\pgf@x=\dimen139
\pgf@y=\dimen140
\pgf@xa=\dimen141
\pgf@ya=\dimen142
\pgf@xb=\dimen143
\pgf@yb=\dimen144
\pgf@xc=\dimen145
\pgf@yc=\dimen146
\w@pgf@writea=\write4
\r@pgf@reada=\read1
\c@pgf@counta=\count112
\c@pgf@countb=\count113
\c@pgf@countc=\count114
\c@pgf@countd=\count115
\t@pgf@toka=\toks31
\t@pgf@tokb=\toks32
\t@pgf@tokc=\toks33

(/usr/share/texmf-dist/tex/generic/pgf/systemlayer/pgf.cfg
File: pgf.cfg 2008/05/14  (rcs-revision 1.7)
)
Driver file for pgf: pgfsys-pdftex.def

(/usr/share/texmf-dist/tex/generic/pgf/systemlayer/pgfsys-pdftex.def
File: pgfsys-pdftex.def 2014/10/11  (rcs-revision 1.35)

(/usr/share/texmf-dist/tex/generic/pgf/systemlayer/pgfsys-common-pdf.def
File: pgfsys-common-pdf.def 2013/10/10  (rcs-revision 1.13)
)))
(/usr/share/texmf-dist/tex/generic/pgf/systemlayer/pgfsyssoftpath.code.tex
File: pgfsyssoftpath.code.tex 2013/09/09  (rcs-revision 1.9)
\pgfsyssoftpath@smallbuffer@items=\count116
\pgfsyssoftpath@bigbuffer@items=\count117
)
(/usr/share/texmf-dist/tex/generic/pgf/systemlayer/pgfsysprotocol.code.tex
File: pgfsysprotocol.code.tex 2006/10/16  (rcs-revision 1.4)
))
(/usr/share/texmf-dist/tex/generic/pgf/basiclayer/pgfcore.code.tex
Package: pgfcore 2010/04/11 v3.0.1a (rcs-revision 1.7)

(/usr/share/texmf-dist/tex/generic/pgf/math/pgfmath.code.tex
(/usr/share/texmf-dist/tex/generic/pgf/math/pgfmathcalc.code.tex
(/usr/share/texmf-dist/tex/generic/pgf/math/pgfmathutil.code.tex)
(/usr/share/texmf-dist/tex/generic/pgf/math/pgfmathparser.code.tex
\pgfmath@dimen=\dimen147
\pgfmath@count=\count118
\pgfmath@box=\box31
\pgfmath@toks=\toks34
\pgfmath@stack@operand=\toks35
\pgfmath@stack@operation=\toks36
)
(/usr/share/texmf-dist/tex/generic/pgf/math/pgfmathfunctions.code.tex
(/usr/share/texmf-dist/tex/generic/pgf/math/pgfmathfunctions.basic.code.tex)
(/usr/share/texmf-dist/tex/generic/pgf/math/pgfmathfunctions.trigonometric.code
.tex)
(/usr/share/texmf-dist/tex/generic/pgf/math/pgfmathfunctions.random.code.tex)
(/usr/share/texmf-dist/tex/generic/pgf/math/pgfmathfunctions.comparison.code.te
x) (/usr/share/texmf-dist/tex/generic/pgf/math/pgfmathfunctions.base.code.tex)
(/usr/share/texmf-dist/tex/generic/pgf/math/pgfmathfunctions.round.code.tex)
(/usr/share/texmf-dist/tex/generic/pgf/math/pgfmathfunctions.misc.code.tex)
(/usr/share/texmf-dist/tex/generic/pgf/math/pgfmathfunctions.integerarithmetics
.code.tex))) (/usr/share/texmf-dist/tex/generic/pgf/math/pgfmathfloat.code.tex
\c@pgfmathroundto@lastzeros=\count119
)) (/usr/share/texmf-dist/tex/generic/pgf/basiclayer/pgfcorepoints.code.tex
File: pgfcorepoints.code.tex 2013/10/07  (rcs-revision 1.27)
\pgf@picminx=\dimen148
\pgf@picmaxx=\dimen149
\pgf@picminy=\dimen150
\pgf@picmaxy=\dimen151
\pgf@pathminx=\dimen152
\pgf@pathmaxx=\dimen153
\pgf@pathminy=\dimen154
\pgf@pathmaxy=\dimen155
\pgf@xx=\dimen156
\pgf@xy=\dimen157
\pgf@yx=\dimen158
\pgf@yy=\dimen159
\pgf@zx=\dimen160
\pgf@zy=\dimen161
)
(/usr/share/texmf-dist/tex/generic/pgf/basiclayer/pgfcorepathconstruct.code.tex
File: pgfcorepathconstruct.code.tex 2013/10/07  (rcs-revision 1.29)
\pgf@path@lastx=\dimen162
\pgf@path@lasty=\dimen163
) (/usr/share/texmf-dist/tex/generic/pgf/basiclayer/pgfcorepathusage.code.tex
File: pgfcorepathusage.code.tex 2014/11/02  (rcs-revision 1.24)
\pgf@shorten@end@additional=\dimen164
\pgf@shorten@start@additional=\dimen165
)
(/usr/share/texmf-dist/tex/generic/pgf/basiclayer/pgfcorescopes.code.tex
File: pgfcorescopes.code.tex 2015/05/08  (rcs-revision 1.46)
\pgfpic=\box32
\pgf@hbox=\box33
\pgf@layerbox@main=\box34
\pgf@picture@serial@count=\count120
)
(/usr/share/texmf-dist/tex/generic/pgf/basiclayer/pgfcoregraphicstate.code.tex
File: pgfcoregraphicstate.code.tex 2014/11/02  (rcs-revision 1.12)
\pgflinewidth=\dimen166
)
(/usr/share/texmf-dist/tex/generic/pgf/basiclayer/pgfcoretransformations.code.t
ex
File: pgfcoretransformations.code.tex 2015/08/07  (rcs-revision 1.20)
\pgf@pt@x=\dimen167
\pgf@pt@y=\dimen168
\pgf@pt@temp=\dimen169
) (/usr/share/texmf-dist/tex/generic/pgf/basiclayer/pgfcorequick.code.tex
File: pgfcorequick.code.tex 2008/10/09  (rcs-revision 1.3)
)
(/usr/share/texmf-dist/tex/generic/pgf/basiclayer/pgfcoreobjects.code.tex
File: pgfcoreobjects.code.tex 2006/10/11  (rcs-revision 1.2)
)
(/usr/share/texmf-dist/tex/generic/pgf/basiclayer/pgfcorepathprocessing.code.te
x
File: pgfcorepathprocessing.code.tex 2013/09/09  (rcs-revision 1.9)
) (/usr/share/texmf-dist/tex/generic/pgf/basiclayer/pgfcorearrows.code.tex
File: pgfcorearrows.code.tex 2015/05/14  (rcs-revision 1.43)
\pgfarrowsep=\dimen170
)
(/usr/share/texmf-dist/tex/generic/pgf/basiclayer/pgfcoreshade.code.tex
File: pgfcoreshade.code.tex 2013/07/15  (rcs-revision 1.15)
\pgf@max=\dimen171
\pgf@sys@shading@range@num=\count121
)
(/usr/share/texmf-dist/tex/generic/pgf/basiclayer/pgfcoreimage.code.tex
File: pgfcoreimage.code.tex 2013/07/15  (rcs-revision 1.18)

(/usr/share/texmf-dist/tex/generic/pgf/basiclayer/pgfcoreexternal.code.tex
File: pgfcoreexternal.code.tex 2014/07/09  (rcs-revision 1.21)
\pgfexternal@startupbox=\box35
))
(/usr/share/texmf-dist/tex/generic/pgf/basiclayer/pgfcorelayers.code.tex
File: pgfcorelayers.code.tex 2013/07/18  (rcs-revision 1.7)
)
(/usr/share/texmf-dist/tex/generic/pgf/basiclayer/pgfcoretransparency.code.tex
File: pgfcoretransparency.code.tex 2013/09/30  (rcs-revision 1.5)
) (/usr/share/texmf-dist/tex/generic/pgf/basiclayer/pgfcorepatterns.code.tex
File: pgfcorepatterns.code.tex 2013/11/07  (rcs-revision 1.5)
)))
(/usr/share/texmf-dist/tex/generic/pgf/modules/pgfmoduleshapes.code.tex
File: pgfmoduleshapes.code.tex 2014/03/21  (rcs-revision 1.35)
\pgfnodeparttextbox=\box36
)
(/usr/share/texmf-dist/tex/generic/pgf/modules/pgfmoduleplot.code.tex
File: pgfmoduleplot.code.tex 2015/08/03  (rcs-revision 1.13)
)
(/usr/share/texmf-dist/tex/latex/pgf/compatibility/pgfcomp-version-0-65.sty
Package: pgfcomp-version-0-65 2007/07/03 v3.0.1a (rcs-revision 1.7)
\pgf@nodesepstart=\dimen172
\pgf@nodesepend=\dimen173
)
(/usr/share/texmf-dist/tex/latex/pgf/compatibility/pgfcomp-version-1-18.sty
Package: pgfcomp-version-1-18 2007/07/23 v3.0.1a (rcs-revision 1.1)
))
(/usr/share/texmf-dist/tex/latex/pgf/utilities/pgffor.sty
(/usr/share/texmf-dist/tex/latex/pgf/utilities/pgfkeys.sty
(/usr/share/texmf-dist/tex/generic/pgf/utilities/pgfkeys.code.tex))
(/usr/share/texmf-dist/tex/latex/pgf/math/pgfmath.sty
(/usr/share/texmf-dist/tex/generic/pgf/math/pgfmath.code.tex))
(/usr/share/texmf-dist/tex/generic/pgf/utilities/pgffor.code.tex
Package: pgffor 2013/12/13 v3.0.1a (rcs-revision 1.25)

(/usr/share/texmf-dist/tex/generic/pgf/math/pgfmath.code.tex)
\pgffor@iter=\dimen174
\pgffor@skip=\dimen175
\pgffor@stack=\toks37
\pgffor@toks=\toks38
))
(/usr/share/texmf-dist/tex/generic/pgf/frontendlayer/tikz/tikz.code.tex
Package: tikz 2015/08/07 v3.0.1a (rcs-revision 1.151)

(/usr/share/texmf-dist/tex/generic/pgf/libraries/pgflibraryplothandlers.code.te
x
File: pgflibraryplothandlers.code.tex 2013/08/31 v3.0.1a (rcs-revision 1.20)
\pgf@plot@mark@count=\count122
\pgfplotmarksize=\dimen176
)
\tikz@lastx=\dimen177
\tikz@lasty=\dimen178
\tikz@lastxsaved=\dimen179
\tikz@lastysaved=\dimen180
\tikzleveldistance=\dimen181
\tikzsiblingdistance=\dimen182
\tikz@figbox=\box37
\tikz@figbox@bg=\box38
\tikz@tempbox=\box39
\tikz@tempbox@bg=\box40
\tikztreelevel=\count123
\tikznumberofchildren=\count124
\tikznumberofcurrentchild=\count125
\tikz@fig@count=\count126
 (/usr/share/texmf-dist/tex/generic/pgf/modules/pgfmodulematrix.code.tex
File: pgfmodulematrix.code.tex 2013/09/17  (rcs-revision 1.8)
\pgfmatrixcurrentrow=\count127
\pgfmatrixcurrentcolumn=\count128
\pgf@matrix@numberofcolumns=\count129
)
\tikz@expandcount=\count130

(/usr/share/texmf-dist/tex/generic/pgf/frontendlayer/tikz/libraries/tikzlibrary
topaths.code.tex
File: tikzlibrarytopaths.code.tex 2008/06/17 v3.0.1a (rcs-revision 1.2)
)))
(/usr/share/texmf-dist/tex/generic/pgf/frontendlayer/tikz/libraries/tikzlibrary
arrows.code.tex
File: tikzlibraryarrows.code.tex 2008/01/09 v3.0.1a (rcs-revision 1.1)

(/usr/share/texmf-dist/tex/generic/pgf/libraries/pgflibraryarrows.code.tex
File: pgflibraryarrows.code.tex 2013/09/23 v3.0.1a (rcs-revision 1.16)
\arrowsize=\dimen183
))
(/usr/share/texmf-dist/tex/generic/pgf/frontendlayer/tikz/libraries/tikzlibrary
automata.code.tex
File: tikzlibraryautomata.code.tex 2008/07/14 v3.0.1a (rcs-revision 1.3)

(/usr/share/texmf-dist/tex/generic/pgf/frontendlayer/tikz/libraries/tikzlibrary
shapes.multipart.code.tex
File: tikzlibraryshapes.multipart.code.tex 2008/01/09 v3.0.1a (rcs-revision 1.1
)

(/usr/share/texmf-dist/tex/generic/pgf/libraries/shapes/pgflibraryshapes.multip
art.code.tex
File: pgflibraryshapes.multipart.code.tex 2010/01/07 v3.0.1a (rcs-revision 1.2)

\pgfnodepartlowerbox=\box41
\pgfnodeparttwobox=\box42
\pgfnodepartthreebox=\box43
\pgfnodepartfourbox=\box44
\pgfnodeparttwentybox=\box45
\pgfnodepartnineteenbox=\box46
\pgfnodeparteighteenbox=\box47
\pgfnodepartseventeenbox=\box48
\pgfnodepartsixteenbox=\box49
\pgfnodepartfifteenbox=\box50
\pgfnodepartfourteenbox=\box51
\pgfnodepartthirteenbox=\box52
\pgfnodeparttwelvebox=\box53
\pgfnodepartelevenbox=\box54
\pgfnodeparttenbox=\box55
\pgfnodepartninebox=\box56
\pgfnodeparteightbox=\box57
\pgfnodepartsevenbox=\box58
\pgfnodepartsixbox=\box59
\pgfnodepartfivebox=\box60
))) (./watch.aux

LaTeX Warning: Label `fig:inits-res' multiply defined.


LaTeX Warning: Label `tab:' multiply defined.


LaTeX Warning: Label `tab:' multiply defined.


LaTeX Warning: Label `tab:' multiply defined.


LaTeX Warning: Label `tab:' multiply defined.


LaTeX Warning: Label `tab:' multiply defined.


LaTeX Warning: Label `tab:' multiply defined.


LaTeX Warning: Label `tab:' multiply defined.


LaTeX Warning: Label `tab:' multiply defined.


LaTeX Warning: Label `tab:' multiply defined.


LaTeX Warning: Label `tab:' multiply defined.


LaTeX Warning: Label `tab:' multiply defined.


LaTeX Warning: Label `tab:' multiply defined.


LaTeX Warning: Label `tab:' multiply defined.


LaTeX Warning: Label `tab:' multiply defined.


LaTeX Warning: Label `tab:' multiply defined.


LaTeX Warning: Label `tab:' multiply defined.


LaTeX Warning: Label `tab:' multiply defined.


LaTeX Warning: Label `tab:' multiply defined.


LaTeX Warning: Label `tab:' multiply defined.


LaTeX Warning: Label `tab:' multiply defined.


LaTeX Warning: Label `tab:' multiply defined.


LaTeX Warning: Label `tab:' multiply defined.


LaTeX Warning: Label `tab:' multiply defined.


LaTeX Warning: Label `tab:' multiply defined.


LaTeX Warning: Label `tab:' multiply defined.


LaTeX Warning: Label `tab:' multiply defined.


LaTeX Warning: Label `tab:' multiply defined.


LaTeX Warning: Label `tab:' multiply defined.


LaTeX Warning: Label `tab:' multiply defined.


LaTeX Warning: Label `tab:' multiply defined.


LaTeX Warning: Label `tab:' multiply defined.


LaTeX Warning: Label `tab:' multiply defined.


LaTeX Warning: Label `tab:' multiply defined.


LaTeX Warning: Label `tab:' multiply defined.


LaTeX Warning: Label `tab:' multiply defined.


LaTeX Warning: Label `tab:' multiply defined.


LaTeX Warning: Label `tab:' multiply defined.


LaTeX Warning: Label `tab:' multiply defined.


LaTeX Warning: Label `tab:' multiply defined.


LaTeX Warning: Label `tab:' multiply defined.


LaTeX Warning: Label `tab:' multiply defined.


LaTeX Warning: Label `tab:' multiply defined.


LaTeX Warning: Label `tab:' multiply defined.


LaTeX Warning: Label `tab:' multiply defined.


LaTeX Warning: Label `tab:' multiply defined.


LaTeX Warning: Label `tab:' multiply defined.


LaTeX Warning: Label `tab:' multiply defined.


LaTeX Warning: Label `tab:' multiply defined.


LaTeX Warning: Label `tab:' multiply defined.


LaTeX Warning: Label `tab:' multiply defined.


LaTeX Warning: Label `tab:' multiply defined.


LaTeX Warning: Label `tab:' multiply defined.


LaTeX Warning: Label `tab:' multiply defined.


LaTeX Warning: Label `tab:' multiply defined.


LaTeX Warning: Label `tab:' multiply defined.


LaTeX Warning: Label `tab:' multiply defined.


LaTeX Warning: Label `tab:' multiply defined.


LaTeX Warning: Label `tab:' multiply defined.


LaTeX Warning: Label `tab:' multiply defined.


LaTeX Warning: Label `tab:' multiply defined.


LaTeX Warning: Label `tab:' multiply defined.


LaTeX Warning: Label `tab:' multiply defined.


LaTeX Warning: Label `tab:' multiply defined.


LaTeX Warning: Label `tab:' multiply defined.


LaTeX Warning: Label `tab:' multiply defined.


LaTeX Warning: Label `tab:' multiply defined.


LaTeX Warning: Label `tab:' multiply defined.

)
\openout1 = `watch.aux'.

LaTeX Font Info:    Checking defaults for OML/cmm/m/it on input line 46.
LaTeX Font Info:    ... okay on input line 46.
LaTeX Font Info:    Checking defaults for T1/cmr/m/n on input line 46.
LaTeX Font Info:    ... okay on input line 46.
LaTeX Font Info:    Checking defaults for OT1/cmr/m/n on input line 46.
LaTeX Font Info:    ... okay on input line 46.
LaTeX Font Info:    Checking defaults for OMS/cmsy/m/n on input line 46.
LaTeX Font Info:    ... okay on input line 46.
LaTeX Font Info:    Checking defaults for OMX/cmex/m/n on input line 46.
LaTeX Font Info:    ... okay on input line 46.
LaTeX Font Info:    Checking defaults for U/cmr/m/n on input line 46.
LaTeX Font Info:    ... okay on input line 46.

*geometry* driver: auto-detecting
*geometry* detected driver: pdftex
*geometry* verbose mode - [ preamble ] result:
* driver: pdftex
* paper: <default>
* layout: <same size as paper>
* layoutoffset:(h,v)=(0.0pt,0.0pt)
* modes: 
* h-part:(L,W,R)=(72.26999pt, 469.75502pt, 72.26999pt)
* v-part:(T,H,B)=(72.26999pt, 650.43001pt, 72.26999pt)
* \paperwidth=614.295pt
* \paperheight=794.96999pt
* \textwidth=469.75502pt
* \textheight=650.43001pt
* \oddsidemargin=0.0pt
* \evensidemargin=0.0pt
* \topmargin=-37.0pt
* \headheight=12.0pt
* \headsep=25.0pt
* \topskip=12.0pt
* \footskip=30.0pt
* \marginparwidth=44.0pt
* \marginparsep=10.0pt
* \columnsep=10.0pt
* \skip\footins=10.8pt plus 4.0pt minus 2.0pt
* \hoffset=0.0pt
* \voffset=0.0pt
* \mag=1000
* \@twocolumnfalse
* \@twosidefalse
* \@mparswitchfalse
* \@reversemarginfalse
* (1in=72.27pt=25.4mm, 1cm=28.453pt)

(/usr/share/texmf-dist/tex/context/base/mkii/supp-pdf.mkii
[Loading MPS to PDF converter (version 2006.09.02).]
\scratchcounter=\count131
\scratchdimen=\dimen184
\scratchbox=\box61
\nofMPsegments=\count132
\nofMParguments=\count133
\everyMPshowfont=\toks39
\MPscratchCnt=\count134
\MPscratchDim=\dimen185
\MPnumerator=\count135
\makeMPintoPDFobject=\count136
\everyMPtoPDFconversion=\toks40
) (/usr/share/texmf-dist/tex/latex/oberdiek/epstopdf-base.sty
Package: epstopdf-base 2016/05/15 v2.6 Base part for package epstopdf

(/usr/share/texmf-dist/tex/generic/oberdiek/infwarerr.sty
Package: infwarerr 2016/05/16 v1.4 Providing info/warning/error messages (HO)
)
(/usr/share/texmf-dist/tex/latex/oberdiek/grfext.sty
Package: grfext 2016/05/16 v1.2 Manage graphics extensions (HO)

(/usr/share/texmf-dist/tex/generic/oberdiek/kvdefinekeys.sty
Package: kvdefinekeys 2016/05/16 v1.4 Define keys (HO)

(/usr/share/texmf-dist/tex/generic/oberdiek/ltxcmds.sty
Package: ltxcmds 2016/05/16 v1.23 LaTeX kernel commands for general use (HO)
)))
(/usr/share/texmf-dist/tex/latex/oberdiek/kvoptions.sty
Package: kvoptions 2016/05/16 v3.12 Key value format for package options (HO)

(/usr/share/texmf-dist/tex/generic/oberdiek/kvsetkeys.sty
Package: kvsetkeys 2016/05/16 v1.17 Key value parser (HO)

(/usr/share/texmf-dist/tex/generic/oberdiek/etexcmds.sty
Package: etexcmds 2016/05/16 v1.6 Avoid name clashes with e-TeX commands (HO)

(/usr/share/texmf-dist/tex/generic/oberdiek/ifluatex.sty
Package: ifluatex 2016/05/16 v1.4 Provides the ifluatex switch (HO)
Package ifluatex Info: LuaTeX not detected.
)
Package etexcmds Info: Could not find \expanded.
(etexcmds)             That can mean that you are not using pdfTeX 1.50 or
(etexcmds)             that some package has redefined \expanded.
(etexcmds)             In the latter case, load this package earlier.
)))
(/usr/share/texmf-dist/tex/generic/oberdiek/pdftexcmds.sty
Package: pdftexcmds 2018/01/21 v0.26 Utility functions of pdfTeX for LuaTeX (HO
)
Package pdftexcmds Info: LuaTeX not detected.
Package pdftexcmds Info: \pdf@primitive is available.
Package pdftexcmds Info: \pdf@ifprimitive is available.
Package pdftexcmds Info: \pdfdraftmode found.
)
Package epstopdf-base Info: Redefining graphics rule for `.eps' on input line 4
38.
Package grfext Info: Graphics extension search list:
(grfext)             [.pdf,.png,.jpg,.mps,.jpeg,.jbig2,.jb2,.PDF,.PNG,.JPG,.JPE
G,.JBIG2,.JB2,.eps]
(grfext)             \AppendGraphicsExtensions on input line 456.

(/usr/share/texmf-dist/tex/latex/latexconfig/epstopdf-sys.cfg
File: epstopdf-sys.cfg 2010/07/13 v1.3 Configuration of (r)epstopdf for TeX Liv
e
))
ABD: EveryShipout initializing macros
LaTeX Font Info:    Try loading font information for U+msa on input line 64.

(/usr/share/texmf-dist/tex/latex/amsfonts/umsa.fd
File: umsa.fd 2013/01/14 v3.01 AMS symbols A
)
LaTeX Font Info:    Try loading font information for U+msb on input line 64.

(/usr/share/texmf-dist/tex/latex/amsfonts/umsb.fd
File: umsb.fd 2013/01/14 v3.01 AMS symbols B
)

Package natbib Warning: Citation `Heesterbeek2002' on page 1 undefined on input
 line 70.


Package natbib Warning: Citation `anderson1992' on page 1 undefined on input li
ne 70.


Package natbib Warning: Citation `anderson1992' on page 1 undefined on input li
ne 70.


Package natbib Warning: Citation `hethcote2000' on page 1 undefined on input li
ne 70.


Package natbib Warning: Citation `diekmann2009' on page 1 undefined on input li
ne 70.


Package natbib Warning: Citation `getz2006' on page 1 undefined on input line 7
2.


Package natbib Warning: Citation `li2011' on page 1 undefined on input line 72.



Package natbib Warning: Citation `driessche2017' on page 1 undefined on input l
ine 72.


Package natbib Warning: Citation `Kermack700' on page 1 undefined on input line
 72.

[1

{/var/lib/texmf/fonts/map/pdftex/updmap/pdftex.map}]

Package natbib Warning: Citation `Kermack700' on page 2 undefined on input line
 84.


Package natbib Warning: Citation `dietz1993estimation' on page 2 undefined on i
nput line 90.


Package natbib Warning: Citation `dietz1993estimation' on page 2 undefined on i
nput line 94.

[2]

Package natbib Warning: Citation `lash2003' on page 3 undefined on input line 1
00.


Package natbib Warning: Citation `epstein2007agent' on page 3 undefined on inpu
t line 100.


Package natbib Warning: Citation `capaldi2012' on page 3 undefined on input lin
e 100.

[3]

Package natbib Warning: Citation `coelho2011' on page 4 undefined on input line
 114.


Package natbib Warning: Citation `coelho2011' on page 4 undefined on input line
 115.


Package natbib Warning: Citation `coelho2011' on page 4 undefined on input line
 116.


Package natbib Warning: Citation `blower1994' on page 4 undefined on input line
 117.


Package natbib Warning: Citation `nsubuga2014' on page 4 undefined on input lin
e 118.


Package natbib Warning: Citation `zhang2017' on page 4 undefined on input line 
119.


Package natbib Warning: Citation `kucharski2016' on page 4 undefined on input l
ine 120.


Package natbib Warning: Citation `dinh2016' on page 4 undefined on input line 1
21.


Package natbib Warning: Citation `nishiura2016' on page 4 undefined on input li
ne 122.


Package natbib Warning: Citation `towers2016' on page 4 undefined on input line
 123.


Package natbib Warning: Citation `majumder2016' on page 4 undefined on input li
ne 124.


Package natbib Warning: Citation `fisman2014' on page 4 undefined on input line
 125.


Package natbib Warning: Citation `towers2014' on page 4 undefined on input line
 126.


Package natbib Warning: Citation `legrand2007' on page 4 undefined on input lin
e 127.


Package natbib Warning: Citation `legrand2007' on page 4 undefined on input lin
e 128.


Package natbib Warning: Citation `althaus2014' on page 4 undefined on input lin
e 129.


Package natbib Warning: Citation `althaus2014' on page 4 undefined on input lin
e 130.


Package natbib Warning: Citation `althaus2014' on page 4 undefined on input lin
e 131.


Package natbib Warning: Citation `chowell2008' on page 4 undefined on input lin
e 132.


Package natbib Warning: Citation `bonabeau1998' on page 4 undefined on input li
ne 133.


Package natbib Warning: Citation `desilva2009' on page 4 undefined on input lin
e 134.


Package natbib Warning: Citation `desilva2009' on page 4 undefined on input lin
e 135.


Package natbib Warning: Citation `fraser2009' on page 4 undefined on input line
 136.

[4

]

Package natbib Warning: Citation `Kermack700' on page 5 undefined on input line
 146.


Package natbib Warning: Citation `lotka1920' on page 5 undefined on input line 
156.


Package natbib Warning: Citation `anderson1992' on page 5 undefined on input li
ne 156.

[5

] [6]

Package natbib Warning: Citation `nelder-mead1965' on page 7 undefined on input
 line 240.


Package natbib Warning: Citation `majumder2016' on page 7 undefined on input li
ne 244.

[7]

Package natbib Warning: Citation `chang2017' on page 8 undefined on input line 
271.

[8]

Package natbib Warning: Citation `Nishiura2009' on page 9 undefined on input li
ne 308.

[9]

Package natbib Warning: Citation `harko2014exact' on page 10 undefined on input
 line 326.

[10]

Package natbib Warning: Citation `jacquez1991' on page 11 undefined on input li
ne 348.


Package natbib Warning: Citation `gani1995' on page 11 undefined on input line 
348.


Package natbib Warning: Citation `daley2001epidemic' on page 11 undefined on in
put line 348.


Package natbib Warning: Citation `abbey1952' on page 11 undefined on input line
 348.


Package natbib Warning: Citation `barbour2004' on page 11 undefined on input li
ne 358.


Package natbib Warning: Citation `bettencourt2008' on page 11 undefined on inpu
t line 373.


Package natbib Warning: Citation `obadia2012r0' on page 11 undefined on input l
ine 373.

[11]

Package natbib Warning: Citation `diekmann2009' on page 12 undefined on input l
ine 397.

[12]

Package natbib Warning: Citation `cao1999' on page 13 undefined on input line 4
05.


Package natbib Warning: Citation `wasserman2004' on page 13 undefined on input 
line 413.

[13]

Package natbib Warning: Citation `friedman1984' on page 14 undefined on input l
ine 453.

[14]

LaTeX Warning: Reference `fig:baseline' on page 15 undefined on input line 497.



LaTeX Warning: No positions in optional float specifier.
               Default added (so using `tbp') on input line 527.


Overfull \hbox (20.59988pt too wide) in paragraph at lines 529--562
 [][] 
 []

[15] [16]
<images/BaseBase.jpeg, id=71, 698.61pt x 468.24937pt>
File: images/BaseBase.jpeg Graphic file (type jpg)
<use images/BaseBase.jpeg>
Package pdftex.def Info: images/BaseBase.jpeg  used on input line 630.
(pdftex.def)             Requested size: 349.30414pt x 234.1241pt.
 [17] [18 <./images/BaseBase.jpeg>]
<images/AR.jpeg, id=78, 698.61pt x 468.24937pt>
File: images/AR.jpeg Graphic file (type jpg)
<use images/AR.jpeg>
Package pdftex.def Info: images/AR.jpeg  used on input line 680.
(pdftex.def)             Requested size: 349.30414pt x 234.1241pt.
 [19 <./images/AR.jpeg>]
<images/mono.jpeg, id=83, 698.61pt x 468.24937pt>
File: images/mono.jpeg Graphic file (type jpg)
<use images/mono.jpeg>
Package pdftex.def Info: images/mono.jpeg  used on input line 727.
(pdftex.def)             Requested size: 349.30414pt x 234.1241pt.
 [20]
[21 <./images/mono.jpeg>]
<images/parchange.jpeg, id=90, 698.61pt x 468.24937pt>
File: images/parchange.jpeg Graphic file (type jpg)
<use images/parchange.jpeg>
Package pdftex.def Info: images/parchange.jpeg  used on input line 771.
(pdftex.def)             Requested size: 349.30414pt x 234.1241pt.


Package natbib Warning: Citation `anderson1992' on page 22 undefined on input l
ine 808.

[22 <./images/parchange.jpeg>] [23]
<images/time.jpeg, id=97, 698.61pt x 468.24937pt>
File: images/time.jpeg Graphic file (type jpg)
<use images/time.jpeg>
Package pdftex.def Info: images/time.jpeg  used on input line 858.
(pdftex.def)             Requested size: 349.30414pt x 234.1241pt.
 [24 <./images/time.jpeg>]
<images/start.jpeg, id=101, 698.61pt x 468.24937pt>
File: images/start.jpeg Graphic file (type jpg)
<use images/start.jpeg>
Package pdftex.def Info: images/start.jpeg  used on input line 941.
(pdftex.def)             Requested size: 349.30414pt x 234.1241pt.
 [25] [26 <./images/start.jpeg>]
<images/popsize.jpeg, id=110, 698.61pt x 468.24937pt>
File: images/popsize.jpeg Graphic file (type jpg)
<use images/popsize.jpeg>
Package pdftex.def Info: images/popsize.jpeg  used on input line 1021.
(pdftex.def)             Requested size: 349.30414pt x 234.1241pt.
 [27] [28 <./images/popsize.jpeg>]
<images/var.jpeg, id=117, 698.61pt x 468.24937pt>
File: images/var.jpeg Graphic file (type jpg)
<use images/var.jpeg>
Package pdftex.def Info: images/var.jpeg  used on input line 1094.
(pdftex.def)             Requested size: 349.30414pt x 234.1241pt.
 [29 <./images/var.jpeg>]
<images/other.jpeg, id=121, 698.61pt x 468.24937pt>
File: images/other.jpeg Graphic file (type jpg)
<use images/other.jpeg>
Package pdftex.def Info: images/other.jpeg  used on input line 1171.
(pdftex.def)             Requested size: 349.30414pt x 234.1241pt.

[30] [31 <./images/other.jpeg>] [32]
No file watch.bbl.

Package natbib Warning: Citation `wallinga2007generation' on page 33 undefined 
on input line 1334.


Package natbib Warning: Citation `fisman2014' on page 33 undefined on input lin
e 1334.


Package natbib Warning: Citation `nishiura2016' on page 33 undefined on input l
ine 1334.


Package natbib Warning: Citation `majumder2016' on page 33 undefined on input l
ine 1334.


Package natbib Warning: Citation `towers2016' on page 33 undefined on input lin
e 1334.


Package natbib Warning: Citation `wallinga2007generation' on page 33 undefined 
on input line 1335.

[33]

Package natbib Warning: Citation `wallinga2007generation' on page 34 undefined 
on input line 1341.


Package natbib Warning: Citation `wallinga2007generation' on page 34 undefined 
on input line 1345.


Package natbib Warning: Citation `majumder2016' on page 34 undefined on input l
ine 1353.

[34]

Package natbib Warning: Citation `wallinga2007generation' on page 35 undefined 
on input line 1367.


Package natbib Warning: Citation `fisman2013' on page 35 undefined on input lin
e 1371.


Package natbib Warning: Citation `fisman2013' on page 35 undefined on input lin
e 1379.


Package natbib Warning: Citation `fisman2014' on page 35 undefined on input lin
e 1381.


Package natbib Warning: Citation `majumder2016' on page 35 undefined on input l
ine 1381.


Overfull \hbox (64.51216pt too wide) in paragraph at lines 1394--1408
 [][] 
 []

[35]
Overfull \hbox (103.23036pt too wide) in paragraph at lines 1416--1430
 [][] 
 []


Overfull \hbox (101.12112pt too wide) in paragraph at lines 1437--1451
 [][] 
 []


Overfull \hbox (51.86246pt too wide) in paragraph at lines 1459--1471
 [][] 
 []


Overfull \hbox (130.6163pt too wide) in paragraph at lines 1478--1491
 [][] 
 []

[36]
Overfull \hbox (183.17668pt too wide) in paragraph at lines 1498--1511
 [][] 
 []


Overfull \hbox (54.51213pt too wide) in paragraph at lines 1521--1535
 [][] 
 []


Overfull \hbox (103.23036pt too wide) in paragraph at lines 1543--1557
 [][] 
 []


Overfull \hbox (101.12112pt too wide) in paragraph at lines 1565--1579
 [][] 
 []

[37]
Overfull \hbox (51.86246pt too wide) in paragraph at lines 1587--1599
 [][] 
 []


Overfull \hbox (112.99149pt too wide) in paragraph at lines 1606--1619
 [][] 
 []


Overfull \hbox (183.17668pt too wide) in paragraph at lines 1626--1639
 [][] 
 []


Overfull \hbox (114.06795pt too wide) in paragraph at lines 1649--1663
 [][] 
 []

[38]
Overfull \hbox (150.45288pt too wide) in paragraph at lines 1671--1685
 [][] 
 []


Overfull \hbox (111.6769pt too wide) in paragraph at lines 1693--1707
 [][] 
 []


Overfull \hbox (57.69592pt too wide) in paragraph at lines 1715--1727
 [][] 
 []


Overfull \hbox (128.65799pt too wide) in paragraph at lines 1734--1747
 [][] 
 []

[39]
Overfull \hbox (206.7806pt too wide) in paragraph at lines 1754--1767
 [][] 
 []


Overfull \hbox (95.90118pt too wide) in paragraph at lines 1777--1791
 [][] 
 []


Overfull \hbox (117.06386pt too wide) in paragraph at lines 1799--1813
 [][] 
 []


Overfull \hbox (115.84346pt too wide) in paragraph at lines 1821--1835
 [][] 
 []

[40]
Overfull \hbox (56.91808pt too wide) in paragraph at lines 1843--1855
 [][] 
 []


Overfull \hbox (124.74136pt too wide) in paragraph at lines 1862--1875
 [][] 
 []


Overfull \hbox (222.9554pt too wide) in paragraph at lines 1882--1895
 [][] 
 []


Overfull \hbox (71.90111pt too wide) in paragraph at lines 1905--1919
 [][] 
 []

[41]
Overfull \hbox (143.00838pt too wide) in paragraph at lines 1927--1941
 [][] 
 []


Overfull \hbox (126.1768pt too wide) in paragraph at lines 1949--1963
 [][] 
 []


Overfull \hbox (51.86246pt too wide) in paragraph at lines 1971--1983
 [][] 
 []


Overfull \hbox (110.21097pt too wide) in paragraph at lines 1990--2003
 [][] 
 []

[42]
Overfull \hbox (247.59126pt too wide) in paragraph at lines 2010--2023
 [][] 
 []


Overfull \hbox (55.40092pt too wide) in paragraph at lines 2034--2048
 [][] 
 []


Overfull \hbox (124.67496pt too wide) in paragraph at lines 2056--2070
 [][] 
 []


Overfull \hbox (94.8988pt too wide) in paragraph at lines 2078--2092
 [][] 
 []

[43]
Overfull \hbox (52.6959pt too wide) in paragraph at lines 2100--2112
 [][] 
 []


Overfull \hbox (121.54279pt too wide) in paragraph at lines 2119--2132
 [][] 
 []


Overfull \hbox (194.92656pt too wide) in paragraph at lines 2139--2152
 [][] 
 []


Overfull \hbox (59.51215pt too wide) in paragraph at lines 2162--2176
 [][] 
 []

[44]
Overfull \hbox (103.23036pt too wide) in paragraph at lines 2184--2198
 [][] 
 []


Overfull \hbox (101.12112pt too wide) in paragraph at lines 2206--2220
 [][] 
 []


Overfull \hbox (51.86246pt too wide) in paragraph at lines 2228--2240
 [][] 
 []


Overfull \hbox (118.76227pt too wide) in paragraph at lines 2247--2260
 [][] 
 []

[45]
Overfull \hbox (183.17668pt too wide) in paragraph at lines 2267--2280
 [][] 
 []


Overfull \hbox (42.51195pt too wide) in paragraph at lines 2290--2304
 [][] 
 []


Overfull \hbox (97.06364pt too wide) in paragraph at lines 2312--2326
 [][] 
 []


Overfull \hbox (103.95442pt too wide) in paragraph at lines 2334--2348
 [][] 
 []

[46]
Overfull \hbox (45.69574pt too wide) in paragraph at lines 2356--2368
 [][] 
 []


Overfull \hbox (105.64157pt too wide) in paragraph at lines 2375--2388
 [][] 
 []


Overfull \hbox (189.15578pt too wide) in paragraph at lines 2395--2408
 [][] 
 []


Overfull \hbox (47.06758pt too wide) in paragraph at lines 2418--2432
 [][] 
 []

[47]
Overfull \hbox (108.28598pt too wide) in paragraph at lines 2441--2455
 [][] 
 []


Overfull \hbox (101.12112pt too wide) in paragraph at lines 2463--2477
 [][] 
 []


Overfull \hbox (51.91806pt too wide) in paragraph at lines 2485--2497
 [][] 
 []


Overfull \hbox (112.88733pt too wide) in paragraph at lines 2504--2517
 [][] 
 []

[48]
Overfull \hbox (189.15578pt too wide) in paragraph at lines 2524--2537
 [][] 
 []


Overfull \hbox (117.84172pt too wide) in paragraph at lines 2546--2559
 [][] 
 []


Overfull \hbox (183.17668pt too wide) in paragraph at lines 2566--2579
 [][] 
 []


Overfull \hbox (180.02025pt too wide) in paragraph at lines 2586--2599
 [][] 
 []

[49]
Overfull \hbox (123.48862pt too wide) in paragraph at lines 2606--2617
 [][] 
 []


Overfull \hbox (112.88733pt too wide) in paragraph at lines 2624--2637
 [][] 
 []


Overfull \hbox (183.17668pt too wide) in paragraph at lines 2644--2657
 [][] 
 []


Overfull \hbox (117.84172pt too wide) in paragraph at lines 2667--2680
 [][] 
 []

[50]
Overfull \hbox (183.17668pt too wide) in paragraph at lines 2687--2700
 [][] 
 []


Overfull \hbox (180.02025pt too wide) in paragraph at lines 2707--2720
 [][] 
 []


Overfull \hbox (123.48862pt too wide) in paragraph at lines 2727--2738
 [][] 
 []


Overfull \hbox (118.86642pt too wide) in paragraph at lines 2745--2758
 [][] 
 []

[51]
Overfull \hbox (183.17668pt too wide) in paragraph at lines 2765--2778
 [][] 
 []


Package natbib Warning: There were undefined citations.

[52] (./watch.aux)

LaTeX Warning: There were undefined references.


LaTeX Warning: There were multiply-defined labels.

 ) 
Here is how much of TeX's memory you used:
 14779 strings out of 492982
 296464 string characters out of 6138580
 361284 words of memory out of 5000000
 18040 multiletter control sequences out of 15000+600000
 16058 words of font info for 63 fonts, out of 8000000 for 9000
 1141 hyphenation exceptions out of 8191
 55i,15n,66p,1399b,837s stack positions out of 5000i,500n,10000p,200000b,80000s
</usr/share/texmf-dist/fonts/type1/public/amsfonts/cm/cmbx12.pfb></usr/share/
texmf-dist/fonts/type1/public/amsfonts/cm/cmex10.pfb></usr/share/texmf-dist/fon
ts/type1/public/amsfonts/cm/cmmi10.pfb></usr/share/texmf-dist/fonts/type1/publi
c/amsfonts/cm/cmmi12.pfb></usr/share/texmf-dist/fonts/type1/public/amsfonts/cm/
cmmi6.pfb></usr/share/texmf-dist/fonts/type1/public/amsfonts/cm/cmmi7.pfb></usr
/share/texmf-dist/fonts/type1/public/amsfonts/cm/cmmi8.pfb></usr/share/texmf-di
st/fonts/type1/public/amsfonts/cm/cmr10.pfb></usr/share/texmf-dist/fonts/type1/
public/amsfonts/cm/cmr12.pfb></usr/share/texmf-dist/fonts/type1/public/amsfonts
/cm/cmr17.pfb></usr/share/texmf-dist/fonts/type1/public/amsfonts/cm/cmr6.pfb></
usr/share/texmf-dist/fonts/type1/public/amsfonts/cm/cmr7.pfb></usr/share/texmf-
dist/fonts/type1/public/amsfonts/cm/cmr8.pfb></usr/share/texmf-dist/fonts/type1
/public/amsfonts/cm/cmsy10.pfb></usr/share/texmf-dist/fonts/type1/public/amsfon
ts/cm/cmsy6.pfb></usr/share/texmf-dist/fonts/type1/public/amsfonts/cm/cmsy8.pfb
></usr/share/texmf-dist/fonts/type1/public/amsfonts/cm/cmti12.pfb></usr/share/t
exmf-dist/fonts/type1/public/amsfonts/cm/cmtt12.pfb>
Output written on watch.pdf (52 pages, 1848345 bytes).
PDF statistics:
 257 PDF objects out of 1000 (max. 8388607)
 174 compressed objects within 2 object streams
 0 named destinations out of 1000 (max. 500000)
 58 words of extra memory for PDF output out of 10000 (max. 10000000)

