This is pdfTeX, Version 3.14159265-2.6-1.40.15 (MiKTeX 2.9 64-bit) (preloaded format=pdflatex 2015.11.24)  25 JUN 2017 20:06
entering extended mode
**draft_v7.tex
(draft_v7.tex
LaTeX2e <2014/05/01>
Babel <3.9l> and hyphenation patterns for 68 languages loaded.
("C:\Program Files\MiKTeX 2.9\tex\latex\base\article.cls"
Document Class: article 2014/09/29 v1.4h Standard LaTeX document class
("C:\Program Files\MiKTeX 2.9\tex\latex\base\size12.clo"
File: size12.clo 2014/09/29 v1.4h Standard LaTeX file (size option)
)
\c@part=\count79
\c@section=\count80
\c@subsection=\count81
\c@subsubsection=\count82
\c@paragraph=\count83
\c@subparagraph=\count84
\c@figure=\count85
\c@table=\count86
\abovecaptionskip=\skip41
\belowcaptionskip=\skip42
\bibindent=\dimen102
)
("C:\Program Files\MiKTeX 2.9\tex\latex\geometry\geometry.sty"
Package: geometry 2010/09/12 v5.6 Page Geometry

("C:\Program Files\MiKTeX 2.9\tex\latex\graphics\keyval.sty"
Package: keyval 2014/10/28 v1.15 key=value parser (DPC)
\KV@toks@=\toks14
)
("C:\Program Files\MiKTeX 2.9\tex\generic\oberdiek\ifpdf.sty"
Package: ifpdf 2011/01/30 v2.3 Provides the ifpdf switch (HO)
Package ifpdf Info: pdfTeX in PDF mode is detected.
)
("C:\Program Files\MiKTeX 2.9\tex\generic\oberdiek\ifvtex.sty"
Package: ifvtex 2010/03/01 v1.5 Detect VTeX and its facilities (HO)
Package ifvtex Info: VTeX not detected.
)
("C:\Program Files\MiKTeX 2.9\tex\generic\ifxetex\ifxetex.sty"
Package: ifxetex 2010/09/12 v0.6 Provides ifxetex conditional
)
\Gm@cnth=\count87
\Gm@cntv=\count88
\c@Gm@tempcnt=\count89
\Gm@bindingoffset=\dimen103
\Gm@wd@mp=\dimen104
\Gm@odd@mp=\dimen105
\Gm@even@mp=\dimen106
\Gm@layoutwidth=\dimen107
\Gm@layoutheight=\dimen108
\Gm@layouthoffset=\dimen109
\Gm@layoutvoffset=\dimen110
\Gm@dimlist=\toks15

("C:\Program Files\MiKTeX 2.9\tex\latex\geometry\geometry.cfg"))
("C:\Program Files\MiKTeX 2.9\tex\latex\amsmath\amsmath.sty"
Package: amsmath 2013/01/14 v2.14 AMS math features
\@mathmargin=\skip43

For additional information on amsmath, use the `?' option.
("C:\Program Files\MiKTeX 2.9\tex\latex\amsmath\amstext.sty"
Package: amstext 2000/06/29 v2.01

("C:\Program Files\MiKTeX 2.9\tex\latex\amsmath\amsgen.sty"
File: amsgen.sty 1999/11/30 v2.0
\@emptytoks=\toks16
\ex@=\dimen111
))
("C:\Program Files\MiKTeX 2.9\tex\latex\amsmath\amsbsy.sty"
Package: amsbsy 1999/11/29 v1.2d
\pmbraise@=\dimen112
)
("C:\Program Files\MiKTeX 2.9\tex\latex\amsmath\amsopn.sty"
Package: amsopn 1999/12/14 v2.01 operator names
)
\inf@bad=\count90
LaTeX Info: Redefining \frac on input line 210.
\uproot@=\count91
\leftroot@=\count92
LaTeX Info: Redefining \overline on input line 306.
\classnum@=\count93
\DOTSCASE@=\count94
LaTeX Info: Redefining \ldots on input line 378.
LaTeX Info: Redefining \dots on input line 381.
LaTeX Info: Redefining \cdots on input line 466.
\Mathstrutbox@=\box26
\strutbox@=\box27
\big@size=\dimen113
LaTeX Font Info:    Redeclaring font encoding OML on input line 566.
LaTeX Font Info:    Redeclaring font encoding OMS on input line 567.
\macc@depth=\count95
\c@MaxMatrixCols=\count96
\dotsspace@=\muskip10
\c@parentequation=\count97
\dspbrk@lvl=\count98
\tag@help=\toks17
\row@=\count99
\column@=\count100
\maxfields@=\count101
\andhelp@=\toks18
\eqnshift@=\dimen114
\alignsep@=\dimen115
\tagshift@=\dimen116
\tagwidth@=\dimen117
\totwidth@=\dimen118
\lineht@=\dimen119
\@envbody=\toks19
\multlinegap=\skip44
\multlinetaggap=\skip45
\mathdisplay@stack=\toks20
LaTeX Info: Redefining \[ on input line 2665.
LaTeX Info: Redefining \] on input line 2666.
)
("C:\Program Files\MiKTeX 2.9\tex\latex\graphics\graphicx.sty"
Package: graphicx 2014/10/28 v1.0g Enhanced LaTeX Graphics (DPC,SPQR)

("C:\Program Files\MiKTeX 2.9\tex\latex\graphics\graphics.sty"
Package: graphics 2014/10/28 v1.0p Standard LaTeX Graphics (DPC,SPQR)

("C:\Program Files\MiKTeX 2.9\tex\latex\graphics\trig.sty"
Package: trig 1999/03/16 v1.09 sin cos tan (DPC)
)
("C:\Program Files\MiKTeX 2.9\tex\latex\00miktex\graphics.cfg"
File: graphics.cfg 2007/01/18 v1.5 graphics configuration of teTeX/TeXLive
)
Package graphics Info: Driver file: pdftex.def on input line 91.

("C:\Program Files\MiKTeX 2.9\tex\latex\pdftex-def\pdftex.def"
File: pdftex.def 2011/05/27 v0.06d Graphics/color for pdfTeX

("C:\Program Files\MiKTeX 2.9\tex\generic\oberdiek\infwarerr.sty"
Package: infwarerr 2010/04/08 v1.3 Providing info/warning/error messages (HO)
)
("C:\Program Files\MiKTeX 2.9\tex\generic\oberdiek\ltxcmds.sty"
Package: ltxcmds 2011/11/09 v1.22 LaTeX kernel commands for general use (HO)
)
\Gread@gobject=\count102
))
\Gin@req@height=\dimen120
\Gin@req@width=\dimen121
)
("C:\Program Files\MiKTeX 2.9\tex\latex\systeme\systeme.sty"
("C:\Program Files\MiKTeX 2.9\tex\latex\xstring\xstring.sty"
("C:\Program Files\MiKTeX 2.9\tex\generic\xstring\xstring.tex"
\@xs@message=\write3
\integerpart=\count103
\decimalpart=\count104
)
Package: xstring 2013/10/13  v1.7c  String manipulations (C Tellechea)
)
("C:\Program Files\MiKTeX 2.9\tex\generic\systeme\systeme.tex"
\SYS@systemecode=\toks21
\SYS@systempreamble=\toks22
\SYSeqnum=\count105
)
Package: systeme 2013/12/21 v0.3 Mise en forme de systemes d'equations
)
("C:\Program Files\MiKTeX 2.9\tex\latex\booktabs\booktabs.sty"
Package: booktabs 2005/04/14 v1.61803 publication quality tables
\heavyrulewidth=\dimen122
\lightrulewidth=\dimen123
\cmidrulewidth=\dimen124
\belowrulesep=\dimen125
\belowbottomsep=\dimen126
\aboverulesep=\dimen127
\abovetopsep=\dimen128
\cmidrulesep=\dimen129
\cmidrulekern=\dimen130
\defaultaddspace=\dimen131
\@cmidla=\count106
\@cmidlb=\count107
\@aboverulesep=\dimen132
\@belowrulesep=\dimen133
\@thisruleclass=\count108
\@lastruleclass=\count109
\@thisrulewidth=\dimen134
)
("C:\Program Files\MiKTeX 2.9\tex\latex\xcolor\xcolor.sty"
Package: xcolor 2007/01/21 v2.11 LaTeX color extensions (UK)

("C:\Program Files\MiKTeX 2.9\tex\latex\00miktex\color.cfg"
File: color.cfg 2007/01/18 v1.5 color configuration of teTeX/TeXLive
)
Package xcolor Info: Driver file: pdftex.def on input line 225.

("C:\Program Files\MiKTeX 2.9\tex\latex\colortbl\colortbl.sty"
Package: colortbl 2012/02/13 v1.0a Color table columns (DPC)

("C:\Program Files\MiKTeX 2.9\tex\latex\tools\array.sty"
Package: array 2014/10/28 v2.4c Tabular extension package (FMi)
\col@sep=\dimen135
\extrarowheight=\dimen136
\NC@list=\toks23
\extratabsurround=\skip46
\backup@length=\skip47
)
\everycr=\toks24
\minrowclearance=\skip48
)
\rownum=\count110
Package xcolor Info: Model `cmy' substituted by `cmy0' on input line 1337.
Package xcolor Info: Model `hsb' substituted by `rgb' on input line 1341.
Package xcolor Info: Model `RGB' extended on input line 1353.
Package xcolor Info: Model `HTML' substituted by `rgb' on input line 1355.
Package xcolor Info: Model `Hsb' substituted by `hsb' on input line 1356.
Package xcolor Info: Model `tHsb' substituted by `hsb' on input line 1357.
Package xcolor Info: Model `HSB' substituted by `hsb' on input line 1358.
Package xcolor Info: Model `Gray' substituted by `gray' on input line 1359.
Package xcolor Info: Model `wave' substituted by `hsb' on input line 1360.
)
("C:\Program Files\MiKTeX 2.9\tex\latex\float\float.sty"
Package: float 2001/11/08 v1.3d Float enhancements (AL)
\c@float@type=\count111
\float@exts=\toks25
\float@box=\box28
\@float@everytoks=\toks26
\@floatcapt=\box29
)
("C:\Program Files\MiKTeX 2.9\tex\latex\natbib\natbib.sty"
Package: natbib 2010/09/13 8.31b (PWD, AO)
\bibhang=\skip49
\bibsep=\skip50
LaTeX Info: Redefining \cite on input line 694.
\c@NAT@ctr=\count112
)
("C:\Program Files\MiKTeX 2.9\tex\latex\pgf\frontendlayer\tikz.sty"
("C:\Program Files\MiKTeX 2.9\tex\latex\pgf\basiclayer\pgf.sty"
("C:\Program Files\MiKTeX 2.9\tex\latex\pgf\utilities\pgfrcs.sty"
("C:\Program Files\MiKTeX 2.9\tex\generic\pgf\utilities\pgfutil-common.tex"
\pgfutil@everybye=\toks27
\pgfutil@tempdima=\dimen137
\pgfutil@tempdimb=\dimen138

("C:\Program Files\MiKTeX 2.9\tex\generic\pgf\utilities\pgfutil-common-lists.te
x")) ("C:\Program Files\MiKTeX 2.9\tex\generic\pgf\utilities\pgfutil-latex.def"
\pgfutil@abb=\box30
("C:\Program Files\MiKTeX 2.9\tex\latex\ms\everyshi.sty"
Package: everyshi 2001/05/15 v3.00 EveryShipout Package (MS)
))
("C:\Program Files\MiKTeX 2.9\tex\generic\pgf\utilities\pgfrcs.code.tex"
Package: pgfrcs 2015/08/07 v3.0.1a (rcs-revision 1.31)
))
Package: pgf 2015/08/07 v3.0.1a (rcs-revision 1.15)

("C:\Program Files\MiKTeX 2.9\tex\latex\pgf\basiclayer\pgfcore.sty"
("C:\Program Files\MiKTeX 2.9\tex\latex\pgf\systemlayer\pgfsys.sty"
("C:\Program Files\MiKTeX 2.9\tex\generic\pgf\systemlayer\pgfsys.code.tex"
Package: pgfsys 2014/07/09 v3.0.1a (rcs-revision 1.48)

("C:\Program Files\MiKTeX 2.9\tex\generic\pgf\utilities\pgfkeys.code.tex"
\pgfkeys@pathtoks=\toks28
\pgfkeys@temptoks=\toks29

("C:\Program Files\MiKTeX 2.9\tex\generic\pgf\utilities\pgfkeysfiltered.code.te
x"
\pgfkeys@tmptoks=\toks30
))
\pgf@x=\dimen139
\pgf@y=\dimen140
\pgf@xa=\dimen141
\pgf@ya=\dimen142
\pgf@xb=\dimen143
\pgf@yb=\dimen144
\pgf@xc=\dimen145
\pgf@yc=\dimen146
\w@pgf@writea=\write4
\r@pgf@reada=\read1
\c@pgf@counta=\count113
\c@pgf@countb=\count114
\c@pgf@countc=\count115
\c@pgf@countd=\count116
\t@pgf@toka=\toks31
\t@pgf@tokb=\toks32
\t@pgf@tokc=\toks33
 ("C:\Program Files\MiKTeX 2.9\tex\generic\pgf\systemlayer\pgf.cfg"
File: pgf.cfg 2008/05/14  (rcs-revision 1.7)
)
Driver file for pgf: pgfsys-pdftex.def

("C:\Program Files\MiKTeX 2.9\tex\generic\pgf\systemlayer\pgfsys-pdftex.def"
File: pgfsys-pdftex.def 2014/10/11  (rcs-revision 1.35)

("C:\Program Files\MiKTeX 2.9\tex\generic\pgf\systemlayer\pgfsys-common-pdf.def
"
File: pgfsys-common-pdf.def 2013/10/10  (rcs-revision 1.13)
)))
("C:\Program Files\MiKTeX 2.9\tex\generic\pgf\systemlayer\pgfsyssoftpath.code.t
ex"
File: pgfsyssoftpath.code.tex 2013/09/09  (rcs-revision 1.9)
\pgfsyssoftpath@smallbuffer@items=\count117
\pgfsyssoftpath@bigbuffer@items=\count118
)
("C:\Program Files\MiKTeX 2.9\tex\generic\pgf\systemlayer\pgfsysprotocol.code.t
ex"
File: pgfsysprotocol.code.tex 2006/10/16  (rcs-revision 1.4)
)) ("C:\Program Files\MiKTeX 2.9\tex\generic\pgf\basiclayer\pgfcore.code.tex"
Package: pgfcore 2010/04/11 v3.0.1a (rcs-revision 1.7)
 ("C:\Program Files\MiKTeX 2.9\tex\generic\pgf\math\pgfmath.code.tex"
("C:\Program Files\MiKTeX 2.9\tex\generic\pgf\math\pgfmathcalc.code.tex"
("C:\Program Files\MiKTeX 2.9\tex\generic\pgf\math\pgfmathutil.code.tex")
("C:\Program Files\MiKTeX 2.9\tex\generic\pgf\math\pgfmathparser.code.tex"
\pgfmath@dimen=\dimen147
\pgfmath@count=\count119
\pgfmath@box=\box31
\pgfmath@toks=\toks34
\pgfmath@stack@operand=\toks35
\pgfmath@stack@operation=\toks36
)
("C:\Program Files\MiKTeX 2.9\tex\generic\pgf\math\pgfmathfunctions.code.tex"
("C:\Program Files\MiKTeX 2.9\tex\generic\pgf\math\pgfmathfunctions.basic.code.
tex")
("C:\Program Files\MiKTeX 2.9\tex\generic\pgf\math\pgfmathfunctions.trigonometr
ic.code.tex")
("C:\Program Files\MiKTeX 2.9\tex\generic\pgf\math\pgfmathfunctions.random.code
.tex")
("C:\Program Files\MiKTeX 2.9\tex\generic\pgf\math\pgfmathfunctions.comparison.
code.tex")
("C:\Program Files\MiKTeX 2.9\tex\generic\pgf\math\pgfmathfunctions.base.code.t
ex")
("C:\Program Files\MiKTeX 2.9\tex\generic\pgf\math\pgfmathfunctions.round.code.
tex")
("C:\Program Files\MiKTeX 2.9\tex\generic\pgf\math\pgfmathfunctions.misc.code.t
ex")
("C:\Program Files\MiKTeX 2.9\tex\generic\pgf\math\pgfmathfunctions.integerarit
hmetics.code.tex")))
("C:\Program Files\MiKTeX 2.9\tex\generic\pgf\math\pgfmathfloat.code.tex"
\c@pgfmathroundto@lastzeros=\count120
))
("C:\Program Files\MiKTeX 2.9\tex\generic\pgf\basiclayer\pgfcorepoints.code.tex
"
File: pgfcorepoints.code.tex 2013/10/07  (rcs-revision 1.27)
\pgf@picminx=\dimen148
\pgf@picmaxx=\dimen149
\pgf@picminy=\dimen150
\pgf@picmaxy=\dimen151
\pgf@pathminx=\dimen152
\pgf@pathmaxx=\dimen153
\pgf@pathminy=\dimen154
\pgf@pathmaxy=\dimen155
\pgf@xx=\dimen156
\pgf@xy=\dimen157
\pgf@yx=\dimen158
\pgf@yy=\dimen159
\pgf@zx=\dimen160
\pgf@zy=\dimen161
)
("C:\Program Files\MiKTeX 2.9\tex\generic\pgf\basiclayer\pgfcorepathconstruct.c
ode.tex"
File: pgfcorepathconstruct.code.tex 2013/10/07  (rcs-revision 1.29)
\pgf@path@lastx=\dimen162
\pgf@path@lasty=\dimen163
)
("C:\Program Files\MiKTeX 2.9\tex\generic\pgf\basiclayer\pgfcorepathusage.code.
tex"
File: pgfcorepathusage.code.tex 2014/11/02  (rcs-revision 1.24)
\pgf@shorten@end@additional=\dimen164
\pgf@shorten@start@additional=\dimen165
)
("C:\Program Files\MiKTeX 2.9\tex\generic\pgf\basiclayer\pgfcorescopes.code.tex
"
File: pgfcorescopes.code.tex 2015/05/08  (rcs-revision 1.46)
\pgfpic=\box32
\pgf@hbox=\box33
\pgf@layerbox@main=\box34
\pgf@picture@serial@count=\count121
)
("C:\Program Files\MiKTeX 2.9\tex\generic\pgf\basiclayer\pgfcoregraphicstate.co
de.tex"
File: pgfcoregraphicstate.code.tex 2014/11/02  (rcs-revision 1.12)
\pgflinewidth=\dimen166
)
("C:\Program Files\MiKTeX 2.9\tex\generic\pgf\basiclayer\pgfcoretransformations
.code.tex"
File: pgfcoretransformations.code.tex 2015/08/07  (rcs-revision 1.20)
\pgf@pt@x=\dimen167
\pgf@pt@y=\dimen168
\pgf@pt@temp=\dimen169
)
("C:\Program Files\MiKTeX 2.9\tex\generic\pgf\basiclayer\pgfcorequick.code.tex"
File: pgfcorequick.code.tex 2008/10/09  (rcs-revision 1.3)
)
("C:\Program Files\MiKTeX 2.9\tex\generic\pgf\basiclayer\pgfcoreobjects.code.te
x"
File: pgfcoreobjects.code.tex 2006/10/11  (rcs-revision 1.2)
)
("C:\Program Files\MiKTeX 2.9\tex\generic\pgf\basiclayer\pgfcorepathprocessing.
code.tex"
File: pgfcorepathprocessing.code.tex 2013/09/09  (rcs-revision 1.9)
)
("C:\Program Files\MiKTeX 2.9\tex\generic\pgf\basiclayer\pgfcorearrows.code.tex
"
File: pgfcorearrows.code.tex 2015/05/14  (rcs-revision 1.43)
\pgfarrowsep=\dimen170
)
("C:\Program Files\MiKTeX 2.9\tex\generic\pgf\basiclayer\pgfcoreshade.code.tex"
File: pgfcoreshade.code.tex 2013/07/15  (rcs-revision 1.15)
\pgf@max=\dimen171
\pgf@sys@shading@range@num=\count122
) ("C:\Program Files\MiKTeX 2.9\tex\generic\pgf\basiclayer\pgfcoreimage.code.te
x"
File: pgfcoreimage.code.tex 2013/07/15  (rcs-revision 1.18)

("C:\Program Files\MiKTeX 2.9\tex\generic\pgf\basiclayer\pgfcoreexternal.code.t
ex"
File: pgfcoreexternal.code.tex 2014/07/09  (rcs-revision 1.21)
\pgfexternal@startupbox=\box35
))
("C:\Program Files\MiKTeX 2.9\tex\generic\pgf\basiclayer\pgfcorelayers.code.tex
"
File: pgfcorelayers.code.tex 2013/07/18  (rcs-revision 1.7)
)
("C:\Program Files\MiKTeX 2.9\tex\generic\pgf\basiclayer\pgfcoretransparency.co
de.tex"
File: pgfcoretransparency.code.tex 2013/09/30  (rcs-revision 1.5)
)
("C:\Program Files\MiKTeX 2.9\tex\generic\pgf\basiclayer\pgfcorepatterns.code.t
ex"
File: pgfcorepatterns.code.tex 2013/11/07  (rcs-revision 1.5)
)))
("C:\Program Files\MiKTeX 2.9\tex\generic\pgf\modules\pgfmoduleshapes.code.tex"
File: pgfmoduleshapes.code.tex 2014/03/21  (rcs-revision 1.35)
\pgfnodeparttextbox=\box36
) ("C:\Program Files\MiKTeX 2.9\tex\generic\pgf\modules\pgfmoduleplot.code.tex"
File: pgfmoduleplot.code.tex 2015/08/03  (rcs-revision 1.13)
)
("C:\Program Files\MiKTeX 2.9\tex\latex\pgf\compatibility\pgfcomp-version-0-65.
sty"
Package: pgfcomp-version-0-65 2007/07/03 v3.0.1a (rcs-revision 1.7)
\pgf@nodesepstart=\dimen172
\pgf@nodesepend=\dimen173
)
("C:\Program Files\MiKTeX 2.9\tex\latex\pgf\compatibility\pgfcomp-version-1-18.
sty"
Package: pgfcomp-version-1-18 2007/07/23 v3.0.1a (rcs-revision 1.1)
)) ("C:\Program Files\MiKTeX 2.9\tex\latex\pgf\utilities\pgffor.sty"
("C:\Program Files\MiKTeX 2.9\tex\latex\pgf\utilities\pgfkeys.sty"
("C:\Program Files\MiKTeX 2.9\tex\generic\pgf\utilities\pgfkeys.code.tex"))
("C:\Program Files\MiKTeX 2.9\tex\latex\pgf\math\pgfmath.sty"
("C:\Program Files\MiKTeX 2.9\tex\generic\pgf\math\pgfmath.code.tex"))
("C:\Program Files\MiKTeX 2.9\tex\generic\pgf\utilities\pgffor.code.tex"
Package: pgffor 2013/12/13 v3.0.1a (rcs-revision 1.25)

("C:\Program Files\MiKTeX 2.9\tex\generic\pgf\math\pgfmath.code.tex")
\pgffor@iter=\dimen174
\pgffor@skip=\dimen175
\pgffor@stack=\toks37
\pgffor@toks=\toks38
))
("C:\Program Files\MiKTeX 2.9\tex\generic\pgf\frontendlayer\tikz\tikz.code.tex"
Package: tikz 2015/08/07 v3.0.1a (rcs-revision 1.151)

("C:\Program Files\MiKTeX 2.9\tex\generic\pgf\libraries\pgflibraryplothandlers.
code.tex"
File: pgflibraryplothandlers.code.tex 2013/08/31 v3.0.1a (rcs-revision 1.20)
\pgf@plot@mark@count=\count123
\pgfplotmarksize=\dimen176
)
\tikz@lastx=\dimen177
\tikz@lasty=\dimen178
\tikz@lastxsaved=\dimen179
\tikz@lastysaved=\dimen180
\tikzleveldistance=\dimen181
\tikzsiblingdistance=\dimen182
\tikz@figbox=\box37
\tikz@figbox@bg=\box38
\tikz@tempbox=\box39
\tikz@tempbox@bg=\box40
\tikztreelevel=\count124
\tikznumberofchildren=\count125
\tikznumberofcurrentchild=\count126
\tikz@fig@count=\count127

("C:\Program Files\MiKTeX 2.9\tex\generic\pgf\modules\pgfmodulematrix.code.tex"
File: pgfmodulematrix.code.tex 2013/09/17  (rcs-revision 1.8)
\pgfmatrixcurrentrow=\count128
\pgfmatrixcurrentcolumn=\count129
\pgf@matrix@numberofcolumns=\count130
)
\tikz@expandcount=\count131

("C:\Program Files\MiKTeX 2.9\tex\generic\pgf\frontendlayer\tikz\libraries\tikz
librarytopaths.code.tex"
File: tikzlibrarytopaths.code.tex 2008/06/17 v3.0.1a (rcs-revision 1.2)
)))
("C:\Program Files\MiKTeX 2.9\tex\generic\pgf\frontendlayer\tikz\libraries\tikz
libraryarrows.code.tex"
File: tikzlibraryarrows.code.tex 2008/01/09 v3.0.1a (rcs-revision 1.1)

("C:\Program Files\MiKTeX 2.9\tex\generic\pgf\libraries\pgflibraryarrows.code.t
ex"
File: pgflibraryarrows.code.tex 2013/09/23 v3.0.1a (rcs-revision 1.16)
\arrowsize=\dimen183
))
("C:\Program Files\MiKTeX 2.9\tex\generic\pgf\frontendlayer\tikz\libraries\tikz
libraryautomata.code.tex"
File: tikzlibraryautomata.code.tex 2008/07/14 v3.0.1a (rcs-revision 1.3)

("C:\Program Files\MiKTeX 2.9\tex\generic\pgf\frontendlayer\tikz\libraries\tikz
libraryshapes.multipart.code.tex"
File: tikzlibraryshapes.multipart.code.tex 2008/01/09 v3.0.1a (rcs-revision 1.1
)

("C:\Program Files\MiKTeX 2.9\tex\generic\pgf\libraries\shapes\pgflibraryshapes
.multipart.code.tex"
File: pgflibraryshapes.multipart.code.tex 2010/01/07 v3.0.1a (rcs-revision 1.2)

\pgfnodepartlowerbox=\box41
\pgfnodeparttwobox=\box42
\pgfnodepartthreebox=\box43
\pgfnodepartfourbox=\box44
\pgfnodeparttwentybox=\box45
\pgfnodepartnineteenbox=\box46
\pgfnodeparteighteenbox=\box47
\pgfnodepartseventeenbox=\box48
\pgfnodepartsixteenbox=\box49
\pgfnodepartfifteenbox=\box50
\pgfnodepartfourteenbox=\box51
\pgfnodepartthirteenbox=\box52
\pgfnodeparttwelvebox=\box53
\pgfnodepartelevenbox=\box54
\pgfnodeparttenbox=\box55
\pgfnodepartninebox=\box56
\pgfnodeparteightbox=\box57
\pgfnodepartsevenbox=\box58
\pgfnodepartsixbox=\box59
\pgfnodepartfivebox=\box60
))) (draft_v7.aux)
LaTeX Font Info:    Checking defaults for OML/cmm/m/it on input line 42.
LaTeX Font Info:    ... okay on input line 42.
LaTeX Font Info:    Checking defaults for T1/cmr/m/n on input line 42.
LaTeX Font Info:    ... okay on input line 42.
LaTeX Font Info:    Checking defaults for OT1/cmr/m/n on input line 42.
LaTeX Font Info:    ... okay on input line 42.
LaTeX Font Info:    Checking defaults for OMS/cmsy/m/n on input line 42.
LaTeX Font Info:    ... okay on input line 42.
LaTeX Font Info:    Checking defaults for OMX/cmex/m/n on input line 42.
LaTeX Font Info:    ... okay on input line 42.
LaTeX Font Info:    Checking defaults for U/cmr/m/n on input line 42.
LaTeX Font Info:    ... okay on input line 42.

*geometry* driver: auto-detecting
*geometry* detected driver: pdftex
*geometry* verbose mode - [ preamble ] result:
* driver: pdftex
* paper: <default>
* layout: <same size as paper>
* layoutoffset:(h,v)=(0.0pt,0.0pt)
* modes: 
* h-part:(L,W,R)=(72.26999pt, 469.75502pt, 72.26999pt)
* v-part:(T,H,B)=(72.26999pt, 650.43001pt, 72.26999pt)
* \paperwidth=614.295pt
* \paperheight=794.96999pt
* \textwidth=469.75502pt
* \textheight=650.43001pt
* \oddsidemargin=0.0pt
* \evensidemargin=0.0pt
* \topmargin=-37.0pt
* \headheight=12.0pt
* \headsep=25.0pt
* \topskip=12.0pt
* \footskip=30.0pt
* \marginparwidth=44.0pt
* \marginparsep=10.0pt
* \columnsep=10.0pt
* \skip\footins=10.8pt plus 4.0pt minus 2.0pt
* \hoffset=0.0pt
* \voffset=0.0pt
* \mag=1000
* \@twocolumnfalse
* \@twosidefalse
* \@mparswitchfalse
* \@reversemarginfalse
* (1in=72.27pt=25.4mm, 1cm=28.453pt)

("C:\Program Files\MiKTeX 2.9\tex\context\base\supp-pdf.mkii"
[Loading MPS to PDF converter (version 2006.09.02).]
\scratchcounter=\count132
\scratchdimen=\dimen184
\scratchbox=\box61
\nofMPsegments=\count133
\nofMParguments=\count134
\everyMPshowfont=\toks39
\MPscratchCnt=\count135
\MPscratchDim=\dimen185
\MPnumerator=\count136
\makeMPintoPDFobject=\count137
\everyMPtoPDFconversion=\toks40
) ABD: EveryShipout initializing macros [1

{C:/ProgramData/MiKTeX/2.9/pdftex/config/pdftex.map}]

LaTeX Warning: `h' float specifier changed to `ht'.


LaTeX Warning: No positions in optional float specifier.
               Default added (so using `tbp') on input line 123.


Overfull \hbox (49.77443pt too wide) in paragraph at lines 125--146
 [][] 
 []

[2] [3] [4] [5] [6] [7] [8] [9] [10] [11] [12] [13] [14] [15] [16] [17]
[18] [19] [20] [21] [22]
Overfull \hbox (12.27084pt too wide) in paragraph at lines 769--786
[] []
 []


Underfull \hbox (badness 10000) in paragraph at lines 769--786

 []

[23]
Overfull \hbox (46.93718pt too wide) in paragraph at lines 795--810
[] []
 []


Underfull \hbox (badness 10000) in paragraph at lines 795--810

 []


Overfull \hbox (49.10776pt too wide) in paragraph at lines 817--842
[] []
 []


Underfull \hbox (badness 10000) in paragraph at lines 817--842

 []


Overfull \hbox (19.04861pt too wide) in paragraph at lines 851--870
[] []
 []


Underfull \hbox (badness 10000) in paragraph at lines 851--870

 []

[24]
Overfull \hbox (15.46526pt too wide) in paragraph at lines 890--907
[] []
 []


Underfull \hbox (badness 10000) in paragraph at lines 890--907

 []


Overfull \hbox (46.79826pt too wide) in paragraph at lines 915--930
[] []
 []


Underfull \hbox (badness 10000) in paragraph at lines 915--930

 []


Overfull \hbox (49.10776pt too wide) in paragraph at lines 938--963
[] []
 []


Underfull \hbox (badness 10000) in paragraph at lines 938--963

 []


Overfull \hbox (18.9097pt too wide) in paragraph at lines 970--989
[] []
 []


Underfull \hbox (badness 10000) in paragraph at lines 970--989

 []

[25]
Overfull \hbox (15.60417pt too wide) in paragraph at lines 1009--1026
[] []
 []


Underfull \hbox (badness 10000) in paragraph at lines 1009--1026

 []


Overfull \hbox (52.43727pt too wide) in paragraph at lines 1034--1049
[] []
 []


Underfull \hbox (badness 10000) in paragraph at lines 1034--1049

 []

[26]
Overfull \hbox (70.21094pt too wide) in paragraph at lines 1057--1082
[] []
 []


Underfull \hbox (badness 10000) in paragraph at lines 1057--1082

 []


Overfull \hbox (25.2431pt too wide) in paragraph at lines 1090--1109
[] []
 []


Underfull \hbox (badness 10000) in paragraph at lines 1090--1109

 []

[27]
Overfull \hbox (15.60417pt too wide) in paragraph at lines 1129--1146
[] []
 []


Underfull \hbox (badness 10000) in paragraph at lines 1129--1146

 []


Overfull \hbox (46.93718pt too wide) in paragraph at lines 1154--1169
[] []
 []


Underfull \hbox (badness 10000) in paragraph at lines 1154--1169

 []


Overfull \hbox (55.44116pt too wide) in paragraph at lines 1177--1202
[] []
 []


Underfull \hbox (badness 10000) in paragraph at lines 1177--1202

 []


Overfull \hbox (21.38199pt too wide) in paragraph at lines 1209--1228
[] []
 []


Underfull \hbox (badness 10000) in paragraph at lines 1209--1228

 []

[28]
Overfull \hbox (15.46526pt too wide) in paragraph at lines 1246--1263
[] []
 []


Underfull \hbox (badness 10000) in paragraph at lines 1246--1263

 []


Overfull \hbox (46.79826pt too wide) in paragraph at lines 1271--1286
[] []
 []


Underfull \hbox (badness 10000) in paragraph at lines 1271--1286

 []


Overfull \hbox (49.10776pt too wide) in paragraph at lines 1294--1319
[] []
 []


Underfull \hbox (badness 10000) in paragraph at lines 1294--1319

 []


Overfull \hbox (18.9097pt too wide) in paragraph at lines 1327--1346
[] []
 []


Underfull \hbox (badness 10000) in paragraph at lines 1327--1346

 []

[29]
Overfull \hbox (15.60417pt too wide) in paragraph at lines 1366--1383
[] []
 []


Underfull \hbox (badness 10000) in paragraph at lines 1366--1383

 []


Overfull \hbox (46.93718pt too wide) in paragraph at lines 1391--1406
[] []
 []


Underfull \hbox (badness 10000) in paragraph at lines 1391--1406

 []


Overfull \hbox (49.24667pt too wide) in paragraph at lines 1414--1439
[] []
 []


Underfull \hbox (badness 10000) in paragraph at lines 1414--1439

 []

[30]
Overfull \hbox (19.04861pt too wide) in paragraph at lines 1447--1466
[] []
 []


Underfull \hbox (badness 10000) in paragraph at lines 1447--1466

 []


Overfull \hbox (15.46526pt too wide) in paragraph at lines 1487--1504
[] []
 []


Underfull \hbox (badness 10000) in paragraph at lines 1487--1504

 []

[31]
Overfull \hbox (49.71503pt too wide) in paragraph at lines 1512--1527
[] []
 []


Underfull \hbox (badness 10000) in paragraph at lines 1512--1527

 []


Overfull \hbox (62.02455pt too wide) in paragraph at lines 1535--1560
[] []
 []


Underfull \hbox (badness 10000) in paragraph at lines 1535--1560

 []


Overfull \hbox (18.9097pt too wide) in paragraph at lines 1568--1587
[] []
 []


Underfull \hbox (badness 10000) in paragraph at lines 1568--1587

 []

[32]
Overfull \hbox (15.60417pt too wide) in paragraph at lines 1609--1626
[] []
 []


Underfull \hbox (badness 10000) in paragraph at lines 1609--1626

 []


Overfull \hbox (46.93718pt too wide) in paragraph at lines 1634--1649
[] []
 []


Underfull \hbox (badness 10000) in paragraph at lines 1634--1649

 []


Overfull \hbox (49.24667pt too wide) in paragraph at lines 1657--1682
[] []
 []


Underfull \hbox (badness 10000) in paragraph at lines 1657--1682

 []

[33]
Overfull \hbox (45.771pt too wide) in paragraph at lines 1690--1709
[] []
 []


Underfull \hbox (badness 10000) in paragraph at lines 1690--1709

 []


Overfull \hbox (12.13193pt too wide) in paragraph at lines 1729--1746
[] []
 []


Underfull \hbox (badness 10000) in paragraph at lines 1729--1746

 []


Overfull \hbox (46.93718pt too wide) in paragraph at lines 1754--1769
[] []
 []


Underfull \hbox (badness 10000) in paragraph at lines 1754--1769

 []

[34]
Overfull \hbox (49.24667pt too wide) in paragraph at lines 1776--1801
[] []
 []


Underfull \hbox (badness 10000) in paragraph at lines 1776--1801

 []


Overfull \hbox (19.04861pt too wide) in paragraph at lines 1809--1828
[] []
 []


Underfull \hbox (badness 10000) in paragraph at lines 1809--1828

 []

[35]
Overfull \hbox (15.60417pt too wide) in paragraph at lines 1846--1863
[] []
 []


Underfull \hbox (badness 10000) in paragraph at lines 1846--1863

 []


Overfull \hbox (54.27057pt too wide) in paragraph at lines 1871--1886
[] []
 []


Underfull \hbox (badness 10000) in paragraph at lines 1871--1886

 []


Overfull \hbox (67.55235pt too wide) in paragraph at lines 1894--1919
[] []
 []


Underfull \hbox (badness 10000) in paragraph at lines 1894--1919

 []


Overfull \hbox (69.96552pt too wide) in paragraph at lines 1927--1946
[] []
 []


Underfull \hbox (badness 10000) in paragraph at lines 1927--1946

 []

[36]
Overfull \hbox (12.27084pt too wide) in paragraph at lines 1968--1985
[] []
 []


Underfull \hbox (badness 10000) in paragraph at lines 1968--1985

 []


Overfull \hbox (46.93718pt too wide) in paragraph at lines 1993--2008
[] []
 []


Underfull \hbox (badness 10000) in paragraph at lines 1993--2008

 []


Overfull \hbox (49.24667pt too wide) in paragraph at lines 2015--2040
[] []
 []


Underfull \hbox (badness 10000) in paragraph at lines 2015--2040

 []

[37]
Overfull \hbox (19.04861pt too wide) in paragraph at lines 2048--2067
[] []
 []


Underfull \hbox (badness 10000) in paragraph at lines 2048--2067

 []


Overfull \hbox (12.27084pt too wide) in paragraph at lines 2089--2106
[] []
 []


Underfull \hbox (badness 10000) in paragraph at lines 2089--2106

 []

[38]
Overfull \hbox (46.93718pt too wide) in paragraph at lines 2114--2129
[] []
 []


Underfull \hbox (badness 10000) in paragraph at lines 2114--2129

 []


Overfull \hbox (70.10796pt too wide) in paragraph at lines 2137--2162
[] []
 []


Underfull \hbox (badness 10000) in paragraph at lines 2137--2162

 []


Overfull \hbox (20.24309pt too wide) in paragraph at lines 2170--2189
[] []
 []


Underfull \hbox (badness 10000) in paragraph at lines 2170--2189

 []

[39]
Overfull \hbox (12.27084pt too wide) in paragraph at lines 2213--2230
[] []
 []


Underfull \hbox (badness 10000) in paragraph at lines 2213--2230

 []


Overfull \hbox (46.93718pt too wide) in paragraph at lines 2238--2253
[] []
 []


Underfull \hbox (badness 10000) in paragraph at lines 2238--2253

 []


Overfull \hbox (49.24667pt too wide) in paragraph at lines 2260--2285
[] []
 []


Underfull \hbox (badness 10000) in paragraph at lines 2260--2285

 []

[40]
Overfull \hbox (19.04861pt too wide) in paragraph at lines 2293--2312
[] []
 []


Underfull \hbox (badness 10000) in paragraph at lines 2293--2312

 []

[41]
Overfull \hbox (12.27084pt too wide) in paragraph at lines 2332--2349
[] []
 []


Underfull \hbox (badness 10000) in paragraph at lines 2332--2349

 []


Overfull \hbox (46.93718pt too wide) in paragraph at lines 2357--2372
[] []
 []


Underfull \hbox (badness 10000) in paragraph at lines 2357--2372

 []


Overfull \hbox (54.24669pt too wide) in paragraph at lines 2379--2404
[] []
 []


Underfull \hbox (badness 10000) in paragraph at lines 2379--2404

 []


Overfull \hbox (29.04865pt too wide) in paragraph at lines 2412--2431
[] []
 []


Underfull \hbox (badness 10000) in paragraph at lines 2412--2431

 []

[42]
Overfull \hbox (15.60417pt too wide) in paragraph at lines 2455--2472
[] []
 []


Underfull \hbox (badness 10000) in paragraph at lines 2455--2472

 []


Overfull \hbox (46.93718pt too wide) in paragraph at lines 2480--2495
[] []
 []


Underfull \hbox (badness 10000) in paragraph at lines 2480--2495

 []

[43]
Overfull \hbox (49.24667pt too wide) in paragraph at lines 2502--2527
[] []
 []


Underfull \hbox (badness 10000) in paragraph at lines 2502--2527

 []


Overfull \hbox (19.04861pt too wide) in paragraph at lines 2535--2554
[] []
 []


Underfull \hbox (badness 10000) in paragraph at lines 2535--2554

 []

[44]
Overfull \hbox (12.13193pt too wide) in paragraph at lines 2578--2595
[] []
 []


Underfull \hbox (badness 10000) in paragraph at lines 2578--2595

 []


Overfull \hbox (46.93718pt too wide) in paragraph at lines 2603--2618
[] []
 []


Underfull \hbox (badness 10000) in paragraph at lines 2603--2618

 []


Overfull \hbox (49.10776pt too wide) in paragraph at lines 2626--2651
[] []
 []


Underfull \hbox (badness 10000) in paragraph at lines 2626--2651

 []


Overfull \hbox (23.04863pt too wide) in paragraph at lines 2659--2678
[] []
 []


Underfull \hbox (badness 10000) in paragraph at lines 2659--2678

 []

[45]
Overfull \hbox (15.60417pt too wide) in paragraph at lines 2700--2717
[] []
 []


Underfull \hbox (badness 10000) in paragraph at lines 2700--2717

 []


Overfull \hbox (46.93718pt too wide) in paragraph at lines 2725--2740
[] []
 []


Underfull \hbox (badness 10000) in paragraph at lines 2725--2740

 []


Overfull \hbox (49.24667pt too wide) in paragraph at lines 2747--2772
[] []
 []


Underfull \hbox (badness 10000) in paragraph at lines 2747--2772

 []

[46]
Overfull \hbox (19.04861pt too wide) in paragraph at lines 2780--2799
[] []
 []


Underfull \hbox (badness 10000) in paragraph at lines 2780--2799

 []


Overfull \hbox (12.27084pt too wide) in paragraph at lines 2819--2836
[] []
 []


Underfull \hbox (badness 10000) in paragraph at lines 2819--2836

 []

[47]
Overfull \hbox (46.93718pt too wide) in paragraph at lines 2844--2859
[] []
 []


Underfull \hbox (badness 10000) in paragraph at lines 2844--2859

 []


Overfull \hbox (49.24667pt too wide) in paragraph at lines 2866--2891
[] []
 []


Underfull \hbox (badness 10000) in paragraph at lines 2866--2891

 []


Overfull \hbox (19.04861pt too wide) in paragraph at lines 2899--2918
[] []
 []


Underfull \hbox (badness 10000) in paragraph at lines 2899--2918

 []

[48]
Overfull \hbox (12.13193pt too wide) in paragraph at lines 2944--2961
[] []
 []


Underfull \hbox (badness 10000) in paragraph at lines 2944--2961

 []


Overfull \hbox (46.93718pt too wide) in paragraph at lines 2969--2984
[] []
 []


Underfull \hbox (badness 10000) in paragraph at lines 2969--2984

 []


Overfull \hbox (49.10776pt too wide) in paragraph at lines 2991--3016
[] []
 []


Underfull \hbox (badness 10000) in paragraph at lines 2991--3016

 []

[49]
Overfull \hbox (23.04863pt too wide) in paragraph at lines 3024--3043
[] []
 []


Underfull \hbox (badness 10000) in paragraph at lines 3024--3043

 []

(draft_v7.bbl
Missing character: There is no â in font cmr12!
Missing character: There is no € in font cmr12!
Missing character: There is no “ in font cmr12!
 [50]
Missing character: There is no â in font cmr12!
Missing character: There is no € in font cmr12!
Missing character: There is no “ in font cmr12!
 [51] [52]) [53] (draft_v7.aux) ) 
Here is how much of TeX's memory you used:
 14522 strings out of 493698
 294393 string characters out of 3144402
 355120 words of memory out of 3000000
 17592 multiletter control sequences out of 15000+200000
 13733 words of font info for 49 fonts, out of 3000000 for 9000
 1025 hyphenation exceptions out of 8191
 55i,15n,69p,1254b,1289s stack positions out of 5000i,500n,10000p,200000b,50000s
<C:/Program Files/MiKTeX 2.9/fonts/type1/publi
c/amsfonts/cm/cmbx12.pfb><C:/Program Files/MiKTeX 2.9/fonts/type1/public/amsfon
ts/cm/cmex10.pfb><C:/Program Files/MiKTeX 2.9/fonts/type1/public/amsfonts/cmext
ra/cmex8.pfb><C:/Program Files/MiKTeX 2.9/fonts/type1/public/amsfonts/cm/cmmi10
.pfb><C:/Program Files/MiKTeX 2.9/fonts/type1/public/amsfonts/cm/cmmi12.pfb><C:
/Program Files/MiKTeX 2.9/fonts/type1/public/amsfonts/cm/cmmi6.pfb><C:/Program 
Files/MiKTeX 2.9/fonts/type1/public/amsfonts/cm/cmmi7.pfb><C:/Program Files/MiK
TeX 2.9/fonts/type1/public/amsfonts/cm/cmmi8.pfb><C:/Program Files/MiKTeX 2.9/f
onts/type1/public/amsfonts/cm/cmr10.pfb><C:/Program Files/MiKTeX 2.9/fonts/type
1/public/amsfonts/cm/cmr12.pfb><C:/Program Files/MiKTeX 2.9/fonts/type1/public/
amsfonts/cm/cmr17.pfb><C:/Program Files/MiKTeX 2.9/fonts/type1/public/amsfonts/
cm/cmr6.pfb><C:/Program Files/MiKTeX 2.9/fonts/type1/public/amsfonts/cm/cmr7.pf
b><C:/Program Files/MiKTeX 2.9/fonts/type1/public/amsfonts/cm/cmr8.pfb><C:/Prog
ram Files/MiKTeX 2.9/fonts/type1/public/amsfonts/cm/cmsy10.pfb><C:/Program File
s/MiKTeX 2.9/fonts/type1/public/amsfonts/cm/cmsy6.pfb><C:/Program Files/MiKTeX 
2.9/fonts/type1/public/amsfonts/cm/cmsy8.pfb><C:/Program Files/MiKTeX 2.9/fonts
/type1/public/amsfonts/cm/cmti12.pfb>
Output written on draft_v7.pdf (53 pages, 439822 bytes).
PDF statistics:
 248 PDF objects out of 1000 (max. 8388607)
 0 named destinations out of 1000 (max. 500000)
 13 words of extra memory for PDF output out of 10000 (max. 10000000)

