This is pdfTeX, Version 3.14159265-2.6-1.40.19 (TeX Live 2018/Arch Linux) (preloaded format=pdflatex 2018.12.2)  2 DEC 2018 16:31
entering extended mode
 restricted \write18 enabled.
 file:line:error style messages enabled.
 %&-line parsing enabled.
**\input sim_v1.tex
(./sim_v1.tex (./WileyNJD-v2.cls
Document Class: WileyNJD-v2 2017/06/23 v0.2 Standard LaTeX document class for J
ournal
\job@temptoken=\toks14
(/usr/share/texmf-dist/tex/latex/base/article.cls
Document Class: article 2014/09/29 v1.4h Standard LaTeX document class
(/usr/share/texmf-dist/tex/latex/base/fleqn.clo
File: fleqn.clo 2016/12/29 v1.2a Standard LaTeX option (flush left equations)
\mathindent=\dimen102
Applying: [2015/01/01] Make \[ robust on input line 50.
LaTeX Info: Redefining \[ on input line 51.
Already applied: [0000/00/00] Make \[ robust on input line 62.
Applying: [2015/01/01] Make \] robust on input line 74.
LaTeX Info: Redefining \] on input line 75.
Already applied: [0000/00/00] Make \] robust on input line 83.
)
(/usr/share/texmf-dist/tex/latex/base/size10.clo
File: size10.clo 2014/09/29 v1.4h Standard LaTeX file (size option)
)
\c@part=\count80
\c@section=\count81
\c@subsection=\count82
\c@subsubsection=\count83
\c@paragraph=\count84
\c@subparagraph=\count85
\c@figure=\count86
\c@table=\count87
\abovecaptionskip=\skip41
\belowcaptionskip=\skip42
\bibindent=\dimen103
)
(/usr/share/texmf-dist/tex/latex/graphics/graphicx.sty
Package: graphicx 2017/06/01 v1.1a Enhanced LaTeX Graphics (DPC,SPQR)

(/usr/share/texmf-dist/tex/latex/graphics/keyval.sty
Package: keyval 2014/10/28 v1.15 key=value parser (DPC)
\KV@toks@=\toks15
)
(/usr/share/texmf-dist/tex/latex/graphics/graphics.sty
Package: graphics 2017/06/25 v1.2c Standard LaTeX Graphics (DPC,SPQR)

(/usr/share/texmf-dist/tex/latex/graphics/trig.sty
Package: trig 2016/01/03 v1.10 sin cos tan (DPC)
)
(/usr/share/texmf-dist/tex/latex/graphics-cfg/graphics.cfg
File: graphics.cfg 2016/06/04 v1.11 sample graphics configuration
)
Package graphics Info: Driver file: pdftex.def on input line 99.

(/usr/share/texmf-dist/tex/latex/graphics-def/pdftex.def
File: pdftex.def 2018/01/08 v1.0l Graphics/color driver for pdftex
))
\Gin@req@height=\dimen104
\Gin@req@width=\dimen105
)
(/usr/share/texmf-dist/tex/latex/tools/multicol.sty
Package: multicol 2018/04/20 v1.8s multicolumn formatting (FMi)
\c@tracingmulticols=\count88
\mult@box=\box26
\multicol@leftmargin=\dimen106
\c@unbalance=\count89
\c@collectmore=\count90
\doublecol@number=\count91
\multicoltolerance=\count92
\multicolpretolerance=\count93
\full@width=\dimen107
\page@free=\dimen108
\premulticols=\dimen109
\postmulticols=\dimen110
\multicolsep=\skip43
\multicolbaselineskip=\skip44
\partial@page=\box27
\last@line=\box28
\maxbalancingoverflow=\dimen111
\mult@rightbox=\box29
\mult@grightbox=\box30
\mult@gfirstbox=\box31
\mult@firstbox=\box32
\@tempa=\box33
\@tempa=\box34
\@tempa=\box35
\@tempa=\box36
\@tempa=\box37
\@tempa=\box38
\@tempa=\box39
\@tempa=\box40
\@tempa=\box41
\@tempa=\box42
\@tempa=\box43
\@tempa=\box44
\@tempa=\box45
\@tempa=\box46
\@tempa=\box47
\@tempa=\box48
\@tempa=\box49
\c@columnbadness=\count94
\c@finalcolumnbadness=\count95
\last@try=\dimen112
\multicolovershoot=\dimen113
\multicolundershoot=\dimen114
\mult@nat@firstbox=\box50
\colbreak@box=\box51
\mc@col@check@num=\count96
)
(/usr/share/texmf-dist/tex/latex/multirow/multirow.sty
Package: multirow 2018/08/03 v2.3 Span multiple rows of a table
\multirow@colwidth=\skip45
\multirow@cntb=\count97
\multirow@dima=\skip46
\bigstrutjot=\dimen115
)
(/usr/share/texmf-dist/tex/latex/sttools/cuted.sty
Package: cuted 2012/10/04 v1.5 Mixing onecolumn and twocolumn modes
\At@ViperColsBreak=\toks16
\v@aaa=\box52
\v@ccc=\box53
\lastskip@a=\skip47
\lastskip@b=\skip48
\lastskip@d=\skip49
\lastbox@a=\box54
\stripsep=\skip50
\@viper=\box55
\viper@penalty=\count98
\hold@viper=\box56
\ht@viper=\dimen116
)
(/usr/share/texmf-dist/tex/generic/oberdiek/ifpdf.sty
Package: ifpdf 2018/09/07 v3.3 Provides the ifpdf switch
)
(/usr/share/texmf-dist/tex/latex/url/url.sty
\Urlmuskip=\muskip10
Package: url 2013/09/16  ver 3.4  Verb mode for urls, etc.
)
(/usr/share/texmf-dist/tex/latex/changepage/changepage.sty
Package: changepage 2009/10/20 v1.0c check page and change page layout
\c@cp@cntr=\count99
\cp@tempcnt=\count100
)
(/usr/share/texmf-dist/tex/latex/tools/calc.sty
Package: calc 2017/05/25 v4.3 Infix arithmetic (KKT,FJ)
\calc@Acount=\count101
\calc@Bcount=\count102
\calc@Adimen=\dimen117
\calc@Bdimen=\dimen118
\calc@Askip=\skip51
\calc@Bskip=\skip52
LaTeX Info: Redefining \setlength on input line 80.
LaTeX Info: Redefining \addtolength on input line 81.
\calc@Ccount=\count103
\calc@Cskip=\skip53
)
(/usr/share/texmf-dist/tex/latex/xcolor/xcolor.sty
Package: xcolor 2016/05/11 v2.12 LaTeX color extensions (UK)

(/usr/share/texmf-dist/tex/latex/graphics-cfg/color.cfg
File: color.cfg 2016/01/02 v1.6 sample color configuration
)
Package xcolor Info: Driver file: pdftex.def on input line 225.
Package xcolor Info: Model `cmy' substituted by `cmy0' on input line 1348.
Package xcolor Info: Model `hsb' substituted by `rgb' on input line 1352.
Package xcolor Info: Model `RGB' extended on input line 1364.
Package xcolor Info: Model `HTML' substituted by `rgb' on input line 1366.
Package xcolor Info: Model `Hsb' substituted by `hsb' on input line 1367.
Package xcolor Info: Model `tHsb' substituted by `hsb' on input line 1368.
Package xcolor Info: Model `HSB' substituted by `hsb' on input line 1369.
Package xcolor Info: Model `Gray' substituted by `gray' on input line 1370.
Package xcolor Info: Model `wave' substituted by `hsb' on input line 1371.
)
(/usr/share/texmf-dist/tex/latex/float/float.sty
Package: float 2001/11/08 v1.3d Float enhancements (AL)
\c@float@type=\count104
\float@exts=\toks17
\float@box=\box57
\@float@everytoks=\toks18
\@floatcapt=\box58
)
(/usr/share/texmf-dist/tex/latex/sttools/floatpag.sty
Package: floatpag 2012/05/29 v1.1 Different pagestyles on float pages
Package: floatpag 1999/04/29 FLOAT PAGESTYLE
)
(/usr/share/texmf-dist/tex/latex/dblfloatfix/dblfloatfix.sty
Package: dblfloatfix 2012/12/31 v1.0a (JAW)

(/usr/share/texmf-dist/tex/latex/base/fixltx2e.sty
Package: fixltx2e 2016/12/29 v2.1a fixes to LaTeX (obsolete)
Applying: [2015/01/01] Old fixltx2e package on input line 46.


Package fixltx2e Warning: fixltx2e is not required with releases after 2015
(fixltx2e)                All fixes are now in the LaTeX kernel.
(fixltx2e)                See the latexrelease package for details.

Already applied: [0000/00/00] Old fixltx2e package on input line 53.
)
\@dblbotnum=\count105
\c@dblbotnumber=\count106
) (/usr/share/texmf-dist/tex/latex/graphics/rotating.sty
Package: rotating 2016/08/11 v2.16d rotated objects in LaTeX

(/usr/share/texmf-dist/tex/latex/base/ifthen.sty
Package: ifthen 2014/09/29 v1.1c Standard LaTeX ifthen package (DPC)
)
\c@r@tfl@t=\count107
\rotFPtop=\skip54
\rotFPbot=\skip55
\rot@float@box=\box59
\rot@mess@toks=\toks19
)
(/usr/share/texmf-dist/tex/latex/tools/longtable.sty
Package: longtable 2014/10/28 v4.11 Multi-page Table package (DPC)
\LTleft=\skip56
\LTright=\skip57
\LTpre=\skip58
\LTpost=\skip59
\LTchunksize=\count108
\LTcapwidth=\dimen119
\LT@head=\box60
\LT@firsthead=\box61
\LT@foot=\box62
\LT@lastfoot=\box63
\LT@cols=\count109
\LT@rows=\count110
\c@LT@tables=\count111
\c@LT@chunks=\count112
\LT@p@ftn=\toks20
)
(/usr/share/texmf-dist/tex/generic/ulem/ulem.sty
\UL@box=\box64
\UL@hyphenbox=\box65
\UL@skip=\skip60
\UL@hook=\toks21
\UL@height=\dimen120
\UL@pe=\count113
\UL@pixel=\dimen121
\ULC@box=\box66
Package: ulem 2012/05/18
\ULdepth=\dimen122
)
(/usr/share/texmf-dist/tex/latex/tools/enumerate.sty
Package: enumerate 2015/07/23 v3.00 enumerate extensions (DPC)
\@enLab=\toks22
)
(/usr/share/texmf-dist/tex/latex/soul/soul.sty
Package: soul 2003/11/17 v2.4 letterspacing/underlining (mf)
\SOUL@word=\toks23
\SOUL@lasttoken=\toks24
\SOUL@cmds=\toks25
\SOUL@buffer=\toks26
\SOUL@token=\toks27
\SOUL@spaceskip=\skip61
\SOUL@ttwidth=\dimen123
\SOUL@uldp=\dimen124
\SOUL@ulht=\dimen125
)
(/usr/share/texmf-dist/tex/latex/caption/caption.sty
Package: caption 2018/10/06 v3.3-154 Customizing captions (AR)

(/usr/share/texmf-dist/tex/latex/caption/caption3.sty
Package: caption3 2018/09/12 v1.8c caption3 kernel (AR)
Package caption3 Info: TeX engine: e-TeX on input line 64.
\captionmargin=\dimen126
\captionmargin@=\dimen127
\captionwidth=\dimen128
\caption@tempdima=\dimen129
\caption@indent=\dimen130
\caption@parindent=\dimen131
\caption@hangindent=\dimen132
)
\c@caption@flags=\count114
\c@ContinuedFloat=\count115
Package caption Info: float package is loaded.
Package caption Info: longtable package is loaded.

(/usr/share/texmf-dist/tex/latex/caption/ltcaption.sty
Package: ltcaption 2018/08/26 v1.4-95 longtable captions (AR)
)
Package caption Info: rotating package is loaded.
)
(/usr/share/texmf-dist/tex/latex/hyperref/hyperref.sty
Package: hyperref 2018/09/30 v6.88a Hypertext links for LaTeX

(/usr/share/texmf-dist/tex/generic/oberdiek/hobsub-hyperref.sty
Package: hobsub-hyperref 2016/05/16 v1.14 Bundle oberdiek, subset hyperref (HO)


(/usr/share/texmf-dist/tex/generic/oberdiek/hobsub-generic.sty
Package: hobsub-generic 2016/05/16 v1.14 Bundle oberdiek, subset generic (HO)
Package: hobsub 2016/05/16 v1.14 Construct package bundles (HO)
Package: infwarerr 2016/05/16 v1.4 Providing info/warning/error messages (HO)
Package: ltxcmds 2016/05/16 v1.23 LaTeX kernel commands for general use (HO)
Package: ifluatex 2016/05/16 v1.4 Provides the ifluatex switch (HO)
Package ifluatex Info: LuaTeX not detected.
Package: ifvtex 2016/05/16 v1.6 Detect VTeX and its facilities (HO)
Package ifvtex Info: VTeX not detected.
Package: intcalc 2016/05/16 v1.2 Expandable calculations with integers (HO)
Package hobsub Info: Skipping package `ifpdf' (already loaded).
Package: etexcmds 2016/05/16 v1.6 Avoid name clashes with e-TeX commands (HO)
Package etexcmds Info: Could not find \expanded.
(etexcmds)             That can mean that you are not using pdfTeX 1.50 or
(etexcmds)             that some package has redefined \expanded.
(etexcmds)             In the latter case, load this package earlier.
Package: kvsetkeys 2016/05/16 v1.17 Key value parser (HO)
Package: kvdefinekeys 2016/05/16 v1.4 Define keys (HO)
Package: pdftexcmds 2018/09/10 v0.29 Utility functions of pdfTeX for LuaTeX (HO
)
Package pdftexcmds Info: LuaTeX not detected.
Package pdftexcmds Info: \pdf@primitive is available.
Package pdftexcmds Info: \pdf@ifprimitive is available.
Package pdftexcmds Info: \pdfdraftmode found.
Package: pdfescape 2016/05/16 v1.14 Implements pdfTeX's escape features (HO)
Package: bigintcalc 2016/05/16 v1.4 Expandable calculations on big integers (HO
)
Package: bitset 2016/05/16 v1.2 Handle bit-vector datatype (HO)
Package: uniquecounter 2016/05/16 v1.3 Provide unlimited unique counter (HO)
)
Package hobsub Info: Skipping package `hobsub' (already loaded).
Package: letltxmacro 2016/05/16 v1.5 Let assignment for LaTeX macros (HO)
Package: hopatch 2016/05/16 v1.3 Wrapper for package hooks (HO)
Package: xcolor-patch 2016/05/16 xcolor patch
Package: atveryend 2016/05/16 v1.9 Hooks at the very end of document (HO)
Package atveryend Info: \enddocument detected (standard20110627).
Package: atbegshi 2016/06/09 v1.18 At begin shipout hook (HO)
Package: refcount 2016/05/16 v3.5 Data extraction from label references (HO)
Package: hycolor 2016/05/16 v1.8 Color options for hyperref/bookmark (HO)
)
(/usr/share/texmf-dist/tex/generic/ifxetex/ifxetex.sty
Package: ifxetex 2010/09/12 v0.6 Provides ifxetex conditional
)
(/usr/share/texmf-dist/tex/latex/oberdiek/auxhook.sty
Package: auxhook 2016/05/16 v1.4 Hooks for auxiliary files (HO)
)
(/usr/share/texmf-dist/tex/latex/oberdiek/kvoptions.sty
Package: kvoptions 2016/05/16 v3.12 Key value format for package options (HO)
)
\@linkdim=\dimen133
\Hy@linkcounter=\count116
\Hy@pagecounter=\count117

(/usr/share/texmf-dist/tex/latex/hyperref/pd1enc.def
File: pd1enc.def 2018/09/30 v6.88a Hyperref: PDFDocEncoding definition (HO)
Now handling font encoding PD1 ...
... no UTF-8 mapping file for font encoding PD1
)
\Hy@SavedSpaceFactor=\count118

(/usr/share/texmf-dist/tex/latex/latexconfig/hyperref.cfg
File: hyperref.cfg 2002/06/06 v1.2 hyperref configuration of TeXLive
)
Package hyperref Info: Hyper figures OFF on input line 4535.
Package hyperref Info: Link nesting OFF on input line 4540.
Package hyperref Info: Hyper index ON on input line 4543.
Package hyperref Info: Plain pages OFF on input line 4550.
Package hyperref Info: Backreferencing OFF on input line 4555.
Package hyperref Info: Implicit mode ON; LaTeX internals redefined.
Package hyperref Info: Bookmarks ON on input line 4788.
\c@Hy@tempcnt=\count119
LaTeX Info: Redefining \url on input line 5141.
\XeTeXLinkMargin=\dimen134
\Fld@menulength=\count120
\Field@Width=\dimen135
\Fld@charsize=\dimen136
Package hyperref Info: Hyper figures OFF on input line 6396.
Package hyperref Info: Link nesting OFF on input line 6401.
Package hyperref Info: Hyper index ON on input line 6404.
Package hyperref Info: backreferencing OFF on input line 6411.
Package hyperref Info: Link coloring OFF on input line 6416.
Package hyperref Info: Link coloring with OCG OFF on input line 6421.
Package hyperref Info: PDF/A mode OFF on input line 6426.
LaTeX Info: Redefining \ref on input line 6466.
LaTeX Info: Redefining \pageref on input line 6470.
\Hy@abspage=\count121
\c@Item=\count122
\c@Hfootnote=\count123
)
Package hyperref Info: Driver (autodetected): hpdftex.

(/usr/share/texmf-dist/tex/latex/hyperref/hpdftex.def
File: hpdftex.def 2018/09/30 v6.88a Hyperref driver for pdfTeX
\Fld@listcount=\count124
\c@bookmark@seq@number=\count125

(/usr/share/texmf-dist/tex/latex/oberdiek/rerunfilecheck.sty
Package: rerunfilecheck 2016/05/16 v1.8 Rerun checks for auxiliary files (HO)
Package uniquecounter Info: New unique counter `rerunfilecheck' on input line 2
82.
)
\Hy@SectionHShift=\skip62
)
Package hyperref Info: Option `bookmarksopen' set `true' on input line 271.

(/usr/share/texmf-dist/tex/latex/oberdiek/bookmark.sty
Package: bookmark 2016/05/17 v1.26 PDF bookmarks (HO)

(/usr/share/texmf-dist/tex/latex/oberdiek/bkm-pdftex.def
File: bkm-pdftex.def 2016/05/17 v1.26 bookmark driver for pdfTeX (HO)
\BKM@id=\count126
))
(/usr/share/texmf-dist/tex/latex/subfig/subfig.sty
Package: subfig 2005/06/28 ver: 1.3 subfig package
\c@KVtest=\count127
\sf@farskip=\skip63
\sf@captopadj=\dimen137
\sf@capskip=\skip64
\sf@nearskip=\skip65
\c@subfigure=\count128
\c@subfigure@save=\count129
\c@lofdepth=\count130
\c@subtable=\count131
\c@subtable@save=\count132
\c@lotdepth=\count133
\sf@top=\skip66
\sf@bottom=\skip67
)
(/usr/share/texmf-dist/tex/latex/oberdiek/twoopt.sty
Package: twoopt 2016/05/16 v1.6 Definitions with two optional arguments (HO)
)
(/usr/share/texmf-dist/tex/latex/footmisc/footmisc.sty
Package: footmisc 2011/06/06 v5.5b a miscellany of footnote facilities
\FN@temptoken=\toks28
\footnotemargin=\dimen138
\c@pp@next@reset=\count134
Package footmisc Info: Declaring symbol style bringhurst on input line 855.
Package footmisc Info: Declaring symbol style chicago on input line 863.
Package footmisc Info: Declaring symbol style wiley on input line 872.
Package footmisc Info: Declaring symbol style lamport-robust on input line 883.

Package footmisc Info: Declaring symbol style lamport* on input line 903.
Package footmisc Info: Declaring symbol style lamport*-robust on input line 924
.
)
(/usr/share/texmf-dist/tex/generic/oberdiek/alphalph.sty
Package: alphalph 2016/05/16 v2.5 Convert numbers to letters (HO)
)
(/usr/share/texmf-dist/tex/latex/pageslts/pageslts.sty
Package: pageslts 2015/12/21 v1.2f Refers to special pages' numbers/names (HMM)


(/usr/share/texmf-dist/tex/latex/ms/everyshi.sty
Package: everyshi 2001/05/15 v3.00 EveryShipout Package (MS)
)
(/usr/share/texmf-dist/tex/latex/undolabl/undolabl.sty
Package: undolabl 2015/03/29 v1.0l Overriding labels (HMM)
)
Package pageslts Info: Option pagecontinue enabled
(pageslts)             (maybe by default):
(pageslts)             The pageslts package will continue the page numbering,
(pageslts)             when the same page numbering scheme is used twice.
(pageslts)             If you do not want this, call pageslts with option
(pageslts)             pagecontinue=false (or use \setcounter{page}=1).
(pageslts)              on input line 179.
Package pageslts Info: Option romanMult enabled
(pageslts)             (maybe by default):
(pageslts)             The pageslts package will extend the page numbering
(pageslts)             of the roman scheme below i with
(pageslts)             0, -i, -ii, -iii, -iv,...
(pageslts)             If you do not want this, call pageslts with option
(pageslts)             romanMult=false.
(pageslts)              on input line 278.
Package pageslts Info: Option RomanMulti enabled
(pageslts)             (maybe by default):
(pageslts)             The pageslts package will extend the page numbering
(pageslts)             of the Roman scheme below I with
(pageslts)             0, -I, -II, -III, -IV,...
(pageslts)             If you do not want this, call pageslts with option
(pageslts)             RomanMulti=false.
(pageslts)              on input line 300.
Package pageslts Info: Option fnsymbolmult enabled
(pageslts)             (maybe by default):
(pageslts)             The pageslts package will extend the page numbering
(pageslts)             of the footnotesymbol scheme using the alphalph
(pageslts)             package.
(pageslts)             If you do not want this, call pageslts with option
(pageslts)             fnsymbolmult=false.
(pageslts)              on input line 322.
\c@CurrentPage=\count135
\c@pagesLTS.pagenr=\count136
\c@pagesLTS.current.local.0=\count137
\c@pagesLTS.pnc.0=\count138
)
(/usr/share/texmf-dist/tex/latex/tools/tabularx.sty
Package: tabularx 2016/02/03 v2.11b `tabularx' package (DPC)

(/usr/share/texmf-dist/tex/latex/tools/array.sty
Package: array 2018/04/30 v2.4h Tabular extension package (FMi)
\col@sep=\dimen139
\ar@mcellbox=\box67
\extrarowheight=\dimen140
\NC@list=\toks29
\extratabsurround=\skip68
\backup@length=\skip69
\ar@cellbox=\box68
)
\TX@col@width=\dimen141
\TX@old@table=\dimen142
\TX@old@col=\dimen143
\TX@target=\dimen144
\TX@delta=\dimen145
\TX@cols=\count139
\TX@ftn=\toks30
)
(/usr/share/texmf-dist/tex/latex/mdframed/mdframed.sty
Package: mdframed 2013/07/01 1.9b: mdframed

(/usr/share/texmf-dist/tex/latex/l3packages/xparse/xparse.sty
(/usr/share/texmf-dist/tex/latex/l3kernel/expl3.sty
Package: expl3 2018-11-19 L3 programming layer (loader) 

(/usr/share/texmf-dist/tex/latex/l3kernel/expl3-code.tex
Package: expl3 2018-11-19 L3 programming layer (code)
\c_max_int=\count140
\l_tmpa_int=\count141
\l_tmpb_int=\count142
\g_tmpa_int=\count143
\g_tmpb_int=\count144
\g__kernel_prg_map_int=\count145
\c_log_iow=\count146
\l_iow_line_count_int=\count147
\l__iow_line_target_int=\count148
\l__iow_one_indent_int=\count149
\l__iow_indent_int=\count150
\c_zero_dim=\dimen146
\c_max_dim=\dimen147
\l_tmpa_dim=\dimen148
\l_tmpb_dim=\dimen149
\g_tmpa_dim=\dimen150
\g_tmpb_dim=\dimen151
\c_zero_skip=\skip70
\c_max_skip=\skip71
\l_tmpa_skip=\skip72
\l_tmpb_skip=\skip73
\g_tmpa_skip=\skip74
\g_tmpb_skip=\skip75
\c_zero_muskip=\muskip11
\c_max_muskip=\muskip12
\l_tmpa_muskip=\muskip13
\l_tmpb_muskip=\muskip14
\g_tmpa_muskip=\muskip15
\g_tmpb_muskip=\muskip16
\l_keys_choice_int=\count151
\l__intarray_loop_int=\count152
\c__intarray_sp_dim=\dimen152
\g__intarray_font_int=\count153
\c__fp_leading_shift_int=\count154
\c__fp_middle_shift_int=\count155
\c__fp_trailing_shift_int=\count156
\c__fp_big_leading_shift_int=\count157
\c__fp_big_middle_shift_int=\count158
\c__fp_big_trailing_shift_int=\count159
\c__fp_Bigg_leading_shift_int=\count160
\c__fp_Bigg_middle_shift_int=\count161
\c__fp_Bigg_trailing_shift_int=\count162
\c__kernel_randint_max_int=\count163
\g__fp_array_int=\count164
\l__fp_array_loop_int=\count165
\l__sort_length_int=\count166
\l__sort_min_int=\count167
\l__sort_top_int=\count168
\l__sort_max_int=\count169
\l__sort_true_max_int=\count170
\l__sort_block_int=\count171
\l__sort_begin_int=\count172
\l__sort_end_int=\count173
\l__sort_A_int=\count174
\l__sort_B_int=\count175
\l__sort_C_int=\count176
\l__tl_analysis_normal_int=\count177
\l__tl_analysis_index_int=\count178
\l__tl_analysis_nesting_int=\count179
\l__tl_analysis_type_int=\count180
\l__regex_internal_a_int=\count181
\l__regex_internal_b_int=\count182
\l__regex_internal_c_int=\count183
\l__regex_balance_int=\count184
\l__regex_group_level_int=\count185
\l__regex_mode_int=\count186
\c__regex_cs_in_class_mode_int=\count187
\c__regex_cs_mode_int=\count188
\l__regex_catcodes_int=\count189
\l__regex_default_catcodes_int=\count190
\c__regex_catcode_D_int=\count191
\c__regex_catcode_S_int=\count192
\c__regex_catcode_L_int=\count193
\c__regex_catcode_O_int=\count194
\c__regex_catcode_A_int=\count195
\c__regex_all_catcodes_int=\count196
\l__regex_show_lines_int=\count197
\l__regex_min_state_int=\count198
\l__regex_max_state_int=\count199
\l__regex_left_state_int=\count266
\l__regex_right_state_int=\count267
\l__regex_capturing_group_int=\count268
\l__regex_min_pos_int=\count269
\l__regex_max_pos_int=\count270
\l__regex_curr_pos_int=\count271
\l__regex_start_pos_int=\count272
\l__regex_success_pos_int=\count273
\l__regex_curr_char_int=\count274
\l__regex_curr_catcode_int=\count275
\l__regex_last_char_int=\count276
\l__regex_case_changed_char_int=\count277
\l__regex_curr_state_int=\count278
\l__regex_step_int=\count279
\l__regex_min_active_int=\count280
\l__regex_max_active_int=\count281
\l__regex_replacement_csnames_int=\count282
\l__regex_match_count_int=\count283
\l__regex_min_submatch_int=\count284
\l__regex_submatch_int=\count285
\l__regex_zeroth_submatch_int=\count286
\g__regex_trace_regex_int=\count287
\c_empty_box=\box69
\l_tmpa_box=\box70
\l_tmpb_box=\box71
\g_tmpa_box=\box72
\g_tmpb_box=\box73
\l__box_top_dim=\dimen153
\l__box_bottom_dim=\dimen154
\l__box_left_dim=\dimen155
\l__box_right_dim=\dimen156
\l__box_top_new_dim=\dimen157
\l__box_bottom_new_dim=\dimen158
\l__box_left_new_dim=\dimen159
\l__box_right_new_dim=\dimen160
\l__box_internal_box=\box74
\l__coffin_internal_box=\box75
\l__coffin_internal_dim=\dimen161
\l__coffin_offset_x_dim=\dimen162
\l__coffin_offset_y_dim=\dimen163
\l__coffin_x_dim=\dimen164
\l__coffin_y_dim=\dimen165
\l__coffin_x_prime_dim=\dimen166
\l__coffin_y_prime_dim=\dimen167
\c_empty_coffin=\box76
\l__coffin_aligned_coffin=\box77
\l__coffin_aligned_internal_coffin=\box78
\l_tmpa_coffin=\box79
\l_tmpb_coffin=\box80
\l__coffin_display_coffin=\box81
\l__coffin_display_coord_coffin=\box82
\l__coffin_display_pole_coffin=\box83
\l__coffin_display_offset_dim=\dimen168
\l__coffin_display_x_dim=\dimen169
\l__coffin_display_y_dim=\dimen170
\g__file_internal_ior=\read1
\l__coffin_bounding_shift_dim=\dimen171
\l__coffin_left_corner_dim=\dimen172
\l__coffin_right_corner_dim=\dimen173
\l__coffin_bottom_corner_dim=\dimen174
\l__coffin_top_corner_dim=\dimen175
\l__coffin_scaled_total_height_dim=\dimen176
\l__coffin_scaled_width_dim=\dimen177
\l__seq_internal_a_int=\count288
\l__seq_internal_b_int=\count289
)
(/usr/share/texmf-dist/tex/latex/l3kernel/l3pdfmode.def
File: l3pdfmode.def 2018-11-19 v L3 Experimental driver: PDF mode
\l__driver_color_stack_int=\count290
))
Package: xparse 2018-10-17 L3 Experimental document command parser
\l__xparse_current_arg_int=\count291
\g__xparse_grabber_int=\count292
\l__xparse_m_args_int=\count293
\l__xparse_mandatory_args_int=\count294
\l__xparse_v_nesting_int=\count295
)
(/usr/share/texmf-dist/tex/latex/etoolbox/etoolbox.sty
Package: etoolbox 2018/08/19 v2.5f e-TeX tools for LaTeX (JAW)
\etb@tempcnta=\count296
)
(/usr/share/texmf-dist/tex/latex/oberdiek/zref-abspage.sty
Package: zref-abspage 2018/11/21 v2.27 Module abspage for zref (HO)

(/usr/share/texmf-dist/tex/latex/oberdiek/zref-base.sty
Package: zref-base 2018/11/21 v2.27 Module base for zref (HO)
Package zref Info: New property list: main on input line 759.
Package zref Info: New property: default on input line 760.
Package zref Info: New property: page on input line 761.
)
\c@abspage=\count297
Package zref Info: New property: abspage on input line 62.
)
(/usr/share/texmf-dist/tex/latex/needspace/needspace.sty
Package: needspace 2010/09/12 v1.3d reserve vertical space
)
\mdf@templength=\skip76
\c@mdf@globalstyle@cnt=\count298
\mdf@skipabove@length=\skip77
\mdf@skipbelow@length=\skip78
\mdf@leftmargin@length=\skip79
\mdf@rightmargin@length=\skip80
\mdf@innerleftmargin@length=\skip81
\mdf@innerrightmargin@length=\skip82
\mdf@innertopmargin@length=\skip83
\mdf@innerbottommargin@length=\skip84
\mdf@splittopskip@length=\skip85
\mdf@splitbottomskip@length=\skip86
\mdf@outermargin@length=\skip87
\mdf@innermargin@length=\skip88
\mdf@linewidth@length=\skip89
\mdf@innerlinewidth@length=\skip90
\mdf@middlelinewidth@length=\skip91
\mdf@outerlinewidth@length=\skip92
\mdf@roundcorner@length=\skip93
\mdf@footenotedistance@length=\skip94
\mdf@userdefinedwidth@length=\skip95
\mdf@needspace@length=\skip96
\mdf@frametitleaboveskip@length=\skip97
\mdf@frametitlebelowskip@length=\skip98
\mdf@frametitlerulewidth@length=\skip99
\mdf@frametitleleftmargin@length=\skip100
\mdf@frametitlerightmargin@length=\skip101
\mdf@shadowsize@length=\skip102
\mdf@extratopheight@length=\skip103
\mdf@subtitleabovelinewidth@length=\skip104
\mdf@subtitlebelowlinewidth@length=\skip105
\mdf@subtitleaboveskip@length=\skip106
\mdf@subtitlebelowskip@length=\skip107
\mdf@subtitleinneraboveskip@length=\skip108
\mdf@subtitleinnerbelowskip@length=\skip109
\mdf@subsubtitleabovelinewidth@length=\skip110
\mdf@subsubtitlebelowlinewidth@length=\skip111
\mdf@subsubtitleaboveskip@length=\skip112
\mdf@subsubtitlebelowskip@length=\skip113
\mdf@subsubtitleinneraboveskip@length=\skip114
\mdf@subsubtitleinnerbelowskip@length=\skip115

(/usr/share/texmf-dist/tex/latex/mdframed/md-frame-0.mdf
File: md-frame-0.mdf 2013/07/01\ 1.9b: md-frame-0
)
\mdf@frametitlebox=\box84
\mdf@footnotebox=\box85
\mdf@splitbox@one=\box86
\mdf@splitbox@two=\box87
\mdf@splitbox@save=\box88
\mdfsplitboxwidth=\skip116
\mdfsplitboxtotalwidth=\skip117
\mdfsplitboxheight=\skip118
\mdfsplitboxdepth=\skip119
\mdfsplitboxtotalheight=\skip120
\mdfframetitleboxwidth=\skip121
\mdfframetitleboxtotalwidth=\skip122
\mdfframetitleboxheight=\skip123
\mdfframetitleboxdepth=\skip124
\mdfframetitleboxtotalheight=\skip125
\mdffootnoteboxwidth=\skip126
\mdffootnoteboxtotalwidth=\skip127
\mdffootnoteboxheight=\skip128
\mdffootnoteboxdepth=\skip129
\mdffootnoteboxtotalheight=\skip130
\mdftotallinewidth=\skip131
\mdfboundingboxwidth=\skip132
\mdfboundingboxtotalwidth=\skip133
\mdfboundingboxheight=\skip134
\mdfboundingboxdepth=\skip135
\mdfboundingboxtotalheight=\skip136
\mdf@freevspace@length=\skip137
\mdf@horizontalwidthofbox@length=\skip138
\mdf@verticalmarginwhole@length=\skip139
\mdf@horizontalspaceofbox=\skip140
\mdfsubtitleheight=\skip141
\mdfsubsubtitleheight=\skip142
\c@mdfcountframes=\count299

****** mdframed patching \endmdf@trivlist

****** -- success******

\mdf@envdepth=\count300
\c@mdf@env@i=\count301
\c@mdf@env@ii=\count302
\c@mdf@zref@counter=\count303
Package zref Info: New property: mdf@pagevalue on input line 895.
)
(/usr/share/texmf-dist/tex/latex/varwidth/varwidth.sty
Package: varwidth 2009/03/30 ver 0.92;  Variable-width minipages
\@vwid@box=\box89
\sift@deathcycles=\count304
\@vwid@loff=\dimen178
\@vwid@roff=\dimen179
)
(/usr/share/texmf-dist/tex/latex/tools/dcolumn.sty
Package: dcolumn 2014/10/28 v1.06 decimal alignment package (DPC)
)
(/usr/share/texmf-dist/tex/latex/stix/stix.sty
Package: stix 2018/04/17 v1.1.3-latex STIX fonts support package
Now handling font encoding LS1 ...
... no UTF-8 mapping file for font encoding LS1
Now handling font encoding LS2 ...
... no UTF-8 mapping file for font encoding LS2
LaTeX Font Info:    Redeclaring symbol font `letters' on input line 76.
LaTeX Font Info:    Encoding `OML' has changed to `LS1' for symbol font
(Font)              `letters' in the math version `normal' on input line 76.
LaTeX Font Info:    Overwriting symbol font `letters' in version `normal'
(Font)                  OML/cmm/m/it --> LS1/stix/m/it on input line 76.
LaTeX Font Info:    Encoding `OML' has changed to `LS1' for symbol font
(Font)              `letters' in the math version `bold' on input line 76.
LaTeX Font Info:    Overwriting symbol font `letters' in version `bold'
(Font)                  OML/cmm/b/it --> LS1/stix/m/it on input line 76.
LaTeX Font Info:    Redeclaring symbol font `operators' on input line 77.
LaTeX Font Info:    Encoding `OT1' has changed to `LS1' for symbol font
(Font)              `operators' in the math version `normal' on input line 77.
LaTeX Font Info:    Overwriting symbol font `operators' in version `normal'
(Font)                  OT1/cmr/m/n --> LS1/stix/m/n on input line 77.
LaTeX Font Info:    Encoding `OT1' has changed to `LS1' for symbol font
(Font)              `operators' in the math version `bold' on input line 77.
LaTeX Font Info:    Overwriting symbol font `operators' in version `bold'
(Font)                  OT1/cmr/bx/n --> LS1/stix/m/n on input line 77.
\symbold-operators=\mathgroup4
LaTeX Font Info:    Redeclaring symbol font `symbols' on input line 79.
LaTeX Font Info:    Encoding `OMS' has changed to `LS1' for symbol font
(Font)              `symbols' in the math version `normal' on input line 79.
LaTeX Font Info:    Overwriting symbol font `symbols' in version `normal'
(Font)                  OMS/cmsy/m/n --> LS1/stixscr/m/n on input line 79.
LaTeX Font Info:    Encoding `OMS' has changed to `LS1' for symbol font
(Font)              `symbols' in the math version `bold' on input line 79.
LaTeX Font Info:    Overwriting symbol font `symbols' in version `bold'
(Font)                  OMS/cmsy/b/n --> LS1/stixscr/m/n on input line 79.
\symsymbols2=\mathgroup5
\symsymbols3=\mathgroup6
\symsymbols4=\mathgroup7
\symintegrals=\mathgroup8
LaTeX Font Info:    Redeclaring symbol font `largesymbols' on input line 84.
LaTeX Font Info:    Encoding `OMX' has changed to `LS2' for symbol font
(Font)              `largesymbols' in the math version `normal' on input line 8
4.
LaTeX Font Info:    Overwriting symbol font `largesymbols' in version `normal'
(Font)                  OMX/cmex/m/n --> LS2/stixex/m/n on input line 84.
LaTeX Font Info:    Encoding `OMX' has changed to `LS2' for symbol font
(Font)              `largesymbols' in the math version `bold' on input line 84.

LaTeX Font Info:    Overwriting symbol font `largesymbols' in version `bold'
(Font)                  OMX/cmex/m/n --> LS2/stixex/m/n on input line 84.
\symarrows1=\mathgroup9
\symarrows2=\mathgroup10
\symarrows3=\mathgroup11
LaTeX Font Info:    Overwriting symbol font `letters' in version `bold'
(Font)                  LS1/stix/m/it --> LS1/stix/b/it on input line 88.
LaTeX Font Info:    Overwriting symbol font `operators' in version `bold'
(Font)                  LS1/stix/m/n --> LS1/stix/b/n on input line 89.
LaTeX Font Info:    Overwriting symbol font `symbols' in version `bold'
(Font)                  LS1/stixscr/m/n --> LS1/stixscr/b/n on input line 90.
LaTeX Font Info:    Overwriting symbol font `symbols2' in version `bold'
(Font)                  LS1/stixfrak/m/n --> LS1/stixfrak/b/n on input line 91.

LaTeX Font Info:    Overwriting symbol font `symbols3' in version `bold'
(Font)                  LS1/stixbb/m/n --> LS1/stixbb/b/n on input line 92.
LaTeX Font Info:    Overwriting symbol font `symbols4' in version `bold'
(Font)                  LS1/stixbb/m/it --> LS1/stixbb/b/it on input line 93.
LaTeX Font Info:    Overwriting symbol font `integrals' in version `bold'
(Font)                  LS2/stixcal/m/n --> LS2/stixcal/b/n on input line 94.
LaTeX Font Info:    Overwriting symbol font `largesymbols' in version `bold'
(Font)                  LS2/stixex/m/n --> LS2/stixex/b/n on input line 95.
LaTeX Font Info:    Overwriting symbol font `arrows1' in version `bold'
(Font)                  LS1/stixsf/m/n --> LS1/stixsf/b/n on input line 96.
LaTeX Font Info:    Overwriting symbol font `arrows2' in version `bold'
(Font)                  LS1/stixsf/m/it --> LS1/stixsf/b/it on input line 97.
LaTeX Font Info:    Overwriting symbol font `arrows3' in version `bold'
(Font)                  LS2/stixtt/m/n --> LS2/stixtt/b/n on input line 98.
LaTeX Font Info:    Redeclaring math alphabet \mathit on input line 99.
LaTeX Font Info:    Redeclaring math alphabet \mathsf on input line 106.
LaTeX Font Info:    Redeclaring math alphabet \mathtt on input line 108.
LaTeX Font Info:    Redeclaring math alphabet \mathbf on input line 109.
LaTeX Info: Redefining \vdots on input line 1518.
LaTeX Info: Redefining \cdots on input line 1522.
LaTeX Info: Redefining \not on input line 2144.
)
(/usr/share/texmf-dist/tex/latex/base/fontenc.sty
Package: fontenc 2017/04/05 v2.0i Standard LaTeX package

(/usr/share/texmf-dist/tex/latex/base/t1enc.def
File: t1enc.def 2017/04/05 v2.0i Standard LaTeX file
LaTeX Font Info:    Redeclaring font encoding T1 on input line 48.
))
\trimwidth=\skip143
\trimheight=\skip144
\typewidth=\skip145
\typeheight=\skip146
\normaltextheight=\skip147
\blindfoliodrop=\skip148
\figheight=\skip149
\figwidth=\skip150
\tabledim=\skip151
\columnhsizevalue=\dimen180
\abs@coli@hsize=\skip152
\abs@colii@hsize=\skip153

(/usr/share/texmf-dist/tex/latex/geometry/geometry.sty
Package: geometry 2018/04/16 v5.8 Page Geometry
\Gm@cnth=\count305
\Gm@cntv=\count306
\c@Gm@tempcnt=\count307
\Gm@bindingoffset=\dimen181
\Gm@wd@mp=\dimen182
\Gm@odd@mp=\dimen183
\Gm@even@mp=\dimen184
\Gm@layoutwidth=\dimen185
\Gm@layoutheight=\dimen186
\Gm@layouthoffset=\dimen187
\Gm@layoutvoffset=\dimen188
\Gm@dimlist=\toks31


Package geometry Warning: Over-specification in `h'-direction.
    `width' (502.19113pt) is ignored.


Package geometry Warning: Over-specification in `v'-direction.
    `height' (666.5pt) is ignored.

)
\parindentvalue=\dimen189
\c@pagesLTS.pnc.arabic=\count308
\c@pagesLTS.double.arabic=\count309
\c@pagesLTS.current.local.arabic=\count310
\pageheight=\dimen190
\rulecount=\count311
\leftcolrulepos=\dimen191
\rightcolrulepos=\dimen192
 (/usr/share/texmf-dist/tex/latex/eso-pic/showframe.sty
Package: showframe 2011/02/24 v0.1i showframe (new impl., RN)

(/usr/share/texmf-dist/tex/latex/eso-pic/eso-pic.sty
Package: eso-pic 2018/04/12 v2.0h eso-pic (RN)
))
\artopleftskipdim=\dimen193
\@xmlpage=\write3
\c@spagecounter=\count312
\c@lpagecounter=\count313
LaTeX Info: Redefining \rm on input line 1127.
LaTeX Info: Redefining \sf on input line 1128.
LaTeX Info: Redefining \tt on input line 1129.
LaTeX Info: Redefining \bf on input line 1130.
LaTeX Info: Redefining \it on input line 1131.
LaTeX Info: Redefining \sl on input line 1132.
LaTeX Info: Redefining \sc on input line 1133.
LaTeX Info: Redefining \cal on input line 1134.
LaTeX Info: Redefining \mit on input line 1135.
\aucount=\count314
\corrauthcount=\count315
\authfncnt=\count316
\authfnTmpCnt=\count317
\aufootnotemark=\box90
\authmarkbox=\box91
\c@affn=\count318
\addcount=\count319
\emailcount=\count320
\punctcount=\count321
\foot@titlepage@raise@skip=\skip154
\lastauthorcnt=\count322
\fundinginfocount=\count323
\commafundinginfocount=\count324
\fundinginfotempcount=\count325
\tempfundinginfocount=\count326
\JELinfocount=\count327
\commaJELinfocount=\count328
\JELinfotempcount=\count329
\tempJELinfocount=\count330
\htftbox=\box92
\ovsize=\dimen194
\oovsize=\dimen195
\FreePageSpace=\dimen196
\FreePageSpaceTest=\dimen197
\fadjskip=\skip155
\adjustskip=\skip156
\titleskip=\skip157
\abs@boxa=\box93
\abs@boxb=\box94
\abs@boxc=\box95
\abs@dima=\dimen198
\abs@dimb=\dimen199
\abs@dimc=\dimen256
\adjtitleskip=\skip158
\c@chapter=\count331
\secruleskip=\skip159
\rhverticalsep=\skip160

(/usr/share/texmf-dist/tex/latex/natbib/natbib.sty
Package: natbib 2010/09/13 8.31b (PWD, AO)
\bibhang=\skip161
\bibsep=\skip162
LaTeX Info: Redefining \cite on input line 694.
\c@NAT@ctr=\count332
)
\c@scheme=\count333

(/usr/share/texmf-dist/tex/latex/booktabs/booktabs.sty
Package: booktabs 2016/04/27 v1.618033 publication quality tables
\heavyrulewidth=\dimen257
\lightrulewidth=\dimen258
\cmidrulewidth=\dimen259
\belowrulesep=\dimen260
\belowbottomsep=\dimen261
\aboverulesep=\dimen262
\abovetopsep=\dimen263
\cmidrulesep=\dimen264
\cmidrulekern=\dimen265
\defaultaddspace=\dimen266
\@cmidla=\count334
\@cmidlb=\count335
\@aboverulesep=\dimen267
\@belowrulesep=\dimen268
\@thisruleclass=\count336
\@lastruleclass=\count337
\@thisrulewidth=\dimen269
)
(/usr/share/texmf-dist/tex/latex/amsmath/amsmath.sty
Package: amsmath 2017/09/02 v2.17a AMS math features
\@mathmargin=\skip163

For additional information on amsmath, use the `?' option.
(/usr/share/texmf-dist/tex/latex/amsmath/amstext.sty
Package: amstext 2000/06/29 v2.01 AMS text

(/usr/share/texmf-dist/tex/latex/amsmath/amsgen.sty
File: amsgen.sty 1999/11/30 v2.0 generic functions
\@emptytoks=\toks32
\ex@=\dimen270
))
(/usr/share/texmf-dist/tex/latex/amsmath/amsbsy.sty
Package: amsbsy 1999/11/29 v1.2d Bold Symbols
\pmbraise@=\dimen271
)
(/usr/share/texmf-dist/tex/latex/amsmath/amsopn.sty
Package: amsopn 2016/03/08 v2.02 operator names
)
\inf@bad=\count338
LaTeX Info: Redefining \frac on input line 213.
\uproot@=\count339
\leftroot@=\count340
LaTeX Info: Redefining \overline on input line 375.
\classnum@=\count341
\DOTSCASE@=\count342
LaTeX Info: Redefining \ldots on input line 472.
LaTeX Info: Redefining \dots on input line 475.
\Mathstrutbox@=\box96
\strutbox@=\box97
\big@size=\dimen272
LaTeX Font Info:    Redeclaring font encoding OML on input line 712.
LaTeX Font Info:    Redeclaring font encoding OMS on input line 713.
\macc@depth=\count343
\c@MaxMatrixCols=\count344
\dotsspace@=\muskip17
\c@parentequation=\count345
\dspbrk@lvl=\count346
\tag@help=\toks33
\row@=\count347
\column@=\count348
\maxfields@=\count349
\andhelp@=\toks34
\eqnshift@=\dimen273
\alignsep@=\dimen274
\tagshift@=\dimen275
\tagwidth@=\dimen276
\totwidth@=\dimen277
\lineht@=\dimen278
\@envbody=\toks35
\multlinegap=\skip164
\multlinetaggap=\skip165
\mathdisplay@stack=\toks36
LaTeX Info: Redefining \[ on input line 2817.
LaTeX Info: Redefining \] on input line 2818.
)
(/usr/share/texmf-dist/tex/latex/amscls/amsthm.sty
Package: amsthm 2017/10/31 v2.20.4
\thm@style=\toks37
\thm@bodyfont=\toks38
\thm@headfont=\toks39
\thm@notefont=\toks40
\thm@headpunct=\toks41
\thm@preskip=\skip166
\thm@postskip=\skip167
\thm@headsep=\skip168
\dth@everypar=\toks42
)
\c@theorem=\count350
\c@construction=\count351
\c@estimate=\count352
\c@lemma=\count353
\c@corollary=\count354
\c@result=\count355
\c@algth=\count356
\c@proposition=\count357
\c@hypothesis=\count358
\c@experiment=\count359
\c@LWrule=\count360
\c@procedure=\count361
\c@assertion=\count362
\c@axiom=\count363
\c@conjecture=\count364
\c@criterion=\count365
\c@reduction=\count366
\c@sublemma=\count367
\c@case=\count368
\c@remark=\count369
\c@notation=\count370
\c@answer=\count371
\c@base=\count372
\c@claim=\count373
\c@ccomment=\count374
\c@subproof=\count375
\c@conclusion=\count376
\c@observation=\count377
\c@subcase=\count378
\c@step=\count379
\c@summary=\count380
\c@definition=\count381
\c@condition=\count382
\c@property=\count383
\c@problem=\count384
\c@fact=\count385
\c@assumption=\count386
\c@eexample=\count387
\c@model=\count388
\c@affirmation=\count389
\c@application=\count390
\c@convention=\count391
\c@discussion=\count392
\c@exercise=\count393
\c@question=\count394
\c@scholium=\count395
\c@terminology=\count396

(/usr/share/texmf-dist/tex/latex/algorithms/algorithm.sty
Package: algorithm 2009/08/24 v0.1 Document Style `algorithm' - floating enviro
nment
\@float@every@algorithm=\toks43
\c@algorithm=\count397
)
(/usr/share/texmf-dist/tex/latex/algorithmicx/algorithmicx.sty
Package: algorithmicx 2005/04/27 v1.2 Algorithmicx

Document Style algorithmicx 1.2 - a greatly improved `algorithmic' style
\c@ALG@line=\count398
\c@ALG@rem=\count399
\c@ALG@nested=\count400
\ALG@tlm=\skip169
\ALG@thistlm=\skip170
\c@ALG@Lnr=\count401
\c@ALG@blocknr=\count402
\c@ALG@storecount=\count403
\c@ALG@tmpcounter=\count404
\ALG@tmplength=\skip171
) (/usr/share/texmf-dist/tex/latex/algorithmicx/algpseudocode.sty
Package: algpseudocode 

Document Style - pseudocode environments for use with the `algorithmicx' style
) (/usr/share/texmf-dist/tex/latex/listings/listings.sty
\lst@mode=\count405
\lst@gtempboxa=\box98
\lst@token=\toks44
\lst@length=\count406
\lst@currlwidth=\dimen279
\lst@column=\count407
\lst@pos=\count408
\lst@lostspace=\dimen280
\lst@width=\dimen281
\lst@newlines=\count409
\lst@lineno=\count410
\lst@maxwidth=\dimen282

(/usr/share/texmf-dist/tex/latex/listings/lstmisc.sty
File: lstmisc.sty 2018/09/02 1.7 (Carsten Heinz)
\c@lstnumber=\count411
\lst@skipnumbers=\count412
\lst@framebox=\box99
)
(/usr/share/texmf-dist/tex/latex/listings/listings.cfg
File: listings.cfg 2018/09/02 1.7 listings configuration
))
Package: listings 2018/09/02 1.7 (Carsten Heinz)

(/usr/share/texmf-dist/tex/latex/base/alltt.sty
Package: alltt 1997/06/16 v2.0g defines alltt environment
)
\jnlcitationbox=\box100
\jnlcithsize=\dimen283

(/usr/share/texmf-dist/tex/latex/wrapfig/wrapfig.sty
\wrapoverhang=\dimen284
\WF@size=\dimen285
\c@WF@wrappedlines=\count413
\WF@box=\box101
\WF@everypar=\toks45
Package: wrapfig 2003/01/31  v 3.6
)
\wraplines=\count414
\@authorfigbox=\box102
\@authorfigboxdim=\skip172
\biofigadjskip=\skip173
)
(/usr/share/texmf-dist/tex/latex/moreverb/moreverb.sty
Package: moreverb 2008/06/03 v2.3a `more' verbatim facilities

(/usr/share/texmf-dist/tex/latex/tools/verbatim.sty
Package: verbatim 2014/10/28 v1.5q LaTeX2e package for verbatim enhancements
\every@verbatim=\toks46
\verbatim@line=\toks47
\verbatim@in@stream=\read2
)
\tab@position=\count415
\tab@size=\count416
\listing@line=\count417
)
(/usr/share/texmf-dist/tex/latex/graphics/lscape.sty
Package: lscape 2000/10/22 v3.01 Landscape Pages (DPC)
)
(/usr/share/texmf-dist/tex/generic/systeme/systeme.sty
(/usr/share/texmf-dist/tex/generic/xstring/xstring.sty
(/usr/share/texmf-dist/tex/generic/xstring/xstring.tex
\@xs@message=\write4
\integerpart=\count418
\decimalpart=\count419
)
Package: xstring 2013/10/13  v1.7c  String manipulations (C Tellechea)
)
(/usr/share/texmf-dist/tex/generic/systeme/systeme.tex
\SYS@systemecode=\toks48
\SYS@systempreamble=\toks49
\SYSeqnum=\count420
)
Package: systeme 2018/01/01 v0.31 Mise en forme de systemes d'equations (CT)
)
(/usr/share/texmf-dist/tex/latex/pgf/frontendlayer/tikz.sty
(/usr/share/texmf-dist/tex/latex/pgf/basiclayer/pgf.sty
(/usr/share/texmf-dist/tex/latex/pgf/utilities/pgfrcs.sty
(/usr/share/texmf-dist/tex/generic/pgf/utilities/pgfutil-common.tex
\pgfutil@everybye=\toks50
\pgfutil@tempdima=\dimen286
\pgfutil@tempdimb=\dimen287

(/usr/share/texmf-dist/tex/generic/pgf/utilities/pgfutil-common-lists.tex))
(/usr/share/texmf-dist/tex/generic/pgf/utilities/pgfutil-latex.def
\pgfutil@abb=\box103
)
(/usr/share/texmf-dist/tex/generic/pgf/utilities/pgfrcs.code.tex
Package: pgfrcs 2015/08/07 v3.0.1a (rcs-revision 1.31)
))
Package: pgf 2015/08/07 v3.0.1a (rcs-revision 1.15)

(/usr/share/texmf-dist/tex/latex/pgf/basiclayer/pgfcore.sty
(/usr/share/texmf-dist/tex/latex/pgf/systemlayer/pgfsys.sty
(/usr/share/texmf-dist/tex/generic/pgf/systemlayer/pgfsys.code.tex
Package: pgfsys 2014/07/09 v3.0.1a (rcs-revision 1.48)

(/usr/share/texmf-dist/tex/generic/pgf/utilities/pgfkeys.code.tex
\pgfkeys@pathtoks=\toks51
\pgfkeys@temptoks=\toks52

(/usr/share/texmf-dist/tex/generic/pgf/utilities/pgfkeysfiltered.code.tex
\pgfkeys@tmptoks=\toks53
))
\pgf@x=\dimen288
\pgf@y=\dimen289
\pgf@xa=\dimen290
\pgf@ya=\dimen291
\pgf@xb=\dimen292
\pgf@yb=\dimen293
\pgf@xc=\dimen294
\pgf@yc=\dimen295
\w@pgf@writea=\write5
\r@pgf@reada=\read3
\c@pgf@counta=\count421
\c@pgf@countb=\count422
\c@pgf@countc=\count423
\c@pgf@countd=\count424
\t@pgf@toka=\toks54
\t@pgf@tokb=\toks55
\t@pgf@tokc=\toks56

(/usr/share/texmf-dist/tex/generic/pgf/systemlayer/pgf.cfg
File: pgf.cfg 2008/05/14  (rcs-revision 1.7)
)
Driver file for pgf: pgfsys-pdftex.def

(/usr/share/texmf-dist/tex/generic/pgf/systemlayer/pgfsys-pdftex.def
File: pgfsys-pdftex.def 2014/10/11  (rcs-revision 1.35)

(/usr/share/texmf-dist/tex/generic/pgf/systemlayer/pgfsys-common-pdf.def
File: pgfsys-common-pdf.def 2013/10/10  (rcs-revision 1.13)
)))
(/usr/share/texmf-dist/tex/generic/pgf/systemlayer/pgfsyssoftpath.code.tex
File: pgfsyssoftpath.code.tex 2013/09/09  (rcs-revision 1.9)
\pgfsyssoftpath@smallbuffer@items=\count425
\pgfsyssoftpath@bigbuffer@items=\count426
)
(/usr/share/texmf-dist/tex/generic/pgf/systemlayer/pgfsysprotocol.code.tex
File: pgfsysprotocol.code.tex 2006/10/16  (rcs-revision 1.4)
))
(/usr/share/texmf-dist/tex/generic/pgf/basiclayer/pgfcore.code.tex
Package: pgfcore 2010/04/11 v3.0.1a (rcs-revision 1.7)

(/usr/share/texmf-dist/tex/generic/pgf/math/pgfmath.code.tex
(/usr/share/texmf-dist/tex/generic/pgf/math/pgfmathcalc.code.tex
(/usr/share/texmf-dist/tex/generic/pgf/math/pgfmathutil.code.tex)
(/usr/share/texmf-dist/tex/generic/pgf/math/pgfmathparser.code.tex
\pgfmath@dimen=\dimen296
\pgfmath@count=\count427
\pgfmath@box=\box104
\pgfmath@toks=\toks57
\pgfmath@stack@operand=\toks58
\pgfmath@stack@operation=\toks59
)
(/usr/share/texmf-dist/tex/generic/pgf/math/pgfmathfunctions.code.tex
(/usr/share/texmf-dist/tex/generic/pgf/math/pgfmathfunctions.basic.code.tex)
(/usr/share/texmf-dist/tex/generic/pgf/math/pgfmathfunctions.trigonometric.code
.tex)
(/usr/share/texmf-dist/tex/generic/pgf/math/pgfmathfunctions.random.code.tex)
(/usr/share/texmf-dist/tex/generic/pgf/math/pgfmathfunctions.comparison.code.te
x) (/usr/share/texmf-dist/tex/generic/pgf/math/pgfmathfunctions.base.code.tex)
(/usr/share/texmf-dist/tex/generic/pgf/math/pgfmathfunctions.round.code.tex)
(/usr/share/texmf-dist/tex/generic/pgf/math/pgfmathfunctions.misc.code.tex)
(/usr/share/texmf-dist/tex/generic/pgf/math/pgfmathfunctions.integerarithmetics
.code.tex))) (/usr/share/texmf-dist/tex/generic/pgf/math/pgfmathfloat.code.tex
\c@pgfmathroundto@lastzeros=\count428
)) (/usr/share/texmf-dist/tex/generic/pgf/basiclayer/pgfcorepoints.code.tex
File: pgfcorepoints.code.tex 2013/10/07  (rcs-revision 1.27)
\pgf@picminx=\dimen297
\pgf@picmaxx=\dimen298
\pgf@picminy=\dimen299
\pgf@picmaxy=\dimen300
\pgf@pathminx=\dimen301
\pgf@pathmaxx=\dimen302
\pgf@pathminy=\dimen303
\pgf@pathmaxy=\dimen304
\pgf@xx=\dimen305
\pgf@xy=\dimen306
\pgf@yx=\dimen307
\pgf@yy=\dimen308
\pgf@zx=\dimen309
\pgf@zy=\dimen310
)
(/usr/share/texmf-dist/tex/generic/pgf/basiclayer/pgfcorepathconstruct.code.tex
File: pgfcorepathconstruct.code.tex 2013/10/07  (rcs-revision 1.29)
\pgf@path@lastx=\dimen311
\pgf@path@lasty=\dimen312
) (/usr/share/texmf-dist/tex/generic/pgf/basiclayer/pgfcorepathusage.code.tex
File: pgfcorepathusage.code.tex 2014/11/02  (rcs-revision 1.24)
\pgf@shorten@end@additional=\dimen313
\pgf@shorten@start@additional=\dimen314
)
(/usr/share/texmf-dist/tex/generic/pgf/basiclayer/pgfcorescopes.code.tex
File: pgfcorescopes.code.tex 2015/05/08  (rcs-revision 1.46)
\pgfpic=\box105
\pgf@hbox=\box106
\pgf@layerbox@main=\box107
\pgf@picture@serial@count=\count429
)
(/usr/share/texmf-dist/tex/generic/pgf/basiclayer/pgfcoregraphicstate.code.tex
File: pgfcoregraphicstate.code.tex 2014/11/02  (rcs-revision 1.12)
\pgflinewidth=\dimen315
)
(/usr/share/texmf-dist/tex/generic/pgf/basiclayer/pgfcoretransformations.code.t
ex
File: pgfcoretransformations.code.tex 2015/08/07  (rcs-revision 1.20)
\pgf@pt@x=\dimen316
\pgf@pt@y=\dimen317
\pgf@pt@temp=\dimen318
) (/usr/share/texmf-dist/tex/generic/pgf/basiclayer/pgfcorequick.code.tex
File: pgfcorequick.code.tex 2008/10/09  (rcs-revision 1.3)
)
(/usr/share/texmf-dist/tex/generic/pgf/basiclayer/pgfcoreobjects.code.tex
File: pgfcoreobjects.code.tex 2006/10/11  (rcs-revision 1.2)
)
(/usr/share/texmf-dist/tex/generic/pgf/basiclayer/pgfcorepathprocessing.code.te
x
File: pgfcorepathprocessing.code.tex 2013/09/09  (rcs-revision 1.9)
) (/usr/share/texmf-dist/tex/generic/pgf/basiclayer/pgfcorearrows.code.tex
File: pgfcorearrows.code.tex 2015/05/14  (rcs-revision 1.43)
\pgfarrowsep=\dimen319
)
(/usr/share/texmf-dist/tex/generic/pgf/basiclayer/pgfcoreshade.code.tex
File: pgfcoreshade.code.tex 2013/07/15  (rcs-revision 1.15)
\pgf@max=\dimen320
\pgf@sys@shading@range@num=\count430
)
(/usr/share/texmf-dist/tex/generic/pgf/basiclayer/pgfcoreimage.code.tex
File: pgfcoreimage.code.tex 2013/07/15  (rcs-revision 1.18)

(/usr/share/texmf-dist/tex/generic/pgf/basiclayer/pgfcoreexternal.code.tex
File: pgfcoreexternal.code.tex 2014/07/09  (rcs-revision 1.21)
\pgfexternal@startupbox=\box108
))
(/usr/share/texmf-dist/tex/generic/pgf/basiclayer/pgfcorelayers.code.tex
File: pgfcorelayers.code.tex 2013/07/18  (rcs-revision 1.7)
)
(/usr/share/texmf-dist/tex/generic/pgf/basiclayer/pgfcoretransparency.code.tex
File: pgfcoretransparency.code.tex 2013/09/30  (rcs-revision 1.5)
) (/usr/share/texmf-dist/tex/generic/pgf/basiclayer/pgfcorepatterns.code.tex
File: pgfcorepatterns.code.tex 2013/11/07  (rcs-revision 1.5)
)))
(/usr/share/texmf-dist/tex/generic/pgf/modules/pgfmoduleshapes.code.tex
File: pgfmoduleshapes.code.tex 2014/03/21  (rcs-revision 1.35)
\pgfnodeparttextbox=\box109
)
(/usr/share/texmf-dist/tex/generic/pgf/modules/pgfmoduleplot.code.tex
File: pgfmoduleplot.code.tex 2015/08/03  (rcs-revision 1.13)
)
(/usr/share/texmf-dist/tex/latex/pgf/compatibility/pgfcomp-version-0-65.sty
Package: pgfcomp-version-0-65 2007/07/03 v3.0.1a (rcs-revision 1.7)
\pgf@nodesepstart=\dimen321
\pgf@nodesepend=\dimen322
)
(/usr/share/texmf-dist/tex/latex/pgf/compatibility/pgfcomp-version-1-18.sty
Package: pgfcomp-version-1-18 2007/07/23 v3.0.1a (rcs-revision 1.1)
))
(/usr/share/texmf-dist/tex/latex/pgf/utilities/pgffor.sty
(/usr/share/texmf-dist/tex/latex/pgf/utilities/pgfkeys.sty
(/usr/share/texmf-dist/tex/generic/pgf/utilities/pgfkeys.code.tex))
(/usr/share/texmf-dist/tex/latex/pgf/math/pgfmath.sty
(/usr/share/texmf-dist/tex/generic/pgf/math/pgfmath.code.tex))
(/usr/share/texmf-dist/tex/generic/pgf/utilities/pgffor.code.tex
Package: pgffor 2013/12/13 v3.0.1a (rcs-revision 1.25)

(/usr/share/texmf-dist/tex/generic/pgf/math/pgfmath.code.tex)
\pgffor@iter=\dimen323
\pgffor@skip=\dimen324
\pgffor@stack=\toks60
\pgffor@toks=\toks61
))
(/usr/share/texmf-dist/tex/generic/pgf/frontendlayer/tikz/tikz.code.tex
Package: tikz 2015/08/07 v3.0.1a (rcs-revision 1.151)

(/usr/share/texmf-dist/tex/generic/pgf/libraries/pgflibraryplothandlers.code.te
x
File: pgflibraryplothandlers.code.tex 2013/08/31 v3.0.1a (rcs-revision 1.20)
\pgf@plot@mark@count=\count431
\pgfplotmarksize=\dimen325
)
\tikz@lastx=\dimen326
\tikz@lasty=\dimen327
\tikz@lastxsaved=\dimen328
\tikz@lastysaved=\dimen329
\tikzleveldistance=\dimen330
\tikzsiblingdistance=\dimen331
\tikz@figbox=\box110
\tikz@figbox@bg=\box111
\tikz@tempbox=\box112
\tikz@tempbox@bg=\box113
\tikztreelevel=\count432
\tikznumberofchildren=\count433
\tikznumberofcurrentchild=\count434
\tikz@fig@count=\count435
 (/usr/share/texmf-dist/tex/generic/pgf/modules/pgfmodulematrix.code.tex
File: pgfmodulematrix.code.tex 2013/09/17  (rcs-revision 1.8)
\pgfmatrixcurrentrow=\count436
\pgfmatrixcurrentcolumn=\count437
\pgf@matrix@numberofcolumns=\count438
)
\tikz@expandcount=\count439

(/usr/share/texmf-dist/tex/generic/pgf/frontendlayer/tikz/libraries/tikzlibrary
topaths.code.tex
File: tikzlibrarytopaths.code.tex 2008/06/17 v3.0.1a (rcs-revision 1.2)
)))
(/usr/share/texmf-dist/tex/generic/pgf/frontendlayer/tikz/libraries/tikzlibrary
arrows.code.tex
File: tikzlibraryarrows.code.tex 2008/01/09 v3.0.1a (rcs-revision 1.1)

(/usr/share/texmf-dist/tex/generic/pgf/libraries/pgflibraryarrows.code.tex
File: pgflibraryarrows.code.tex 2013/09/23 v3.0.1a (rcs-revision 1.16)
\arrowsize=\dimen332
))
(/usr/share/texmf-dist/tex/generic/pgf/frontendlayer/tikz/libraries/tikzlibrary
automata.code.tex
File: tikzlibraryautomata.code.tex 2008/07/14 v3.0.1a (rcs-revision 1.3)

(/usr/share/texmf-dist/tex/generic/pgf/frontendlayer/tikz/libraries/tikzlibrary
shapes.multipart.code.tex
File: tikzlibraryshapes.multipart.code.tex 2008/01/09 v3.0.1a (rcs-revision 1.1
)

(/usr/share/texmf-dist/tex/generic/pgf/libraries/shapes/pgflibraryshapes.multip
art.code.tex
File: pgflibraryshapes.multipart.code.tex 2010/01/07 v3.0.1a (rcs-revision 1.2)

\pgfnodepartlowerbox=\box114
\pgfnodeparttwobox=\box115
\pgfnodepartthreebox=\box116
\pgfnodepartfourbox=\box117
\pgfnodeparttwentybox=\box118
\pgfnodepartnineteenbox=\box119
\pgfnodeparteighteenbox=\box120
\pgfnodepartseventeenbox=\box121
\pgfnodepartsixteenbox=\box122
\pgfnodepartfifteenbox=\box123
\pgfnodepartfourteenbox=\box124
\pgfnodepartthirteenbox=\box125
\pgfnodeparttwelvebox=\box126
\pgfnodepartelevenbox=\box127
\pgfnodeparttenbox=\box128
\pgfnodepartninebox=\box129
\pgfnodeparteightbox=\box130
\pgfnodepartsevenbox=\box131
\pgfnodepartsixbox=\box132
\pgfnodepartfivebox=\box133
)))
(/usr/share/texmf-dist/tex/generic/pgf/frontendlayer/tikz/libraries/tikzlibrary
positioning.code.tex
File: tikzlibrarypositioning.code.tex 2008/10/06 v3.0.1a (rcs-revision 1.7)
) (./sim_v1.aux
\c@pagesLTS.arabic.1.local.cnt=\count440
)
\openout1 = `sim_v1.aux'.

LaTeX Font Info:    Checking defaults for OML/cmm/m/it on input line 57.
LaTeX Font Info:    ... okay on input line 57.
LaTeX Font Info:    Checking defaults for T1/cmr/m/n on input line 57.
LaTeX Font Info:    ... okay on input line 57.
LaTeX Font Info:    Checking defaults for OT1/cmr/m/n on input line 57.
LaTeX Font Info:    ... okay on input line 57.
LaTeX Font Info:    Checking defaults for OMS/cmsy/m/n on input line 57.
LaTeX Font Info:    ... okay on input line 57.
LaTeX Font Info:    Checking defaults for OMX/cmex/m/n on input line 57.
LaTeX Font Info:    ... okay on input line 57.
LaTeX Font Info:    Checking defaults for U/cmr/m/n on input line 57.
LaTeX Font Info:    ... okay on input line 57.
LaTeX Font Info:    Checking defaults for PD1/pdf/m/n on input line 57.
LaTeX Font Info:    ... okay on input line 57.
LaTeX Font Info:    Checking defaults for LS1/stix/m/n on input line 57.
LaTeX Font Info:    Try loading font information for LS1+stix on input line 57.


(/usr/share/texmf-dist/tex/latex/stix/ls1stix.fd
File: ls1stix.fd 2015/04/17 v1.1.2-latex STIX LS1 font definitions
)
LaTeX Font Info:    ... okay on input line 57.
LaTeX Font Info:    Checking defaults for LS2/stix/m/n on input line 57.
LaTeX Font Info:    Try loading font information for LS2+stix on input line 57.


(/usr/share/texmf-dist/tex/latex/stix/ls2stix.fd
File: ls2stix.fd 2015/04/17 v1.1.2-latex STIX LS2 font definitions
)
LaTeX Font Info:    ... okay on input line 57.
LaTeX Font Info:    Try loading font information for T1+stix on input line 57.

(/usr/share/texmf-dist/tex/latex/stix/t1stix.fd
File: t1stix.fd 2015/04/17 v1.1.2-latex STIX T1 font definitions
)
(/usr/share/texmf-dist/tex/context/base/mkii/supp-pdf.mkii
[Loading MPS to PDF converter (version 2006.09.02).]
\scratchcounter=\count441
\scratchdimen=\dimen333
\scratchbox=\box134
\nofMPsegments=\count442
\nofMParguments=\count443
\everyMPshowfont=\toks62
\MPscratchCnt=\count444
\MPscratchDim=\dimen334
\MPnumerator=\count445
\makeMPintoPDFobject=\count446
\everyMPtoPDFconversion=\toks63
) (/usr/share/texmf-dist/tex/latex/oberdiek/epstopdf-base.sty
Package: epstopdf-base 2016/05/15 v2.6 Base part for package epstopdf

(/usr/share/texmf-dist/tex/latex/oberdiek/grfext.sty
Package: grfext 2016/05/16 v1.2 Manage graphics extensions (HO)
)
Package epstopdf-base Info: Redefining graphics rule for `.eps' on input line 4
38.
Package grfext Info: Graphics extension search list:
(grfext)             [.pdf,.png,.jpg,.mps,.jpeg,.jbig2,.jb2,.PDF,.PNG,.JPG,.JPE
G,.JBIG2,.JB2,.eps]
(grfext)             \AppendGraphicsExtensions on input line 456.

(/usr/share/texmf-dist/tex/latex/latexconfig/epstopdf-sys.cfg
File: epstopdf-sys.cfg 2010/07/13 v1.3 Configuration of (r)epstopdf for TeX Liv
e
))
Package caption Info: Begin \AtBeginDocument code.
Package caption Info: subfig package v1.3 is loaded.
Package caption Info: hyperref package is loaded.
Package caption Info: listings package is loaded.
Package caption Info: wrapfig package is loaded.
Package caption Info: End \AtBeginDocument code.
\AtBeginShipoutBox=\box135
Package hyperref Info: Link coloring OFF on input line 57.

(/usr/share/texmf-dist/tex/latex/hyperref/nameref.sty
Package: nameref 2016/05/21 v2.44 Cross-referencing by name of section

(/usr/share/texmf-dist/tex/generic/oberdiek/gettitlestring.sty
Package: gettitlestring 2016/05/16 v1.5 Cleanup title references (HO)
)
\c@section@level=\count447
)
LaTeX Info: Redefining \ref on input line 57.
LaTeX Info: Redefining \pageref on input line 57.
LaTeX Info: Redefining \nameref on input line 57.

ABD: EveryShipout initializing macros
*geometry* driver: auto-detecting
*geometry* detected driver: pdftex
*geometry* verbose mode - [ preamble ] result:
* driver: pdftex
* paper: custom
* layout: <same size as paper>
* layoutoffset:(h,v)=(0.0pt,0.0pt)
* hratio: 1:1
* vratio: 1:1
* modes: twoside 
* h-part:(L,W,R)=(45.0pt, 507.50787pt, 45.0pt)
* v-part:(T,H,B)=(57.5pt, 668.79605pt, 59.0pt)
* \paperwidth=597.50787pt
* \paperheight=785.29605pt
* \textwidth=507.50787pt
* \textheight=668.79605pt
* \oddsidemargin=-27.26999pt
* \evensidemargin=-27.26999pt
* \topmargin=-46.76999pt
* \headheight=21.0pt
* \headsep=11.0pt
* \topskip=6.0pt
* \footskip=48.5pt
* \marginparwidth=0.0pt
* \marginparsep=0.0pt
* \columnsep=0.0pt
* \skip\footins=18.0pt plus 2.0pt minus 2.0pt
* \hoffset=0.0pt
* \voffset=0.0pt
* \mag=1000
* \@twocolumnfalse
* \@twosidetrue
* \@mparswitchtrue
* \@reversemarginfalse
* (1in=72.27pt=25.4mm, 1cm=28.453pt)

\c@lstlisting=\count448

LaTeX Font Warning: Font shape `T1/stix/bl/tr' undefined
(Font)              using `T1/stix/m/n' instead on input line 100.


LaTeX Font Warning: Font shape `T1/stix/bx/tr' undefined
(Font)              using `T1/stix/bx/n' instead on input line 100.

LaTeX Font Info:    Font shape `T1/stix/bx/n' in size <9> not available
(Font)              Font shape `T1/stix/b/n' tried instead on input line 100.
LaTeX Font Info:    Font shape `T1/stix/bx/n' in size <18> not available
(Font)              Font shape `T1/stix/b/n' tried instead on input line 100.
LaTeX Font Info:    Calculating math sizes for size <18> on input line 100.
LaTeX Font Info:    Try loading font information for LS1+stixscr on input line 
100.
(/usr/share/texmf-dist/tex/latex/stix/ls1stixscr.fd
File: ls1stixscr.fd 2015/04/17 v1.1.2-latex STIX script LS1 font definitions
)
LaTeX Font Info:    Try loading font information for LS2+stixex on input line 1
00.

(/usr/share/texmf-dist/tex/latex/stix/ls2stixex.fd
File: ls2stixex.fd 2015/04/17 v1.1.2-latex STIX extentions LS2 font definitions

)
LaTeX Font Info:    Try loading font information for LS1+stixfrak on input line
 100.

(/usr/share/texmf-dist/tex/latex/stix/ls1stixfrak.fd
File: ls1stixfrak.fd 2015/04/17 v1.1.2-latex STIX fraktur LS1 font definitions
)
LaTeX Font Info:    Try loading font information for LS1+stixbb on input line 1
00.

(/usr/share/texmf-dist/tex/latex/stix/ls1stixbb.fd
File: ls1stixbb.fd 2015/04/17 v1.1.2-latex STIX blackboard LS1 font definitions

)
LaTeX Font Info:    Try loading font information for LS2+stixcal on input line 
100.

(/usr/share/texmf-dist/tex/latex/stix/ls2stixcal.fd
File: ls2stixcal.fd 2015/04/17 v1.1.2-latex STIX calligraphic LS2 font definiti
ons
)
LaTeX Font Info:    Try loading font information for LS1+stixsf on input line 1
00.

(/usr/share/texmf-dist/tex/latex/stix/ls1stixsf.fd
File: ls1stixsf.fd 2015/04/17 v1.1.2-latex STIX sans-serif LS1 font definitions

)
LaTeX Font Info:    Try loading font information for LS2+stixtt on input line 1
00.

(/usr/share/texmf-dist/tex/latex/stix/ls2stixtt.fd
File: ls2stixtt.fd 2015/04/17 v1.1.2-latex STIX typewriter LS2 font definitions

)

Package hyperref Warning: Token not allowed in a PDF string (PDFDocEncoding):
(hyperref)                removing `math shift' on input line 100.


Package hyperref Warning: Token not allowed in a PDF string (PDFDocEncoding):
(hyperref)                removing `subscript' on input line 100.


Package hyperref Warning: Token not allowed in a PDF string (PDFDocEncoding):
(hyperref)                removing `math shift' on input line 100.

LaTeX Font Info:    Font shape `T1/stix/bx/n' in size <8> not available
(Font)              Font shape `T1/stix/b/n' tried instead on input line 100.
LaTeX Font Info:    Font shape `T1/stix/bx/n' in size <10> not available
(Font)              Font shape `T1/stix/b/n' tried instead on input line 100.

LaTeX Font Warning: Font shape `T1/stix/m/tr' undefined
(Font)              using `T1/stix/m/n' instead on input line 100.

LaTeX Font Info:    Font shape `T1/stix/bx/tr' in size <8> not available
(Font)              Font shape `T1/stix/b/n' tried instead on input line 100.

Overfull \hbox (346.99213pt too wide) in paragraph at lines 100--100
[][] | || []|[][] 
 []

LaTeX Font Info:    Calculating math sizes for size <10.03749> on input line 10
0.

LaTeX Font Warning: Font shape `T1/stix/b/tr' undefined
(Font)              using `T1/stix/b/n' instead on input line 103.

LaTeX Font Info:    Font shape `T1/stix/bx/n' in size <10.03749> not available
(Font)              Font shape `T1/stix/b/n' tried instead on input line 104.

Package natbib Warning: Citation `Heesterbeek2002' on page 1 undefined on input
 line 104.


Package natbib Warning: Citation `anderson1992' on page 1 undefined on input li
ne 104.


Package natbib Warning: Citation `anderson1992' on page 1 undefined on input li
ne 104.


Package natbib Warning: Citation `britton2010' on page 1 undefined on input lin
e 104.


Package natbib Warning: Citation `hethcote2000' on page 1 undefined on input li
ne 104.


Package natbib Warning: Citation `diekmann2009' on page 1 undefined on input li
ne 104.


Package natbib Warning: Citation `brown2016' on page 1 undefined on input line 
104.


Package natbib Warning: Citation `getz2006' on page 1 undefined on input line 1
06.


Package natbib Warning: Citation `li2011' on page 1 undefined on input line 106
.


Package natbib Warning: Citation `driessche2017' on page 1 undefined on input l
ine 106.


Package natbib Warning: Citation `Kermack700' on page 1 undefined on input line
 106.


Overfull \vbox (14.33348pt too high) has occurred while \output is active []


[1{/var/lib/texmf/fonts/map/pdftex/updmap/pdftex.map}

\openout3 = `sim_v1.pag'.

]

Package natbib Warning: Citation `britton2010' on page 2 undefined on input lin
e 112.


Package natbib Warning: Citation `cao1999' on page 2 undefined on input line 11
2.


Package natbib Warning: Citation `wasserman2004' on page 2 undefined on input l
ine 112.


Package natbib Warning: Citation `Kermack700' on page 2 undefined on input line
 120.

LaTeX Font Info:    Font shape `T1/stix/bx/n' in size <12> not available
(Font)              Font shape `T1/stix/b/n' tried instead on input line 123.

Package hyperref Warning: Token not allowed in a PDF string (PDFDocEncoding):
(hyperref)                removing `math shift' on input line 123.


Package hyperref Warning: Token not allowed in a PDF string (PDFDocEncoding):
(hyperref)                removing `subscript' on input line 123.


Package hyperref Warning: Token not allowed in a PDF string (PDFDocEncoding):
(hyperref)                removing `math shift' on input line 123.


Package natbib Warning: Citation `dietz1993estimation' on page 2 undefined on i
nput line 126.


Package natbib Warning: Citation `dietz1993estimation' on page 2 undefined on i
nput line 130.


Package natbib Warning: Citation `lash2003' on page 2 undefined on input line 1
36.


Package natbib Warning: Citation `epstein2007agent' on page 2 undefined on inpu
t line 136.


Package natbib Warning: Citation `capaldi2012' on page 2 undefined on input lin
e 136.

LaTeX Font Info:    Font shape `T1/stix/bx/n' in size <7> not available
(Font)              Font shape `T1/stix/b/n' tried instead on input line 137.
[2] [3]

Package natbib Warning: Citation `coelho2011' on page 4 undefined on input line
 150.


Package natbib Warning: Citation `coelho2011' on page 4 undefined on input line
 151.


Package natbib Warning: Citation `coelho2011' on page 4 undefined on input line
 152.


Package natbib Warning: Citation `blower1994' on page 4 undefined on input line
 153.


Package natbib Warning: Citation `nsubuga2014' on page 4 undefined on input lin
e 154.


Package natbib Warning: Citation `towers2016' on page 4 undefined on input line
 155.


Package natbib Warning: Citation `nishiura2016' on page 4 undefined on input li
ne 156.


Package natbib Warning: Citation `majumder2016' on page 4 undefined on input li
ne 157.


Package natbib Warning: Citation `zhang2017' on page 4 undefined on input line 
158.


Package natbib Warning: Citation `kucharski2016' on page 4 undefined on input l
ine 159.


Package natbib Warning: Citation `dinh2016' on page 4 undefined on input line 1
60.


Package natbib Warning: Citation `legrand2007' on page 4 undefined on input lin
e 161.


Package natbib Warning: Citation `althaus2014' on page 4 undefined on input lin
e 162.


Package natbib Warning: Citation `althaus2014' on page 4 undefined on input lin
e 163.


Package natbib Warning: Citation `althaus2014' on page 4 undefined on input lin
e 164.


Package natbib Warning: Citation `legrand2007' on page 4 undefined on input lin
e 165.


Package natbib Warning: Citation `fisman2014' on page 4 undefined on input line
 166.


Package natbib Warning: Citation `towers2014' on page 4 undefined on input line
 167.


Package natbib Warning: Citation `chowell2008' on page 4 undefined on input lin
e 169.


Package natbib Warning: Citation `bonabeau1998' on page 4 undefined on input li
ne 170.


Package natbib Warning: Citation `desilva2009' on page 4 undefined on input lin
e 171.


Package natbib Warning: Citation `desilva2009' on page 4 undefined on input lin
e 172.


Package natbib Warning: Citation `towers2009' on page 4 undefined on input line
 173.


Package natbib Warning: Citation `anderson1992' on page 4 undefined on input li
ne 174.


Package natbib Warning: Citation `anderson1992' on page 4 undefined on input li
ne 175.


Package natbib Warning: Citation `fraser2009' on page 4 undefined on input line
 176.


Package natbib Warning: Citation `anderson1992' on page 4 undefined on input li
ne 177.


Package natbib Warning: Citation `anderson1992' on page 4 undefined on input li
ne 178.


Package natbib Warning: Citation `anderson1992' on page 4 undefined on input li
ne 179.


Package natbib Warning: Citation `anderson1992' on page 4 undefined on input li
ne 180.


Overfull \hbox (161.28818pt too wide) has occurred while \output is active
[]
 []

[4]

Package natbib Warning: Citation `Kermack700' on page 5 undefined on input line
 193.


Package natbib Warning: Citation `lotka1920' on page 5 undefined on input line 
203.


Package natbib Warning: Citation `anderson1992' on page 5 undefined on input li
ne 203.

[5


]

Package natbib Warning: Citation `wasserman2004' on page 6 undefined on input l
ine 262.


Package hyperref Warning: Token not allowed in a PDF string (PDFDocEncoding):
(hyperref)                removing `math shift' on input line 277.


Package hyperref Warning: Token not allowed in a PDF string (PDFDocEncoding):
(hyperref)                removing `subscript' on input line 277.


Package hyperref Warning: Token not allowed in a PDF string (PDFDocEncoding):
(hyperref)                removing `math shift' on input line 277.


Package natbib Warning: Citation `cintronarias2009' on page 6 undefined on inpu
t line 279.

[6] [7]

Package natbib Warning: Citation `diekmann1990' on page 8 undefined on input li
ne 331.


Package natbib Warning: Citation `diekmann2009' on page 8 undefined on input li
ne 331.


Package natbib Warning: Citation `diekmann1990' on page 8 undefined on input li
ne 346.

[8]

Package hyperref Warning: Token not allowed in a PDF string (PDFDocEncoding):
(hyperref)                removing `math shift' on input line 370.


Package hyperref Warning: Token not allowed in a PDF string (PDFDocEncoding):
(hyperref)                removing `subscript' on input line 370.


Package hyperref Warning: Token not allowed in a PDF string (PDFDocEncoding):
(hyperref)                removing `math shift' on input line 370.


Package hyperref Warning: Token not allowed in a PDF string (PDFDocEncoding):
(hyperref)                removing `math shift' on input line 375.


Package hyperref Warning: Token not allowed in a PDF string (PDFDocEncoding):
(hyperref)                removing `\beta' on input line 375.


Package hyperref Warning: Token not allowed in a PDF string (PDFDocEncoding):
(hyperref)                removing `math shift' on input line 375.


Package hyperref Warning: Token not allowed in a PDF string (PDFDocEncoding):
(hyperref)                removing `math shift' on input line 375.


Package hyperref Warning: Token not allowed in a PDF string (PDFDocEncoding):
(hyperref)                removing `\gamma' on input line 375.


Package hyperref Warning: Token not allowed in a PDF string (PDFDocEncoding):
(hyperref)                removing `math shift' on input line 375.


Package natbib Warning: Citation `nelder-mead1965' on page 9 undefined on input
 line 386.

LaTeX Font Info:    Try loading font information for T1+cmtt on input line 390.

(/usr/share/texmf-dist/tex/latex/base/t1cmtt.fd
File: t1cmtt.fd 2014/09/29 v2.5h Standard LaTeX font definitions
)

Package natbib Warning: Citation `majumder2016' on page 9 undefined on input li
ne 390.


Package hyperref Warning: Token not allowed in a PDF string (PDFDocEncoding):
(hyperref)                removing `math shift' on input line 392.


Package hyperref Warning: Token not allowed in a PDF string (PDFDocEncoding):
(hyperref)                removing `subscript' on input line 392.


Package hyperref Warning: Token not allowed in a PDF string (PDFDocEncoding):
(hyperref)                removing `math shift' on input line 392.


Package hyperref Warning: Token not allowed in a PDF string (PDFDocEncoding):
(hyperref)                removing `math shift' on input line 392.


Package hyperref Warning: Token not allowed in a PDF string (PDFDocEncoding):
(hyperref)                removing `\gamma' on input line 392.


Package hyperref Warning: Token not allowed in a PDF string (PDFDocEncoding):
(hyperref)                removing `math shift' on input line 392.

[9]

Package natbib Warning: Citation `Nishiura2009' on page 10 undefined on input l
ine 454.

[10]

Package natbib Warning: Citation `harko2014exact' on page 11 undefined on input
 line 466.


Package natbib Warning: Citation `jacquez1991' on page 11 undefined on input li
ne 488.


Package natbib Warning: Citation `gani1995' on page 11 undefined on input line 
488.


Package natbib Warning: Citation `daley2001epidemic' on page 11 undefined on in
put line 488.


Package natbib Warning: Citation `abbey1952' on page 11 undefined on input line
 488.

[11]

Package natbib Warning: Citation `barbour2004' on page 12 undefined on input li
ne 498.


Package natbib Warning: Citation `abbey1952' on page 12 undefined on input line
 511.


Package natbib Warning: Citation `forsberg2008' on page 12 undefined on input l
ine 511.


Package natbib Warning: Citation `king2009' on page 12 undefined on input line 
511.


Package natbib Warning: Citation `bhadra2012' on page 12 undefined on input lin
e 511.

[12]

Package natbib Warning: Citation `bettencourt2008' on page 13 undefined on inpu
t line 562.


Package natbib Warning: Citation `obadia2012r0' on page 13 undefined on input l
ine 562.


Package natbib Warning: Citation `bauer2017' on page 13 undefined on input line
 572.


Package natbib Warning: Citation `wasserman2004' on page 13 undefined on input 
line 586.

[13]

Package natbib Warning: Citation `diekmann2009' on page 14 undefined on input l
ine 605.


Package natbib Warning: Citation `cao1999' on page 14 undefined on input line 6
20.


Package natbib Warning: Citation `cao1999' on page 14 undefined on input line 6
28.


Package natbib Warning: Citation `wasserman2004' on page 14 undefined on input 
line 632.

[14]

Package natbib Warning: Citation `friedman1984' on page 15 undefined on input l
ine 674.


Underfull \hbox (badness 1107) in paragraph at lines 687--689
\T1/stix/m/n/10.03749 This gives us a total of four error struc-tures for each 
set of con-di-tions (1) Gaus-sian (G), (2) Gaus-sian mono-tone -
 []

[15]

LaTeX Warning: No positions in optional float specifier.
               Default added (so using `tbp') on input line 746.


Underfull \vbox (badness 10000) has occurred while \output is active []

 [16]

Package hyperref Warning: Token not allowed in a PDF string (PDFDocEncoding):
(hyperref)                removing `math shift' on input line 845.


Package hyperref Warning: Token not allowed in a PDF string (PDFDocEncoding):
(hyperref)                removing `subscript' on input line 845.


Package hyperref Warning: Token not allowed in a PDF string (PDFDocEncoding):
(hyperref)                removing `math shift' on input line 845.


Underfull \vbox (badness 10000) has occurred while \output is active []

 [17]

Package hyperref Warning: Token not allowed in a PDF string (PDFDocEncoding):
(hyperref)                removing `math shift' on input line 959.


Package hyperref Warning: Token not allowed in a PDF string (PDFDocEncoding):
(hyperref)                removing `subscript' on input line 959.


Package hyperref Warning: Token not allowed in a PDF string (PDFDocEncoding):
(hyperref)                removing `math shift' on input line 959.

[18]

Package natbib Warning: Citation `cdc-fluview' on page 19 undefined on input li
ne 1053.


Package natbib Warning: Citation `towers2009' on page 19 undefined on input lin
e 1053.


Package natbib Warning: Citation `census-2010' on page 19 undefined on input li
ne 1053.


Package natbib Warning: Citation `vespignani2007' on page 19 undefined on input
 line 1053.


Package natbib Warning: Citation `towers2009' on page 19 undefined on input lin
e 1073.


Package natbib Warning: Citation `towers2009' on page 19 undefined on input lin
e 1073.


Package natbib Warning: Citation `towers2009' on page 19 undefined on input lin
e 1080.


Package natbib Warning: Citation `towers2009' on page 19 undefined on input lin
e 1080.


Package natbib Warning: Citation `towers2009' on page 19 undefined on input lin
e 1085.

[19]
LaTeX Font Info:    Try loading font information for OMS+stix on input line 115
8.
LaTeX Font Info:    No file OMSstix.fd. on input line 1158.


LaTeX Font Warning: Font shape `OMS/stix/m/n' undefined
(Font)              using `OMS/cmsy/m/n' instead
(Font)              for symbol `textbullet' on input line 1158.


AED: pageslts setting LastPage 
[20] [21] [22] [23] [24] [25] [26]

Package natbib Warning: There were undefined citations.


Overfull \hbox (13.0pt too wide) in paragraph at lines 1190--1190
[] [] 
 []

[27

]
Package atveryend Info: Empty hook `BeforeClearDocument' on input line 1190.
Package atveryend Info: Executing hook `AfterLastShipout' on input line 1190.
\c@pagesLTS.arabic.1.local.count=\count449
 
AED: pageslts setting VeryLastPage via AfterLastShipout 

AED: pageslts setting LastPages via AfterLastShipout 


Package pageslts Info: Total number of pages is odd.


(./sim_v1.aux)
Package atveryend Info: Executing hook `AtVeryEndDocument' on input line 1190.
Package atveryend Info: Executing hook `AtEndAfterFileList' on input line 1190.



LaTeX Font Warning: Some font shapes were not available, defaults substituted.

Package atveryend Info: Empty hook `AtVeryVeryEnd' on input line 1190.
 ) 
Here is how much of TeX's memory you used:
 36320 strings out of 492639
 657067 string characters out of 6135497
 786272 words of memory out of 5000000
 39562 multiletter control sequences out of 15000+600000
 657520 words of font info for 188 fonts, out of 8000000 for 9000
 1167 hyphenation exceptions out of 8191
 55i,17n,67p,1465b,873s stack positions out of 5000i,500n,10000p,200000b,80000s
{/usr/share/texmf-dist/fonts/enc/dvips/cm-super/cm-super-t1.enc}{/usr/share/t
exmf-dist/fonts/enc/dvips/stix/stix-t1.enc}</usr/share/texmf-dist/fonts/type1/p
ublic/stix/STIXGeneral-Bold.pfb></usr/share/texmf-dist/fonts/type1/public/stix/
STIXGeneral-Italic.pfb></usr/share/texmf-dist/fonts/type1/public/stix/STIXGener
al-Regular.pfb></usr/share/texmf-dist/fonts/type1/public/amsfonts/cm/cmsy10.pfb
></usr/share/texmf-dist/fonts/type1/public/cm-super/sftt1000.pfb></usr/share/te
xmf-dist/fonts/type1/public/stix/stix-mathcal.pfb></usr/share/texmf-dist/fonts/
type1/public/stix/stix-mathex.pfb></usr/share/texmf-dist/fonts/type1/public/sti
x/stix-mathit.pfb></usr/share/texmf-dist/fonts/type1/public/stix/stix-mathrm-bo
ld.pfb></usr/share/texmf-dist/fonts/type1/public/stix/stix-mathrm.pfb></usr/sha
re/texmf-dist/fonts/type1/public/stix/stix-mathscr.pfb></usr/share/texmf-dist/f
onts/type1/public/stix/stix-mathsf.pfb>
Output written on sim_v1.pdf (27 pages, 300567 bytes).
PDF statistics:
 425 PDF objects out of 1000 (max. 8388607)
 380 compressed objects within 4 object streams
 97 named destinations out of 1000 (max. 500000)
 269 words of extra memory for PDF output out of 10000 (max. 10000000)

