This is pdfTeX, Version 3.14159265-2.6-1.40.18 (TeX Live 2017/Arch Linux) (preloaded format=pdflatex 2018.3.5)  12 MAR 2018 11:12
entering extended mode
 restricted \write18 enabled.
 file:line:error style messages enabled.
 %&-line parsing enabled.
**\input draft_v8.tex
(./draft_v8.tex (/usr/share/texmf-dist/tex/latex/base/article.cls
Document Class: article 2014/09/29 v1.4h Standard LaTeX document class
(/usr/share/texmf-dist/tex/latex/base/size12.clo
File: size12.clo 2014/09/29 v1.4h Standard LaTeX file (size option)
)
\c@part=\count79
\c@section=\count80
\c@subsection=\count81
\c@subsubsection=\count82
\c@paragraph=\count83
\c@subparagraph=\count84
\c@figure=\count85
\c@table=\count86
\abovecaptionskip=\skip41
\belowcaptionskip=\skip42
\bibindent=\dimen102
)
(/usr/share/texmf-dist/tex/latex/geometry/geometry.sty
Package: geometry 2010/09/12 v5.6 Page Geometry

(/usr/share/texmf-dist/tex/latex/graphics/keyval.sty
Package: keyval 2014/10/28 v1.15 key=value parser (DPC)
\KV@toks@=\toks14
)
(/usr/share/texmf-dist/tex/generic/oberdiek/ifpdf.sty
Package: ifpdf 2017/03/15 v3.2 Provides the ifpdf switch
)
(/usr/share/texmf-dist/tex/generic/oberdiek/ifvtex.sty
Package: ifvtex 2016/05/16 v1.6 Detect VTeX and its facilities (HO)
Package ifvtex Info: VTeX not detected.
)
(/usr/share/texmf-dist/tex/generic/ifxetex/ifxetex.sty
Package: ifxetex 2010/09/12 v0.6 Provides ifxetex conditional
)
\Gm@cnth=\count87
\Gm@cntv=\count88
\c@Gm@tempcnt=\count89
\Gm@bindingoffset=\dimen103
\Gm@wd@mp=\dimen104
\Gm@odd@mp=\dimen105
\Gm@even@mp=\dimen106
\Gm@layoutwidth=\dimen107
\Gm@layoutheight=\dimen108
\Gm@layouthoffset=\dimen109
\Gm@layoutvoffset=\dimen110
\Gm@dimlist=\toks15
)
(/usr/share/texmf-dist/tex/latex/amsmath/amsmath.sty
Package: amsmath 2017/09/02 v2.17a AMS math features
\@mathmargin=\skip43

For additional information on amsmath, use the `?' option.
(/usr/share/texmf-dist/tex/latex/amsmath/amstext.sty
Package: amstext 2000/06/29 v2.01 AMS text

(/usr/share/texmf-dist/tex/latex/amsmath/amsgen.sty
File: amsgen.sty 1999/11/30 v2.0 generic functions
\@emptytoks=\toks16
\ex@=\dimen111
))
(/usr/share/texmf-dist/tex/latex/amsmath/amsbsy.sty
Package: amsbsy 1999/11/29 v1.2d Bold Symbols
\pmbraise@=\dimen112
)
(/usr/share/texmf-dist/tex/latex/amsmath/amsopn.sty
Package: amsopn 2016/03/08 v2.02 operator names
)
\inf@bad=\count90
LaTeX Info: Redefining \frac on input line 213.
\uproot@=\count91
\leftroot@=\count92
LaTeX Info: Redefining \overline on input line 375.
\classnum@=\count93
\DOTSCASE@=\count94
LaTeX Info: Redefining \ldots on input line 472.
LaTeX Info: Redefining \dots on input line 475.
LaTeX Info: Redefining \cdots on input line 596.
\Mathstrutbox@=\box26
\strutbox@=\box27
\big@size=\dimen113
LaTeX Font Info:    Redeclaring font encoding OML on input line 712.
LaTeX Font Info:    Redeclaring font encoding OMS on input line 713.
\macc@depth=\count95
\c@MaxMatrixCols=\count96
\dotsspace@=\muskip10
\c@parentequation=\count97
\dspbrk@lvl=\count98
\tag@help=\toks17
\row@=\count99
\column@=\count100
\maxfields@=\count101
\andhelp@=\toks18
\eqnshift@=\dimen114
\alignsep@=\dimen115
\tagshift@=\dimen116
\tagwidth@=\dimen117
\totwidth@=\dimen118
\lineht@=\dimen119
\@envbody=\toks19
\multlinegap=\skip44
\multlinetaggap=\skip45
\mathdisplay@stack=\toks20
LaTeX Info: Redefining \[ on input line 2817.
LaTeX Info: Redefining \] on input line 2818.
)
(/usr/share/texmf-dist/tex/latex/graphics/graphicx.sty
Package: graphicx 2017/06/01 v1.1a Enhanced LaTeX Graphics (DPC,SPQR)

(/usr/share/texmf-dist/tex/latex/graphics/graphics.sty
Package: graphics 2017/06/25 v1.2c Standard LaTeX Graphics (DPC,SPQR)

(/usr/share/texmf-dist/tex/latex/graphics/trig.sty
Package: trig 2016/01/03 v1.10 sin cos tan (DPC)
)
(/usr/share/texmf-dist/tex/latex/graphics-cfg/graphics.cfg
File: graphics.cfg 2016/06/04 v1.11 sample graphics configuration
)
Package graphics Info: Driver file: pdftex.def on input line 99.

(/usr/share/texmf-dist/tex/latex/graphics-def/pdftex.def
File: pdftex.def 2018/01/08 v1.0l Graphics/color driver for pdftex
))
\Gin@req@height=\dimen120
\Gin@req@width=\dimen121
)
(/usr/share/texmf-dist/tex/generic/systeme/systeme.sty
(/usr/share/texmf-dist/tex/generic/xstring/xstring.sty
(/usr/share/texmf-dist/tex/generic/xstring/xstring.tex
\@xs@message=\write3
\integerpart=\count102
\decimalpart=\count103
)
Package: xstring 2013/10/13  v1.7c  String manipulations (C Tellechea)
)
(/usr/share/texmf-dist/tex/generic/systeme/systeme.tex
\SYS@systemecode=\toks21
\SYS@systempreamble=\toks22
\SYSeqnum=\count104
)
Package: systeme 2018/01/01 v0.31 Mise en forme de systemes d'equations (CT)
)
(/usr/share/texmf-dist/tex/latex/booktabs/booktabs.sty
Package: booktabs 2016/04/27 v1.618033 publication quality tables
\heavyrulewidth=\dimen122
\lightrulewidth=\dimen123
\cmidrulewidth=\dimen124
\belowrulesep=\dimen125
\belowbottomsep=\dimen126
\aboverulesep=\dimen127
\abovetopsep=\dimen128
\cmidrulesep=\dimen129
\cmidrulekern=\dimen130
\defaultaddspace=\dimen131
\@cmidla=\count105
\@cmidlb=\count106
\@aboverulesep=\dimen132
\@belowrulesep=\dimen133
\@thisruleclass=\count107
\@lastruleclass=\count108
\@thisrulewidth=\dimen134
)
(/usr/share/texmf-dist/tex/latex/xcolor/xcolor.sty
Package: xcolor 2016/05/11 v2.12 LaTeX color extensions (UK)

(/usr/share/texmf-dist/tex/latex/graphics-cfg/color.cfg
File: color.cfg 2016/01/02 v1.6 sample color configuration
)
Package xcolor Info: Driver file: pdftex.def on input line 225.

(/usr/share/texmf-dist/tex/latex/colortbl/colortbl.sty
Package: colortbl 2012/02/13 v1.0a Color table columns (DPC)

(/usr/share/texmf-dist/tex/latex/tools/array.sty
Package: array 2016/10/06 v2.4d Tabular extension package (FMi)
\col@sep=\dimen135
\extrarowheight=\dimen136
\NC@list=\toks23
\extratabsurround=\skip46
\backup@length=\skip47
)
\everycr=\toks24
\minrowclearance=\skip48
)
\rownum=\count109
Package xcolor Info: Model `cmy' substituted by `cmy0' on input line 1348.
Package xcolor Info: Model `hsb' substituted by `rgb' on input line 1352.
Package xcolor Info: Model `RGB' extended on input line 1364.
Package xcolor Info: Model `HTML' substituted by `rgb' on input line 1366.
Package xcolor Info: Model `Hsb' substituted by `hsb' on input line 1367.
Package xcolor Info: Model `tHsb' substituted by `hsb' on input line 1368.
Package xcolor Info: Model `HSB' substituted by `hsb' on input line 1369.
Package xcolor Info: Model `Gray' substituted by `gray' on input line 1370.
Package xcolor Info: Model `wave' substituted by `hsb' on input line 1371.
)
(/usr/share/texmf-dist/tex/latex/float/float.sty
Package: float 2001/11/08 v1.3d Float enhancements (AL)
\c@float@type=\count110
\float@exts=\toks25
\float@box=\box28
\@float@everytoks=\toks26
\@floatcapt=\box29
)
(/usr/share/texmf-dist/tex/latex/natbib/natbib.sty
Package: natbib 2010/09/13 8.31b (PWD, AO)
\bibhang=\skip49
\bibsep=\skip50
LaTeX Info: Redefining \cite on input line 694.
\c@NAT@ctr=\count111
)
(/usr/share/texmf-dist/tex/latex/pgf/frontendlayer/tikz.sty
(/usr/share/texmf-dist/tex/latex/pgf/basiclayer/pgf.sty
(/usr/share/texmf-dist/tex/latex/pgf/utilities/pgfrcs.sty
(/usr/share/texmf-dist/tex/generic/pgf/utilities/pgfutil-common.tex
\pgfutil@everybye=\toks27
\pgfutil@tempdima=\dimen137
\pgfutil@tempdimb=\dimen138

(/usr/share/texmf-dist/tex/generic/pgf/utilities/pgfutil-common-lists.tex))
(/usr/share/texmf-dist/tex/generic/pgf/utilities/pgfutil-latex.def
\pgfutil@abb=\box30

(/usr/share/texmf-dist/tex/latex/ms/everyshi.sty
Package: everyshi 2001/05/15 v3.00 EveryShipout Package (MS)
))
(/usr/share/texmf-dist/tex/generic/pgf/utilities/pgfrcs.code.tex
Package: pgfrcs 2015/08/07 v3.0.1a (rcs-revision 1.31)
))
Package: pgf 2015/08/07 v3.0.1a (rcs-revision 1.15)

(/usr/share/texmf-dist/tex/latex/pgf/basiclayer/pgfcore.sty
(/usr/share/texmf-dist/tex/latex/pgf/systemlayer/pgfsys.sty
(/usr/share/texmf-dist/tex/generic/pgf/systemlayer/pgfsys.code.tex
Package: pgfsys 2014/07/09 v3.0.1a (rcs-revision 1.48)

(/usr/share/texmf-dist/tex/generic/pgf/utilities/pgfkeys.code.tex
\pgfkeys@pathtoks=\toks28
\pgfkeys@temptoks=\toks29

(/usr/share/texmf-dist/tex/generic/pgf/utilities/pgfkeysfiltered.code.tex
\pgfkeys@tmptoks=\toks30
))
\pgf@x=\dimen139
\pgf@y=\dimen140
\pgf@xa=\dimen141
\pgf@ya=\dimen142
\pgf@xb=\dimen143
\pgf@yb=\dimen144
\pgf@xc=\dimen145
\pgf@yc=\dimen146
\w@pgf@writea=\write4
\r@pgf@reada=\read1
\c@pgf@counta=\count112
\c@pgf@countb=\count113
\c@pgf@countc=\count114
\c@pgf@countd=\count115
\t@pgf@toka=\toks31
\t@pgf@tokb=\toks32
\t@pgf@tokc=\toks33

(/usr/share/texmf-dist/tex/generic/pgf/systemlayer/pgf.cfg
File: pgf.cfg 2008/05/14  (rcs-revision 1.7)
)
Driver file for pgf: pgfsys-pdftex.def

(/usr/share/texmf-dist/tex/generic/pgf/systemlayer/pgfsys-pdftex.def
File: pgfsys-pdftex.def 2014/10/11  (rcs-revision 1.35)

(/usr/share/texmf-dist/tex/generic/pgf/systemlayer/pgfsys-common-pdf.def
File: pgfsys-common-pdf.def 2013/10/10  (rcs-revision 1.13)
)))
(/usr/share/texmf-dist/tex/generic/pgf/systemlayer/pgfsyssoftpath.code.tex
File: pgfsyssoftpath.code.tex 2013/09/09  (rcs-revision 1.9)
\pgfsyssoftpath@smallbuffer@items=\count116
\pgfsyssoftpath@bigbuffer@items=\count117
)
(/usr/share/texmf-dist/tex/generic/pgf/systemlayer/pgfsysprotocol.code.tex
File: pgfsysprotocol.code.tex 2006/10/16  (rcs-revision 1.4)
))
(/usr/share/texmf-dist/tex/generic/pgf/basiclayer/pgfcore.code.tex
Package: pgfcore 2010/04/11 v3.0.1a (rcs-revision 1.7)

(/usr/share/texmf-dist/tex/generic/pgf/math/pgfmath.code.tex
(/usr/share/texmf-dist/tex/generic/pgf/math/pgfmathcalc.code.tex
(/usr/share/texmf-dist/tex/generic/pgf/math/pgfmathutil.code.tex)
(/usr/share/texmf-dist/tex/generic/pgf/math/pgfmathparser.code.tex
\pgfmath@dimen=\dimen147
\pgfmath@count=\count118
\pgfmath@box=\box31
\pgfmath@toks=\toks34
\pgfmath@stack@operand=\toks35
\pgfmath@stack@operation=\toks36
)
(/usr/share/texmf-dist/tex/generic/pgf/math/pgfmathfunctions.code.tex
(/usr/share/texmf-dist/tex/generic/pgf/math/pgfmathfunctions.basic.code.tex)
(/usr/share/texmf-dist/tex/generic/pgf/math/pgfmathfunctions.trigonometric.code
.tex)
(/usr/share/texmf-dist/tex/generic/pgf/math/pgfmathfunctions.random.code.tex)
(/usr/share/texmf-dist/tex/generic/pgf/math/pgfmathfunctions.comparison.code.te
x) (/usr/share/texmf-dist/tex/generic/pgf/math/pgfmathfunctions.base.code.tex)
(/usr/share/texmf-dist/tex/generic/pgf/math/pgfmathfunctions.round.code.tex)
(/usr/share/texmf-dist/tex/generic/pgf/math/pgfmathfunctions.misc.code.tex)
(/usr/share/texmf-dist/tex/generic/pgf/math/pgfmathfunctions.integerarithmetics
.code.tex))) (/usr/share/texmf-dist/tex/generic/pgf/math/pgfmathfloat.code.tex
\c@pgfmathroundto@lastzeros=\count119
)) (/usr/share/texmf-dist/tex/generic/pgf/basiclayer/pgfcorepoints.code.tex
File: pgfcorepoints.code.tex 2013/10/07  (rcs-revision 1.27)
\pgf@picminx=\dimen148
\pgf@picmaxx=\dimen149
\pgf@picminy=\dimen150
\pgf@picmaxy=\dimen151
\pgf@pathminx=\dimen152
\pgf@pathmaxx=\dimen153
\pgf@pathminy=\dimen154
\pgf@pathmaxy=\dimen155
\pgf@xx=\dimen156
\pgf@xy=\dimen157
\pgf@yx=\dimen158
\pgf@yy=\dimen159
\pgf@zx=\dimen160
\pgf@zy=\dimen161
)
(/usr/share/texmf-dist/tex/generic/pgf/basiclayer/pgfcorepathconstruct.code.tex
File: pgfcorepathconstruct.code.tex 2013/10/07  (rcs-revision 1.29)
\pgf@path@lastx=\dimen162
\pgf@path@lasty=\dimen163
) (/usr/share/texmf-dist/tex/generic/pgf/basiclayer/pgfcorepathusage.code.tex
File: pgfcorepathusage.code.tex 2014/11/02  (rcs-revision 1.24)
\pgf@shorten@end@additional=\dimen164
\pgf@shorten@start@additional=\dimen165
)
(/usr/share/texmf-dist/tex/generic/pgf/basiclayer/pgfcorescopes.code.tex
File: pgfcorescopes.code.tex 2015/05/08  (rcs-revision 1.46)
\pgfpic=\box32
\pgf@hbox=\box33
\pgf@layerbox@main=\box34
\pgf@picture@serial@count=\count120
)
(/usr/share/texmf-dist/tex/generic/pgf/basiclayer/pgfcoregraphicstate.code.tex
File: pgfcoregraphicstate.code.tex 2014/11/02  (rcs-revision 1.12)
\pgflinewidth=\dimen166
)
(/usr/share/texmf-dist/tex/generic/pgf/basiclayer/pgfcoretransformations.code.t
ex
File: pgfcoretransformations.code.tex 2015/08/07  (rcs-revision 1.20)
\pgf@pt@x=\dimen167
\pgf@pt@y=\dimen168
\pgf@pt@temp=\dimen169
) (/usr/share/texmf-dist/tex/generic/pgf/basiclayer/pgfcorequick.code.tex
File: pgfcorequick.code.tex 2008/10/09  (rcs-revision 1.3)
)
(/usr/share/texmf-dist/tex/generic/pgf/basiclayer/pgfcoreobjects.code.tex
File: pgfcoreobjects.code.tex 2006/10/11  (rcs-revision 1.2)
)
(/usr/share/texmf-dist/tex/generic/pgf/basiclayer/pgfcorepathprocessing.code.te
x
File: pgfcorepathprocessing.code.tex 2013/09/09  (rcs-revision 1.9)
) (/usr/share/texmf-dist/tex/generic/pgf/basiclayer/pgfcorearrows.code.tex
File: pgfcorearrows.code.tex 2015/05/14  (rcs-revision 1.43)
\pgfarrowsep=\dimen170
)
(/usr/share/texmf-dist/tex/generic/pgf/basiclayer/pgfcoreshade.code.tex
File: pgfcoreshade.code.tex 2013/07/15  (rcs-revision 1.15)
\pgf@max=\dimen171
\pgf@sys@shading@range@num=\count121
)
(/usr/share/texmf-dist/tex/generic/pgf/basiclayer/pgfcoreimage.code.tex
File: pgfcoreimage.code.tex 2013/07/15  (rcs-revision 1.18)

(/usr/share/texmf-dist/tex/generic/pgf/basiclayer/pgfcoreexternal.code.tex
File: pgfcoreexternal.code.tex 2014/07/09  (rcs-revision 1.21)
\pgfexternal@startupbox=\box35
))
(/usr/share/texmf-dist/tex/generic/pgf/basiclayer/pgfcorelayers.code.tex
File: pgfcorelayers.code.tex 2013/07/18  (rcs-revision 1.7)
)
(/usr/share/texmf-dist/tex/generic/pgf/basiclayer/pgfcoretransparency.code.tex
File: pgfcoretransparency.code.tex 2013/09/30  (rcs-revision 1.5)
) (/usr/share/texmf-dist/tex/generic/pgf/basiclayer/pgfcorepatterns.code.tex
File: pgfcorepatterns.code.tex 2013/11/07  (rcs-revision 1.5)
)))
(/usr/share/texmf-dist/tex/generic/pgf/modules/pgfmoduleshapes.code.tex
File: pgfmoduleshapes.code.tex 2014/03/21  (rcs-revision 1.35)
\pgfnodeparttextbox=\box36
)
(/usr/share/texmf-dist/tex/generic/pgf/modules/pgfmoduleplot.code.tex
File: pgfmoduleplot.code.tex 2015/08/03  (rcs-revision 1.13)
)
(/usr/share/texmf-dist/tex/latex/pgf/compatibility/pgfcomp-version-0-65.sty
Package: pgfcomp-version-0-65 2007/07/03 v3.0.1a (rcs-revision 1.7)
\pgf@nodesepstart=\dimen172
\pgf@nodesepend=\dimen173
)
(/usr/share/texmf-dist/tex/latex/pgf/compatibility/pgfcomp-version-1-18.sty
Package: pgfcomp-version-1-18 2007/07/23 v3.0.1a (rcs-revision 1.1)
))
(/usr/share/texmf-dist/tex/latex/pgf/utilities/pgffor.sty
(/usr/share/texmf-dist/tex/latex/pgf/utilities/pgfkeys.sty
(/usr/share/texmf-dist/tex/generic/pgf/utilities/pgfkeys.code.tex))
(/usr/share/texmf-dist/tex/latex/pgf/math/pgfmath.sty
(/usr/share/texmf-dist/tex/generic/pgf/math/pgfmath.code.tex))
(/usr/share/texmf-dist/tex/generic/pgf/utilities/pgffor.code.tex
Package: pgffor 2013/12/13 v3.0.1a (rcs-revision 1.25)

(/usr/share/texmf-dist/tex/generic/pgf/math/pgfmath.code.tex)
\pgffor@iter=\dimen174
\pgffor@skip=\dimen175
\pgffor@stack=\toks37
\pgffor@toks=\toks38
))
(/usr/share/texmf-dist/tex/generic/pgf/frontendlayer/tikz/tikz.code.tex
Package: tikz 2015/08/07 v3.0.1a (rcs-revision 1.151)

(/usr/share/texmf-dist/tex/generic/pgf/libraries/pgflibraryplothandlers.code.te
x
File: pgflibraryplothandlers.code.tex 2013/08/31 v3.0.1a (rcs-revision 1.20)
\pgf@plot@mark@count=\count122
\pgfplotmarksize=\dimen176
)
\tikz@lastx=\dimen177
\tikz@lasty=\dimen178
\tikz@lastxsaved=\dimen179
\tikz@lastysaved=\dimen180
\tikzleveldistance=\dimen181
\tikzsiblingdistance=\dimen182
\tikz@figbox=\box37
\tikz@figbox@bg=\box38
\tikz@tempbox=\box39
\tikz@tempbox@bg=\box40
\tikztreelevel=\count123
\tikznumberofchildren=\count124
\tikznumberofcurrentchild=\count125
\tikz@fig@count=\count126
 (/usr/share/texmf-dist/tex/generic/pgf/modules/pgfmodulematrix.code.tex
File: pgfmodulematrix.code.tex 2013/09/17  (rcs-revision 1.8)
\pgfmatrixcurrentrow=\count127
\pgfmatrixcurrentcolumn=\count128
\pgf@matrix@numberofcolumns=\count129
)
\tikz@expandcount=\count130

(/usr/share/texmf-dist/tex/generic/pgf/frontendlayer/tikz/libraries/tikzlibrary
topaths.code.tex
File: tikzlibrarytopaths.code.tex 2008/06/17 v3.0.1a (rcs-revision 1.2)
)))
(/usr/share/texmf-dist/tex/generic/pgf/frontendlayer/tikz/libraries/tikzlibrary
arrows.code.tex
File: tikzlibraryarrows.code.tex 2008/01/09 v3.0.1a (rcs-revision 1.1)

(/usr/share/texmf-dist/tex/generic/pgf/libraries/pgflibraryarrows.code.tex
File: pgflibraryarrows.code.tex 2013/09/23 v3.0.1a (rcs-revision 1.16)
\arrowsize=\dimen183
))
(/usr/share/texmf-dist/tex/generic/pgf/frontendlayer/tikz/libraries/tikzlibrary
automata.code.tex
File: tikzlibraryautomata.code.tex 2008/07/14 v3.0.1a (rcs-revision 1.3)

(/usr/share/texmf-dist/tex/generic/pgf/frontendlayer/tikz/libraries/tikzlibrary
shapes.multipart.code.tex
File: tikzlibraryshapes.multipart.code.tex 2008/01/09 v3.0.1a (rcs-revision 1.1
)

(/usr/share/texmf-dist/tex/generic/pgf/libraries/shapes/pgflibraryshapes.multip
art.code.tex
File: pgflibraryshapes.multipart.code.tex 2010/01/07 v3.0.1a (rcs-revision 1.2)

\pgfnodepartlowerbox=\box41
\pgfnodeparttwobox=\box42
\pgfnodepartthreebox=\box43
\pgfnodepartfourbox=\box44
\pgfnodeparttwentybox=\box45
\pgfnodepartnineteenbox=\box46
\pgfnodeparteighteenbox=\box47
\pgfnodepartseventeenbox=\box48
\pgfnodepartsixteenbox=\box49
\pgfnodepartfifteenbox=\box50
\pgfnodepartfourteenbox=\box51
\pgfnodepartthirteenbox=\box52
\pgfnodeparttwelvebox=\box53
\pgfnodepartelevenbox=\box54
\pgfnodeparttenbox=\box55
\pgfnodepartninebox=\box56
\pgfnodeparteightbox=\box57
\pgfnodepartsevenbox=\box58
\pgfnodepartsixbox=\box59
\pgfnodepartfivebox=\box60
))) (./draft_v8.aux)
\openout1 = `draft_v8.aux'.

LaTeX Font Info:    Checking defaults for OML/cmm/m/it on input line 42.
LaTeX Font Info:    ... okay on input line 42.
LaTeX Font Info:    Checking defaults for T1/cmr/m/n on input line 42.
LaTeX Font Info:    ... okay on input line 42.
LaTeX Font Info:    Checking defaults for OT1/cmr/m/n on input line 42.
LaTeX Font Info:    ... okay on input line 42.
LaTeX Font Info:    Checking defaults for OMS/cmsy/m/n on input line 42.
LaTeX Font Info:    ... okay on input line 42.
LaTeX Font Info:    Checking defaults for OMX/cmex/m/n on input line 42.
LaTeX Font Info:    ... okay on input line 42.
LaTeX Font Info:    Checking defaults for U/cmr/m/n on input line 42.
LaTeX Font Info:    ... okay on input line 42.

*geometry* driver: auto-detecting
*geometry* detected driver: pdftex
*geometry* verbose mode - [ preamble ] result:
* driver: pdftex
* paper: <default>
* layout: <same size as paper>
* layoutoffset:(h,v)=(0.0pt,0.0pt)
* modes: 
* h-part:(L,W,R)=(72.26999pt, 469.75502pt, 72.26999pt)
* v-part:(T,H,B)=(72.26999pt, 650.43001pt, 72.26999pt)
* \paperwidth=614.295pt
* \paperheight=794.96999pt
* \textwidth=469.75502pt
* \textheight=650.43001pt
* \oddsidemargin=0.0pt
* \evensidemargin=0.0pt
* \topmargin=-37.0pt
* \headheight=12.0pt
* \headsep=25.0pt
* \topskip=12.0pt
* \footskip=30.0pt
* \marginparwidth=44.0pt
* \marginparsep=10.0pt
* \columnsep=10.0pt
* \skip\footins=10.8pt plus 4.0pt minus 2.0pt
* \hoffset=0.0pt
* \voffset=0.0pt
* \mag=1000
* \@twocolumnfalse
* \@twosidefalse
* \@mparswitchfalse
* \@reversemarginfalse
* (1in=72.27pt=25.4mm, 1cm=28.453pt)

(/usr/share/texmf-dist/tex/context/base/mkii/supp-pdf.mkii
[Loading MPS to PDF converter (version 2006.09.02).]
\scratchcounter=\count131
\scratchdimen=\dimen184
\scratchbox=\box61
\nofMPsegments=\count132
\nofMParguments=\count133
\everyMPshowfont=\toks39
\MPscratchCnt=\count134
\MPscratchDim=\dimen185
\MPnumerator=\count135
\makeMPintoPDFobject=\count136
\everyMPtoPDFconversion=\toks40
) (/usr/share/texmf-dist/tex/latex/oberdiek/epstopdf-base.sty
Package: epstopdf-base 2016/05/15 v2.6 Base part for package epstopdf

(/usr/share/texmf-dist/tex/generic/oberdiek/infwarerr.sty
Package: infwarerr 2016/05/16 v1.4 Providing info/warning/error messages (HO)
)
(/usr/share/texmf-dist/tex/latex/oberdiek/grfext.sty
Package: grfext 2016/05/16 v1.2 Manage graphics extensions (HO)

(/usr/share/texmf-dist/tex/generic/oberdiek/kvdefinekeys.sty
Package: kvdefinekeys 2016/05/16 v1.4 Define keys (HO)

(/usr/share/texmf-dist/tex/generic/oberdiek/ltxcmds.sty
Package: ltxcmds 2016/05/16 v1.23 LaTeX kernel commands for general use (HO)
)))
(/usr/share/texmf-dist/tex/latex/oberdiek/kvoptions.sty
Package: kvoptions 2016/05/16 v3.12 Key value format for package options (HO)

(/usr/share/texmf-dist/tex/generic/oberdiek/kvsetkeys.sty
Package: kvsetkeys 2016/05/16 v1.17 Key value parser (HO)

(/usr/share/texmf-dist/tex/generic/oberdiek/etexcmds.sty
Package: etexcmds 2016/05/16 v1.6 Avoid name clashes with e-TeX commands (HO)

(/usr/share/texmf-dist/tex/generic/oberdiek/ifluatex.sty
Package: ifluatex 2016/05/16 v1.4 Provides the ifluatex switch (HO)
Package ifluatex Info: LuaTeX not detected.
)
Package etexcmds Info: Could not find \expanded.
(etexcmds)             That can mean that you are not using pdfTeX 1.50 or
(etexcmds)             that some package has redefined \expanded.
(etexcmds)             In the latter case, load this package earlier.
)))
(/usr/share/texmf-dist/tex/generic/oberdiek/pdftexcmds.sty
Package: pdftexcmds 2018/01/21 v0.26 Utility functions of pdfTeX for LuaTeX (HO
)
Package pdftexcmds Info: LuaTeX not detected.
Package pdftexcmds Info: \pdf@primitive is available.
Package pdftexcmds Info: \pdf@ifprimitive is available.
Package pdftexcmds Info: \pdfdraftmode found.
)
Package epstopdf-base Info: Redefining graphics rule for `.eps' on input line 4
38.
Package grfext Info: Graphics extension search list:
(grfext)             [.pdf,.png,.jpg,.mps,.jpeg,.jbig2,.jb2,.PDF,.PNG,.JPG,.JPE
G,.JBIG2,.JB2,.eps]
(grfext)             \AppendGraphicsExtensions on input line 456.

(/usr/share/texmf-dist/tex/latex/latexconfig/epstopdf-sys.cfg
File: epstopdf-sys.cfg 2010/07/13 v1.3 Configuration of (r)epstopdf for TeX Liv
e
))
ABD: EveryShipout initializing macros [1

{/var/lib/texmf/fonts/map/pdftex/updmap/pdftex.map}]

LaTeX Warning: `h' float specifier changed to `ht'.


LaTeX Warning: No positions in optional float specifier.
               Default added (so using `tbp') on input line 123.


Overfull \hbox (49.77443pt too wide) in paragraph at lines 125--146
 [][] 
 []

[2] [3] [4] [5] [6] [7] [8] [9] [10] [11] [12] [13] [14] [15] [16] [17]
[18] [19] [20] [21] [22] [23]
LaTeX Font Info:    Try loading font information for OMS+cmr on input line 768.

 (/usr/share/texmf-dist/tex/latex/base/omscmr.fd
File: omscmr.fd 2014/09/29 v2.5h Standard LaTeX font definitions
)
LaTeX Font Info:    Font shape `OMS/cmr/m/n' in size <12> not available
(Font)              Font shape `OMS/cmsy/m/n' tried instead on input line 768.

[24] [25] [26]
<BaselineFP.jpeg, id=104, 862.22125pt x 633.36626pt>
File: BaselineFP.jpeg Graphic file (type jpg)
<use BaselineFP.jpeg>
Package pdftex.def Info: BaselineFP.jpeg  used on input line 844.
(pdftex.def)             Requested size: 216.81pt x 159.2593pt.
<StartPopFP.jpeg, id=105, 862.22125pt x 633.36626pt>
File: StartPopFP.jpeg Graphic file (type jpg)
<use StartPopFP.jpeg>
Package pdftex.def Info: StartPopFP.jpeg  used on input line 847.
(pdftex.def)             Requested size: 216.81pt x 159.2593pt.

Overfull \hbox (20.23589pt too wide) in paragraph at lines 843--849
[]$[]$ $[]$ 
 []

<VarianceFP.jpeg, id=106, 862.22125pt x 633.36626pt>
File: VarianceFP.jpeg Graphic file (type jpg)
<use VarianceFP.jpeg>
Package pdftex.def Info: VarianceFP.jpeg  used on input line 852.
(pdftex.def)             Requested size: 216.81pt x 159.2593pt.
<OtherFP.jpeg, id=107, 862.22125pt x 633.36626pt>
File: OtherFP.jpeg Graphic file (type jpg)
<use OtherFP.jpeg>
Package pdftex.def Info: OtherFP.jpeg  used on input line 855.
(pdftex.def)             Requested size: 216.81pt x 159.2593pt.

Overfull \hbox (20.23589pt too wide) in paragraph at lines 851--857
[]$[]$ $[]$ 
 []

(./draft_v8.bbl [27 <./BaselineFP.jpeg> <./StartPopFP.jpeg> <./VarianceFP.jpeg>
 <./OtherFP.jpeg>]
Missing character: There is no â in font cmr12!
Missing character: There is no € in font cmr12!
Missing character: There is no “ in font cmr12!
 [28]
Missing character: There is no â in font cmr12!
Missing character: There is no € in font cmr12!
Missing character: There is no “ in font cmr12!
 [29]) [30]
Overfull \hbox (12.27084pt too wide) in paragraph at lines 888--905
[] []
 []


Underfull \hbox (badness 10000) in paragraph at lines 888--905

 []


Overfull \hbox (50.49968pt too wide) in paragraph at lines 914--929
[] []
 []


Underfull \hbox (badness 10000) in paragraph at lines 914--929

 []


Overfull \hbox (53.25154pt too wide) in paragraph at lines 936--961
[] []
 []


Underfull \hbox (badness 10000) in paragraph at lines 936--961

 []


Overfull \hbox (19.04861pt too wide) in paragraph at lines 970--989
[] []
 []


Underfull \hbox (badness 10000) in paragraph at lines 970--989

 []

[31]
Overfull \hbox (15.46526pt too wide) in paragraph at lines 1009--1026
[] []
 []


Underfull \hbox (badness 10000) in paragraph at lines 1009--1026

 []


Overfull \hbox (50.36076pt too wide) in paragraph at lines 1034--1049
[] []
 []


Underfull \hbox (badness 10000) in paragraph at lines 1034--1049

 []


Overfull \hbox (53.25154pt too wide) in paragraph at lines 1057--1082
[] []
 []


Underfull \hbox (badness 10000) in paragraph at lines 1057--1082

 []


Overfull \hbox (18.9097pt too wide) in paragraph at lines 1089--1108
[] []
 []


Underfull \hbox (badness 10000) in paragraph at lines 1089--1108

 []

[32]
Overfull \hbox (15.60417pt too wide) in paragraph at lines 1128--1145
[] []
 []


Underfull \hbox (badness 10000) in paragraph at lines 1128--1145

 []

[33]
Overfull \hbox (55.99977pt too wide) in paragraph at lines 1153--1168
[] []
 []


Underfull \hbox (badness 10000) in paragraph at lines 1153--1168

 []


Overfull \hbox (74.35472pt too wide) in paragraph at lines 1176--1201
[] []
 []


Underfull \hbox (badness 10000) in paragraph at lines 1176--1201

 []


Overfull \hbox (25.2431pt too wide) in paragraph at lines 1209--1228
[] []
 []


Underfull \hbox (badness 10000) in paragraph at lines 1209--1228

 []

[34]
Overfull \hbox (15.60417pt too wide) in paragraph at lines 1248--1265
[] []
 []


Underfull \hbox (badness 10000) in paragraph at lines 1248--1265

 []


Overfull \hbox (50.49968pt too wide) in paragraph at lines 1273--1288
[] []
 []


Underfull \hbox (badness 10000) in paragraph at lines 1273--1288

 []


Overfull \hbox (59.58495pt too wide) in paragraph at lines 1296--1321
[] []
 []


Underfull \hbox (badness 10000) in paragraph at lines 1296--1321

 []


Overfull \hbox (21.38199pt too wide) in paragraph at lines 1328--1347
[] []
 []


Underfull \hbox (badness 10000) in paragraph at lines 1328--1347

 []

[35]
Overfull \hbox (15.46526pt too wide) in paragraph at lines 1365--1382
[] []
 []


Underfull \hbox (badness 10000) in paragraph at lines 1365--1382

 []


Overfull \hbox (50.36076pt too wide) in paragraph at lines 1390--1405
[] []
 []


Underfull \hbox (badness 10000) in paragraph at lines 1390--1405

 []

[36]
Overfull \hbox (53.25154pt too wide) in paragraph at lines 1413--1438
[] []
 []


Underfull \hbox (badness 10000) in paragraph at lines 1413--1438

 []


Overfull \hbox (18.9097pt too wide) in paragraph at lines 1446--1465
[] []
 []


Underfull \hbox (badness 10000) in paragraph at lines 1446--1465

 []

[37]
Overfull \hbox (15.60417pt too wide) in paragraph at lines 1485--1502
[] []
 []


Underfull \hbox (badness 10000) in paragraph at lines 1485--1502

 []


Overfull \hbox (50.49968pt too wide) in paragraph at lines 1510--1525
[] []
 []


Underfull \hbox (badness 10000) in paragraph at lines 1510--1525

 []


Overfull \hbox (53.39046pt too wide) in paragraph at lines 1533--1558
[] []
 []


Underfull \hbox (badness 10000) in paragraph at lines 1533--1558

 []


Overfull \hbox (19.04861pt too wide) in paragraph at lines 1566--1585
[] []
 []


Underfull \hbox (badness 10000) in paragraph at lines 1566--1585

 []

[38]
Overfull \hbox (15.46526pt too wide) in paragraph at lines 1606--1623
[] []
 []


Underfull \hbox (badness 10000) in paragraph at lines 1606--1623

 []


Overfull \hbox (53.27753pt too wide) in paragraph at lines 1631--1646
[] []
 []


Underfull \hbox (badness 10000) in paragraph at lines 1631--1646

 []


Overfull \hbox (66.16833pt too wide) in paragraph at lines 1654--1679
[] []
 []


Underfull \hbox (badness 10000) in paragraph at lines 1654--1679

 []


Overfull \hbox (18.9097pt too wide) in paragraph at lines 1687--1706
[] []
 []


Underfull \hbox (badness 10000) in paragraph at lines 1687--1706

 []

[39]
Overfull \hbox (15.60417pt too wide) in paragraph at lines 1728--1745
[] []
 []


Underfull \hbox (badness 10000) in paragraph at lines 1728--1745

 []


Overfull \hbox (50.49968pt too wide) in paragraph at lines 1753--1768
[] []
 []


Underfull \hbox (badness 10000) in paragraph at lines 1753--1768

 []

[40]
Overfull \hbox (53.39046pt too wide) in paragraph at lines 1776--1801
[] []
 []


Underfull \hbox (badness 10000) in paragraph at lines 1776--1801

 []


Overfull \hbox (45.771pt too wide) in paragraph at lines 1809--1828
[] []
 []


Underfull \hbox (badness 10000) in paragraph at lines 1809--1828

 []


Overfull \hbox (12.13193pt too wide) in paragraph at lines 1848--1865
[] []
 []


Underfull \hbox (badness 10000) in paragraph at lines 1848--1865

 []

[41]
Overfull \hbox (50.49968pt too wide) in paragraph at lines 1873--1888
[] []
 []


Underfull \hbox (badness 10000) in paragraph at lines 1873--1888

 []


Overfull \hbox (53.39046pt too wide) in paragraph at lines 1895--1920
[] []
 []


Underfull \hbox (badness 10000) in paragraph at lines 1895--1920

 []


Overfull \hbox (19.04861pt too wide) in paragraph at lines 1928--1947
[] []
 []


Underfull \hbox (badness 10000) in paragraph at lines 1928--1947

 []

[42]
Overfull \hbox (15.60417pt too wide) in paragraph at lines 1965--1982
[] []
 []


Underfull \hbox (badness 10000) in paragraph at lines 1965--1982

 []


Overfull \hbox (57.83307pt too wide) in paragraph at lines 1990--2005
[] []
 []


Underfull \hbox (badness 10000) in paragraph at lines 1990--2005

 []


Overfull \hbox (71.69614pt too wide) in paragraph at lines 2013--2038
[] []
 []


Underfull \hbox (badness 10000) in paragraph at lines 2013--2038

 []


Overfull \hbox (69.96552pt too wide) in paragraph at lines 2046--2065
[] []
 []


Underfull \hbox (badness 10000) in paragraph at lines 2046--2065

 []

[43]
Overfull \hbox (12.27084pt too wide) in paragraph at lines 2087--2104
[] []
 []


Underfull \hbox (badness 10000) in paragraph at lines 2087--2104

 []


Overfull \hbox (50.49968pt too wide) in paragraph at lines 2112--2127
[] []
 []


Underfull \hbox (badness 10000) in paragraph at lines 2112--2127

 []

[44]
Overfull \hbox (53.39046pt too wide) in paragraph at lines 2134--2159
[] []
 []


Underfull \hbox (badness 10000) in paragraph at lines 2134--2159

 []


Overfull \hbox (19.04861pt too wide) in paragraph at lines 2167--2186
[] []
 []


Underfull \hbox (badness 10000) in paragraph at lines 2167--2186

 []

[45]
Overfull \hbox (12.27084pt too wide) in paragraph at lines 2208--2225
[] []
 []


Underfull \hbox (badness 10000) in paragraph at lines 2208--2225

 []


Overfull \hbox (50.49968pt too wide) in paragraph at lines 2233--2248
[] []
 []


Underfull \hbox (badness 10000) in paragraph at lines 2233--2248

 []


Overfull \hbox (74.25174pt too wide) in paragraph at lines 2256--2281
[] []
 []


Underfull \hbox (badness 10000) in paragraph at lines 2256--2281

 []


Overfull \hbox (20.24309pt too wide) in paragraph at lines 2289--2308
[] []
 []


Underfull \hbox (badness 10000) in paragraph at lines 2289--2308

 []

[46]
Overfull \hbox (12.27084pt too wide) in paragraph at lines 2332--2349
[] []
 []


Underfull \hbox (badness 10000) in paragraph at lines 2332--2349

 []


Overfull \hbox (50.49968pt too wide) in paragraph at lines 2357--2372
[] []
 []


Underfull \hbox (badness 10000) in paragraph at lines 2357--2372

 []

[47]
Overfull \hbox (53.39046pt too wide) in paragraph at lines 2379--2404
[] []
 []


Underfull \hbox (badness 10000) in paragraph at lines 2379--2404

 []


Overfull \hbox (19.04861pt too wide) in paragraph at lines 2412--2431
[] []
 []


Underfull \hbox (badness 10000) in paragraph at lines 2412--2431

 []

[48]
Overfull \hbox (12.27084pt too wide) in paragraph at lines 2451--2468
[] []
 []


Underfull \hbox (badness 10000) in paragraph at lines 2451--2468

 []


Overfull \hbox (50.49968pt too wide) in paragraph at lines 2476--2491
[] []
 []


Underfull \hbox (badness 10000) in paragraph at lines 2476--2491

 []


Overfull \hbox (58.39047pt too wide) in paragraph at lines 2498--2523
[] []
 []


Underfull \hbox (badness 10000) in paragraph at lines 2498--2523

 []


Overfull \hbox (29.04865pt too wide) in paragraph at lines 2531--2550
[] []
 []


Underfull \hbox (badness 10000) in paragraph at lines 2531--2550

 []

[49]
Overfull \hbox (15.60417pt too wide) in paragraph at lines 2574--2591
[] []
 []


Underfull \hbox (badness 10000) in paragraph at lines 2574--2591

 []


Overfull \hbox (50.49968pt too wide) in paragraph at lines 2599--2614
[] []
 []


Underfull \hbox (badness 10000) in paragraph at lines 2599--2614

 []

[50]
Overfull \hbox (53.39046pt too wide) in paragraph at lines 2621--2646
[] []
 []


Underfull \hbox (badness 10000) in paragraph at lines 2621--2646

 []


Overfull \hbox (19.04861pt too wide) in paragraph at lines 2654--2673
[] []
 []


Underfull \hbox (badness 10000) in paragraph at lines 2654--2673

 []

[51]
Overfull \hbox (12.13193pt too wide) in paragraph at lines 2697--2714
[] []
 []


Underfull \hbox (badness 10000) in paragraph at lines 2697--2714

 []


Overfull \hbox (50.49968pt too wide) in paragraph at lines 2722--2737
[] []
 []


Underfull \hbox (badness 10000) in paragraph at lines 2722--2737

 []


Overfull \hbox (53.25154pt too wide) in paragraph at lines 2745--2770
[] []
 []


Underfull \hbox (badness 10000) in paragraph at lines 2745--2770

 []


Overfull \hbox (23.04863pt too wide) in paragraph at lines 2778--2797
[] []
 []


Underfull \hbox (badness 10000) in paragraph at lines 2778--2797

 []

[52]
Overfull \hbox (15.60417pt too wide) in paragraph at lines 2819--2836
[] []
 []


Underfull \hbox (badness 10000) in paragraph at lines 2819--2836

 []


Overfull \hbox (50.49968pt too wide) in paragraph at lines 2844--2859
[] []
 []


Underfull \hbox (badness 10000) in paragraph at lines 2844--2859

 []


Overfull \hbox (53.39046pt too wide) in paragraph at lines 2866--2891
[] []
 []


Underfull \hbox (badness 10000) in paragraph at lines 2866--2891

 []

[53]
Overfull \hbox (19.04861pt too wide) in paragraph at lines 2899--2918
[] []
 []


Underfull \hbox (badness 10000) in paragraph at lines 2899--2918

 []


Overfull \hbox (12.27084pt too wide) in paragraph at lines 2938--2955
[] []
 []


Underfull \hbox (badness 10000) in paragraph at lines 2938--2955

 []

[54]
Overfull \hbox (50.49968pt too wide) in paragraph at lines 2963--2978
[] []
 []


Underfull \hbox (badness 10000) in paragraph at lines 2963--2978

 []


Overfull \hbox (53.39046pt too wide) in paragraph at lines 2985--3010
[] []
 []


Underfull \hbox (badness 10000) in paragraph at lines 2985--3010

 []


Overfull \hbox (19.04861pt too wide) in paragraph at lines 3018--3037
[] []
 []


Underfull \hbox (badness 10000) in paragraph at lines 3018--3037

 []

[55]
Overfull \hbox (12.13193pt too wide) in paragraph at lines 3063--3080
[] []
 []


Underfull \hbox (badness 10000) in paragraph at lines 3063--3080

 []


Overfull \hbox (50.49968pt too wide) in paragraph at lines 3088--3103
[] []
 []


Underfull \hbox (badness 10000) in paragraph at lines 3088--3103

 []


Overfull \hbox (53.25154pt too wide) in paragraph at lines 3110--3135
[] []
 []


Underfull \hbox (badness 10000) in paragraph at lines 3110--3135

 []

[56]
Overfull \hbox (23.04863pt too wide) in paragraph at lines 3143--3162
[] []
 []


Underfull \hbox (badness 10000) in paragraph at lines 3143--3162

 []

[57] (./draft_v8.aux) ) 
Here is how much of TeX's memory you used:
 14860 strings out of 492982
 299056 string characters out of 6138580
 365862 words of memory out of 5000000
 18136 multiletter control sequences out of 15000+600000
 13733 words of font info for 49 fonts, out of 8000000 for 9000
 1141 hyphenation exceptions out of 8191
 55i,15n,69p,1267b,1289s stack positions out of 5000i,500n,10000p,200000b,80000s
</usr/share/texmf-dist/fonts/type1/public/amsfonts/cm/cm
bx12.pfb></usr/share/texmf-dist/fonts/type1/public/amsfonts/cm/cmex10.pfb></usr
/share/texmf-dist/fonts/type1/public/amsfonts/cmextra/cmex8.pfb></usr/share/tex
mf-dist/fonts/type1/public/amsfonts/cm/cmmi10.pfb></usr/share/texmf-dist/fonts/
type1/public/amsfonts/cm/cmmi12.pfb></usr/share/texmf-dist/fonts/type1/public/a
msfonts/cm/cmmi6.pfb></usr/share/texmf-dist/fonts/type1/public/amsfonts/cm/cmmi
7.pfb></usr/share/texmf-dist/fonts/type1/public/amsfonts/cm/cmmi8.pfb></usr/sha
re/texmf-dist/fonts/type1/public/amsfonts/cm/cmr10.pfb></usr/share/texmf-dist/f
onts/type1/public/amsfonts/cm/cmr12.pfb></usr/share/texmf-dist/fonts/type1/publ
ic/amsfonts/cm/cmr17.pfb></usr/share/texmf-dist/fonts/type1/public/amsfonts/cm/
cmr6.pfb></usr/share/texmf-dist/fonts/type1/public/amsfonts/cm/cmr7.pfb></usr/s
hare/texmf-dist/fonts/type1/public/amsfonts/cm/cmr8.pfb></usr/share/texmf-dist/
fonts/type1/public/amsfonts/cm/cmsy10.pfb></usr/share/texmf-dist/fonts/type1/pu
blic/amsfonts/cm/cmsy6.pfb></usr/share/texmf-dist/fonts/type1/public/amsfonts/c
m/cmsy8.pfb></usr/share/texmf-dist/fonts/type1/public/amsfonts/cm/cmti12.pfb>
Output written on draft_v8.pdf (57 pages, 848126 bytes).
PDF statistics:
 268 PDF objects out of 1000 (max. 8388607)
 185 compressed objects within 2 object streams
 0 named destinations out of 1000 (max. 500000)
 33 words of extra memory for PDF output out of 10000 (max. 10000000)

